running egg_info
creating ../../../build/detector/detector.egg-info
writing ../../../build/detector/detector.egg-info/PKG-INFO
writing dependency_links to ../../../build/detector/detector.egg-info/dependency_links.txt
writing entry points to ../../../build/detector/detector.egg-info/entry_points.txt
writing requirements to ../../../build/detector/detector.egg-info/requires.txt
writing top-level names to ../../../build/detector/detector.egg-info/top_level.txt
writing manifest file '../../../build/detector/detector.egg-info/SOURCES.txt'
reading manifest file '../../../build/detector/detector.egg-info/SOURCES.txt'
writing manifest file '../../../build/detector/detector.egg-info/SOURCES.txt'
running build
running build_py
creating /home/jetson/Desktop/robot_dc/build/detector/build
creating /home/jetson/Desktop/robot_dc/build/detector/build/lib
creating /home/jetson/Desktop/robot_dc/build/detector/build/lib/detector
copying detector/detector_node.py -> /home/jetson/Desktop/robot_dc/build/detector/build/lib/detector
copying detector/__init__.py -> /home/jetson/Desktop/robot_dc/build/detector/build/lib/detector
running install
running install_lib
creating /home/jetson/Desktop/robot_dc/install/detector/lib/python3.10/site-packages/detector
copying /home/jetson/Desktop/robot_dc/build/detector/build/lib/detector/detector_node.py -> /home/jetson/Desktop/robot_dc/install/detector/lib/python3.10/site-packages/detector
copying /home/jetson/Desktop/robot_dc/build/detector/build/lib/detector/__init__.py -> /home/jetson/Desktop/robot_dc/install/detector/lib/python3.10/site-packages/detector
byte-compiling /home/jetson/Desktop/robot_dc/install/detector/lib/python3.10/site-packages/detector/detector_node.py to detector_node.cpython-310.pyc
byte-compiling /home/jetson/Desktop/robot_dc/install/detector/lib/python3.10/site-packages/detector/__init__.py to __init__.cpython-310.pyc
running install_data
creating /home/jetson/Desktop/robot_dc/install/detector/share/ament_index
creating /home/jetson/Desktop/robot_dc/install/detector/share/ament_index/resource_index
creating /home/jetson/Desktop/robot_dc/install/detector/share/ament_index/resource_index/packages
copying resource/detector -> /home/jetson/Desktop/robot_dc/install/detector/share/ament_index/resource_index/packages
copying package.xml -> /home/jetson/Desktop/robot_dc/install/detector/share/detector
running install_egg_info
Copying ../../../build/detector/detector.egg-info to /home/jetson/Desktop/robot_dc/install/detector/lib/python3.10/site-packages/detector-0.0.0-py3.10.egg-info
running install_scripts
Installing detector_node script to /home/jetson/Desktop/robot_dc/install/detector/lib/detector
writing list of installed files to '/home/jetson/Desktop/robot_dc/build/detector/install.log'
