[3.301s] Invoking command in '/home/jetson/Desktop/robot_dc/colcon_ws/src/detector': PYTHONPATH=/home/jetson/Desktop/robot_dc/build/detector/prefix_override:/usr/lib/python3/dist-packages/colcon_core/task/python/colcon_distutils_commands:/home/jetson/Desktop/robot_dc/install/detector/lib/python3.10/site-packages:${PYTHONPATH} /usr/bin/python3 -W ignore:setup.py install is deprecated -W ignore:easy_install command is deprecated setup.py egg_info --egg-base ../../../build/detector build --build-base /home/jetson/Desktop/robot_dc/build/detector/build install --record /home/jetson/Desktop/robot_dc/build/detector/install.log --single-version-externally-managed install_data
[3.870s] running egg_info
[3.871s] creating ../../../build/detector/detector.egg-info
[3.872s] writing ../../../build/detector/detector.egg-info/PKG-INFO
[3.873s] writing dependency_links to ../../../build/detector/detector.egg-info/dependency_links.txt
[3.874s] writing entry points to ../../../build/detector/detector.egg-info/entry_points.txt
[3.874s] writing requirements to ../../../build/detector/detector.egg-info/requires.txt
[3.875s] writing top-level names to ../../../build/detector/detector.egg-info/top_level.txt
[3.876s] writing manifest file '../../../build/detector/detector.egg-info/SOURCES.txt'
[3.880s] reading manifest file '../../../build/detector/detector.egg-info/SOURCES.txt'
[3.882s] writing manifest file '../../../build/detector/detector.egg-info/SOURCES.txt'
[3.883s] running build
[3.883s] running build_py
[3.883s] creating /home/jetson/Desktop/robot_dc/build/detector/build
[3.883s] creating /home/jetson/Desktop/robot_dc/build/detector/build/lib
[3.884s] creating /home/jetson/Desktop/robot_dc/build/detector/build/lib/detector
[3.884s] copying detector/detector_node.py -> /home/jetson/Desktop/robot_dc/build/detector/build/lib/detector
[3.885s] copying detector/__init__.py -> /home/jetson/Desktop/robot_dc/build/detector/build/lib/detector
[3.885s] running install
[3.886s] running install_lib
[3.888s] creating /home/jetson/Desktop/robot_dc/install/detector/lib/python3.10/site-packages/detector
[3.888s] copying /home/jetson/Desktop/robot_dc/build/detector/build/lib/detector/detector_node.py -> /home/jetson/Desktop/robot_dc/install/detector/lib/python3.10/site-packages/detector
[3.889s] copying /home/jetson/Desktop/robot_dc/build/detector/build/lib/detector/__init__.py -> /home/jetson/Desktop/robot_dc/install/detector/lib/python3.10/site-packages/detector
[3.890s] byte-compiling /home/jetson/Desktop/robot_dc/install/detector/lib/python3.10/site-packages/detector/detector_node.py to detector_node.cpython-310.pyc
[3.892s] byte-compiling /home/jetson/Desktop/robot_dc/install/detector/lib/python3.10/site-packages/detector/__init__.py to __init__.cpython-310.pyc
[3.892s] running install_data
[3.893s] creating /home/jetson/Desktop/robot_dc/install/detector/share/ament_index
[3.893s] creating /home/jetson/Desktop/robot_dc/install/detector/share/ament_index/resource_index
[3.893s] creating /home/jetson/Desktop/robot_dc/install/detector/share/ament_index/resource_index/packages
[3.893s] copying resource/detector -> /home/jetson/Desktop/robot_dc/install/detector/share/ament_index/resource_index/packages
[3.893s] copying package.xml -> /home/jetson/Desktop/robot_dc/install/detector/share/detector
[3.894s] running install_egg_info
[3.899s] Copying ../../../build/detector/detector.egg-info to /home/jetson/Desktop/robot_dc/install/detector/lib/python3.10/site-packages/detector-0.0.0-py3.10.egg-info
[3.900s] running install_scripts
[3.975s] Installing detector_node script to /home/jetson/Desktop/robot_dc/install/detector/lib/detector
[3.976s] writing list of installed files to '/home/jetson/Desktop/robot_dc/build/detector/install.log'
[4.063s] Invoked command in '/home/jetson/Desktop/robot_dc/colcon_ws/src/detector' returned '0': PYTHONPATH=/home/jetson/Desktop/robot_dc/build/detector/prefix_override:/usr/lib/python3/dist-packages/colcon_core/task/python/colcon_distutils_commands:/home/jetson/Desktop/robot_dc/install/detector/lib/python3.10/site-packages:${PYTHONPATH} /usr/bin/python3 -W ignore:setup.py install is deprecated -W ignore:easy_install command is deprecated setup.py egg_info --egg-base ../../../build/detector build --build-base /home/jetson/Desktop/robot_dc/build/detector/build install --record /home/jetson/Desktop/robot_dc/build/detector/install.log --single-version-externally-managed install_data
