[2.868s] Invoking command in '/home/jetson/Desktop/robot_dc/colcon_ws/src/robot_web': PYTHONPATH=/home/jetson/Desktop/robot_dc/build/robot_web/prefix_override:/usr/lib/python3/dist-packages/colcon_core/task/python/colcon_distutils_commands:/home/jetson/Desktop/robot_dc/install/robot_web/lib/python3.10/site-packages:${PYTHONPATH} /usr/bin/python3 -W ignore:setup.py install is deprecated -W ignore:easy_install command is deprecated setup.py egg_info --egg-base ../../../build/robot_web build --build-base /home/jetson/Desktop/robot_dc/build/robot_web/build install --record /home/jetson/Desktop/robot_dc/build/robot_web/install.log --single-version-externally-managed install_data
[3.450s] running egg_info
[3.452s] writing ../../../build/robot_web/robot_web.egg-info/PKG-INFO
[3.453s] writing dependency_links to ../../../build/robot_web/robot_web.egg-info/dependency_links.txt
[3.453s] writing entry points to ../../../build/robot_web/robot_web.egg-info/entry_points.txt
[3.454s] writing requirements to ../../../build/robot_web/robot_web.egg-info/requires.txt
[3.454s] writing top-level names to ../../../build/robot_web/robot_web.egg-info/top_level.txt
[3.459s] reading manifest file '../../../build/robot_web/robot_web.egg-info/SOURCES.txt'
[3.460s] writing manifest file '../../../build/robot_web/robot_web.egg-info/SOURCES.txt'
[3.460s] running build
[3.461s] running build_py
[3.462s] running install
[3.463s] running install_lib
[3.466s] running install_data
[3.467s] running install_egg_info
[3.472s] removing '/home/jetson/Desktop/robot_dc/install/robot_web/lib/python3.10/site-packages/robot_web-0.0.0-py3.10.egg-info' (and everything under it)
[3.472s] Copying ../../../build/robot_web/robot_web.egg-info to /home/jetson/Desktop/robot_dc/install/robot_web/lib/python3.10/site-packages/robot_web-0.0.0-py3.10.egg-info
[3.474s] running install_scripts
[3.527s] Installing ros_bridge script to /home/jetson/Desktop/robot_dc/install/robot_web/lib/robot_web
[3.528s] writing list of installed files to '/home/jetson/Desktop/robot_dc/build/robot_web/install.log'
[3.674s] Invoked command in '/home/jetson/Desktop/robot_dc/colcon_ws/src/robot_web' returned '0': PYTHONPATH=/home/jetson/Desktop/robot_dc/build/robot_web/prefix_override:/usr/lib/python3/dist-packages/colcon_core/task/python/colcon_distutils_commands:/home/jetson/Desktop/robot_dc/install/robot_web/lib/python3.10/site-packages:${PYTHONPATH} /usr/bin/python3 -W ignore:setup.py install is deprecated -W ignore:easy_install command is deprecated setup.py egg_info --egg-base ../../../build/robot_web build --build-base /home/jetson/Desktop/robot_dc/build/robot_web/build install --record /home/jetson/Desktop/robot_dc/build/robot_web/install.log --single-version-externally-managed install_data
