[2.874s] Invoking command in '/home/jetson/Desktop/robot_dc/colcon_ws/src/robot_teleop': PYTHONPATH=/home/jetson/Desktop/robot_dc/build/robot_teleop/prefix_override:/usr/lib/python3/dist-packages/colcon_core/task/python/colcon_distutils_commands:/home/jetson/Desktop/robot_dc/install/robot_teleop/lib/python3.10/site-packages:${PYTHONPATH} /usr/bin/python3 -W ignore:setup.py install is deprecated -W ignore:easy_install command is deprecated setup.py egg_info --egg-base ../../../build/robot_teleop build --build-base /home/jetson/Desktop/robot_dc/build/robot_teleop/build install --record /home/jetson/Desktop/robot_dc/build/robot_teleop/install.log --single-version-externally-managed install_data
[3.460s] running egg_info
[3.461s] writing ../../../build/robot_teleop/robot_teleop.egg-info/PKG-INFO
[3.462s] writing dependency_links to ../../../build/robot_teleop/robot_teleop.egg-info/dependency_links.txt
[3.463s] writing entry points to ../../../build/robot_teleop/robot_teleop.egg-info/entry_points.txt
[3.463s] writing requirements to ../../../build/robot_teleop/robot_teleop.egg-info/requires.txt
[3.463s] writing top-level names to ../../../build/robot_teleop/robot_teleop.egg-info/top_level.txt
[3.468s] reading manifest file '../../../build/robot_teleop/robot_teleop.egg-info/SOURCES.txt'
[3.470s] writing manifest file '../../../build/robot_teleop/robot_teleop.egg-info/SOURCES.txt'
[3.470s] running build
[3.471s] running build_py
[3.471s] running install
[3.471s] running install_lib
[3.475s] running install_data
[3.475s] running install_egg_info
[3.479s] removing '/home/jetson/Desktop/robot_dc/install/robot_teleop/lib/python3.10/site-packages/robot_teleop-0.0.1-py3.10.egg-info' (and everything under it)
[3.481s] Copying ../../../build/robot_teleop/robot_teleop.egg-info to /home/jetson/Desktop/robot_dc/install/robot_teleop/lib/python3.10/site-packages/robot_teleop-0.0.1-py3.10.egg-info
[3.483s] running install_scripts
[3.536s] Installing joystick_teleop script to /home/jetson/Desktop/robot_dc/install/robot_teleop/lib/robot_teleop
[3.538s] writing list of installed files to '/home/jetson/Desktop/robot_dc/build/robot_teleop/install.log'
[3.704s] Invoked command in '/home/jetson/Desktop/robot_dc/colcon_ws/src/robot_teleop' returned '0': PYTHONPATH=/home/jetson/Desktop/robot_dc/build/robot_teleop/prefix_override:/usr/lib/python3/dist-packages/colcon_core/task/python/colcon_distutils_commands:/home/jetson/Desktop/robot_dc/install/robot_teleop/lib/python3.10/site-packages:${PYTHONPATH} /usr/bin/python3 -W ignore:setup.py install is deprecated -W ignore:easy_install command is deprecated setup.py egg_info --egg-base ../../../build/robot_teleop build --build-base /home/jetson/Desktop/robot_dc/build/robot_teleop/build install --record /home/jetson/Desktop/robot_dc/build/robot_teleop/install.log --single-version-externally-managed install_data
