[2.791s] Invoking command in '/home/jetson/Desktop/robot_dc/colcon_ws/src/platform_controller': AMENT_PREFIX_PATH=/home/jetson/Desktop/robot_dc/install/modbus_devices:/home/jetson/Desktop/robot_dc/install/robot_web:/home/jetson/Desktop/robot_dc/install/robot_teleop:/home/jetson/Desktop/robot_dc/install/robot_bringup:/home/jetson/Desktop/robot_dc/install/platform_controller:/home/jetson/Desktop/robot_dc/install/modbus_driver:/home/jetson/Desktop/robot_dc/install/leadshine_motor:/home/jetson/Desktop/robot_dc/install/feetech_servo:/home/jetson/Desktop/robot_dc/install/detector:/opt/ros/humble PYTHONPATH=/home/jetson/Desktop/robot_dc/build/platform_controller/prefix_override:/usr/lib/python3/dist-packages/colcon_core/task/python/colcon_distutils_commands:/home/jetson/Desktop/robot_dc/install/platform_controller/lib/python3.10/site-packages:/home/jetson/Desktop/robot_dc/install/modbus_devices/lib/python3.10/site-packages:/home/jetson/Desktop/robot_dc/install/robot_web/lib/python3.10/site-packages:/home/jetson/Desktop/robot_dc/install/robot_teleop/lib/python3.10/site-packages:/home/jetson/Desktop/robot_dc/install/robot_bringup/lib/python3.10/site-packages:/home/jetson/Desktop/robot_dc/install/platform_controller/lib/python3.10/site-packages:/home/jetson/Desktop/robot_dc/install/modbus_driver/lib/python3.10/site-packages:/home/jetson/Desktop/robot_dc/install/modbus_driver_interfaces/local/lib/python3.10/dist-packages:/home/jetson/Desktop/robot_dc/install/leadshine_motor/lib/python3.10/site-packages:/home/jetson/Desktop/robot_dc/install/feetech_servo/lib/python3.10/site-packages:/home/jetson/Desktop/robot_dc/install/detector/lib/python3.10/site-packages:/opt/ros/humble/lib/python3.10/site-packages:/opt/ros/humble/local/lib/python3.10/dist-packages /usr/bin/python3 -W ignore:setup.py install is deprecated -W ignore:easy_install command is deprecated setup.py egg_info --egg-base ../../../build/platform_controller build --build-base /home/jetson/Desktop/robot_dc/build/platform_controller/build install --record /home/jetson/Desktop/robot_dc/build/platform_controller/install.log --single-version-externally-managed install_data
[3.363s] running egg_info
[3.365s] writing ../../../build/platform_controller/platform_controller.egg-info/PKG-INFO
[3.365s] writing dependency_links to ../../../build/platform_controller/platform_controller.egg-info/dependency_links.txt
[3.366s] writing entry points to ../../../build/platform_controller/platform_controller.egg-info/entry_points.txt
[3.366s] writing requirements to ../../../build/platform_controller/platform_controller.egg-info/requires.txt
[3.366s] writing top-level names to ../../../build/platform_controller/platform_controller.egg-info/top_level.txt
[3.370s] reading manifest file '../../../build/platform_controller/platform_controller.egg-info/SOURCES.txt'
[3.372s] writing manifest file '../../../build/platform_controller/platform_controller.egg-info/SOURCES.txt'
[3.373s] running build
[3.373s] running build_py
[3.373s] running install
[3.374s] running install_lib
[3.378s] running install_data
[3.378s] running install_egg_info
[3.382s] removing '/home/jetson/Desktop/robot_dc/install/platform_controller/lib/python3.10/site-packages/platform_controller-0.0.0-py3.10.egg-info' (and everything under it)
[3.383s] Copying ../../../build/platform_controller/platform_controller.egg-info to /home/jetson/Desktop/robot_dc/install/platform_controller/lib/python3.10/site-packages/platform_controller-0.0.0-py3.10.egg-info
[3.385s] running install_scripts
[3.435s] Installing platform_node script to /home/jetson/Desktop/robot_dc/install/platform_controller/lib/platform_controller
[3.436s] writing list of installed files to '/home/jetson/Desktop/robot_dc/build/platform_controller/install.log'
[3.513s] Invoked command in '/home/jetson/Desktop/robot_dc/colcon_ws/src/platform_controller' returned '0': AMENT_PREFIX_PATH=/home/jetson/Desktop/robot_dc/install/modbus_devices:/home/jetson/Desktop/robot_dc/install/robot_web:/home/jetson/Desktop/robot_dc/install/robot_teleop:/home/jetson/Desktop/robot_dc/install/robot_bringup:/home/jetson/Desktop/robot_dc/install/platform_controller:/home/jetson/Desktop/robot_dc/install/modbus_driver:/home/jetson/Desktop/robot_dc/install/leadshine_motor:/home/jetson/Desktop/robot_dc/install/feetech_servo:/home/jetson/Desktop/robot_dc/install/detector:/opt/ros/humble PYTHONPATH=/home/jetson/Desktop/robot_dc/build/platform_controller/prefix_override:/usr/lib/python3/dist-packages/colcon_core/task/python/colcon_distutils_commands:/home/jetson/Desktop/robot_dc/install/platform_controller/lib/python3.10/site-packages:/home/jetson/Desktop/robot_dc/install/modbus_devices/lib/python3.10/site-packages:/home/jetson/Desktop/robot_dc/install/robot_web/lib/python3.10/site-packages:/home/jetson/Desktop/robot_dc/install/robot_teleop/lib/python3.10/site-packages:/home/jetson/Desktop/robot_dc/install/robot_bringup/lib/python3.10/site-packages:/home/jetson/Desktop/robot_dc/install/platform_controller/lib/python3.10/site-packages:/home/jetson/Desktop/robot_dc/install/modbus_driver/lib/python3.10/site-packages:/home/jetson/Desktop/robot_dc/install/modbus_driver_interfaces/local/lib/python3.10/dist-packages:/home/jetson/Desktop/robot_dc/install/leadshine_motor/lib/python3.10/site-packages:/home/jetson/Desktop/robot_dc/install/feetech_servo/lib/python3.10/site-packages:/home/jetson/Desktop/robot_dc/install/detector/lib/python3.10/site-packages:/opt/ros/humble/lib/python3.10/site-packages:/opt/ros/humble/local/lib/python3.10/dist-packages /usr/bin/python3 -W ignore:setup.py install is deprecated -W ignore:easy_install command is deprecated setup.py egg_info --egg-base ../../../build/platform_controller build --build-base /home/jetson/Desktop/robot_dc/build/platform_controller/build install --record /home/jetson/Desktop/robot_dc/build/platform_controller/install.log --single-version-externally-managed install_data
