running egg_info
writing ../../../build/feetech_servo/feetech_servo.egg-info/PKG-INFO
writing dependency_links to ../../../build/feetech_servo/feetech_servo.egg-info/dependency_links.txt
writing entry points to ../../../build/feetech_servo/feetech_servo.egg-info/entry_points.txt
writing requirements to ../../../build/feetech_servo/feetech_servo.egg-info/requires.txt
writing top-level names to ../../../build/feetech_servo/feetech_servo.egg-info/top_level.txt
reading manifest file '../../../build/feetech_servo/feetech_servo.egg-info/SOURCES.txt'
writing manifest file '../../../build/feetech_servo/feetech_servo.egg-info/SOURCES.txt'
running build
running build_py
copying feetech_servo/servo_controller.py -> /home/jetson/Desktop/robot_dc/build/feetech_servo/build/lib/feetech_servo
running install
running install_lib
copying /home/jetson/Desktop/robot_dc/build/feetech_servo/build/lib/feetech_servo/servo_controller.py -> /home/jetson/Desktop/robot_dc/install/feetech_servo/lib/python3.10/site-packages/feetech_servo
byte-compiling /home/jetson/Desktop/robot_dc/install/feetech_servo/lib/python3.10/site-packages/feetech_servo/servo_controller.py to servo_controller.cpython-310.pyc
running install_data
running install_egg_info
removing '/home/jetson/Desktop/robot_dc/install/feetech_servo/lib/python3.10/site-packages/feetech_servo-0.0.0-py3.10.egg-info' (and everything under it)
Copying ../../../build/feetech_servo/feetech_servo.egg-info to /home/jetson/Desktop/robot_dc/install/feetech_servo/lib/python3.10/site-packages/feetech_servo-0.0.0-py3.10.egg-info
running install_scripts
Installing servo_node script to /home/jetson/Desktop/robot_dc/install/feetech_servo/lib/feetech_servo
writing list of installed files to '/home/jetson/Desktop/robot_dc/build/feetech_servo/install.log'
