[2.968s] Invoking command in '/home/jetson/Desktop/robot_dc/colcon_ws/src/feetech_servo': AMENT_PREFIX_PATH=/home/jetson/Desktop/robot_dc/install/modbus_devices:/home/jetson/Desktop/robot_dc/install/robot_web:/home/jetson/Desktop/robot_dc/install/robot_teleop:/home/jetson/Desktop/robot_dc/install/robot_bringup:/home/jetson/Desktop/robot_dc/install/platform_controller:/home/jetson/Desktop/robot_dc/install/modbus_driver:/home/jetson/Desktop/robot_dc/install/leadshine_motor:/home/jetson/Desktop/robot_dc/install/feetech_servo:/home/jetson/Desktop/robot_dc/install/detector:/opt/ros/humble PYTHONPATH=/home/jetson/Desktop/robot_dc/build/feetech_servo/prefix_override:/usr/lib/python3/dist-packages/colcon_core/task/python/colcon_distutils_commands:/home/jetson/Desktop/robot_dc/install/feetech_servo/lib/python3.10/site-packages:/home/jetson/Desktop/robot_dc/install/modbus_devices/lib/python3.10/site-packages:/home/jetson/Desktop/robot_dc/install/robot_web/lib/python3.10/site-packages:/home/jetson/Desktop/robot_dc/install/robot_teleop/lib/python3.10/site-packages:/home/jetson/Desktop/robot_dc/install/robot_bringup/lib/python3.10/site-packages:/home/jetson/Desktop/robot_dc/install/platform_controller/lib/python3.10/site-packages:/home/jetson/Desktop/robot_dc/install/modbus_driver/lib/python3.10/site-packages:/home/jetson/Desktop/robot_dc/install/modbus_driver_interfaces/local/lib/python3.10/dist-packages:/home/jetson/Desktop/robot_dc/install/leadshine_motor/lib/python3.10/site-packages:/home/jetson/Desktop/robot_dc/install/feetech_servo/lib/python3.10/site-packages:/home/jetson/Desktop/robot_dc/install/detector/lib/python3.10/site-packages:/opt/ros/humble/lib/python3.10/site-packages:/opt/ros/humble/local/lib/python3.10/dist-packages /usr/bin/python3 -W ignore:setup.py install is deprecated -W ignore:easy_install command is deprecated setup.py egg_info --egg-base ../../../build/feetech_servo build --build-base /home/jetson/Desktop/robot_dc/build/feetech_servo/build install --record /home/jetson/Desktop/robot_dc/build/feetech_servo/install.log --single-version-externally-managed install_data
[3.625s] running egg_info
[3.627s] writing ../../../build/feetech_servo/feetech_servo.egg-info/PKG-INFO
[3.628s] writing dependency_links to ../../../build/feetech_servo/feetech_servo.egg-info/dependency_links.txt
[3.628s] writing entry points to ../../../build/feetech_servo/feetech_servo.egg-info/entry_points.txt
[3.629s] writing requirements to ../../../build/feetech_servo/feetech_servo.egg-info/requires.txt
[3.629s] writing top-level names to ../../../build/feetech_servo/feetech_servo.egg-info/top_level.txt
[3.637s] reading manifest file '../../../build/feetech_servo/feetech_servo.egg-info/SOURCES.txt'
[3.639s] writing manifest file '../../../build/feetech_servo/feetech_servo.egg-info/SOURCES.txt'
[3.640s] running build
[3.640s] running build_py
[3.640s] copying feetech_servo/servo_controller.py -> /home/jetson/Desktop/robot_dc/build/feetech_servo/build/lib/feetech_servo
[3.641s] running install
[3.642s] running install_lib
[3.645s] copying /home/jetson/Desktop/robot_dc/build/feetech_servo/build/lib/feetech_servo/servo_controller.py -> /home/jetson/Desktop/robot_dc/install/feetech_servo/lib/python3.10/site-packages/feetech_servo
[3.647s] byte-compiling /home/jetson/Desktop/robot_dc/install/feetech_servo/lib/python3.10/site-packages/feetech_servo/servo_controller.py to servo_controller.cpython-310.pyc
[3.650s] running install_data
[3.650s] running install_egg_info
[3.658s] removing '/home/jetson/Desktop/robot_dc/install/feetech_servo/lib/python3.10/site-packages/feetech_servo-0.0.0-py3.10.egg-info' (and everything under it)
[3.659s] Copying ../../../build/feetech_servo/feetech_servo.egg-info to /home/jetson/Desktop/robot_dc/install/feetech_servo/lib/python3.10/site-packages/feetech_servo-0.0.0-py3.10.egg-info
[3.661s] running install_scripts
[3.720s] Installing servo_node script to /home/jetson/Desktop/robot_dc/install/feetech_servo/lib/feetech_servo
[3.722s] writing list of installed files to '/home/jetson/Desktop/robot_dc/build/feetech_servo/install.log'
[3.819s] Invoked command in '/home/jetson/Desktop/robot_dc/colcon_ws/src/feetech_servo' returned '0': AMENT_PREFIX_PATH=/home/jetson/Desktop/robot_dc/install/modbus_devices:/home/jetson/Desktop/robot_dc/install/robot_web:/home/jetson/Desktop/robot_dc/install/robot_teleop:/home/jetson/Desktop/robot_dc/install/robot_bringup:/home/jetson/Desktop/robot_dc/install/platform_controller:/home/jetson/Desktop/robot_dc/install/modbus_driver:/home/jetson/Desktop/robot_dc/install/leadshine_motor:/home/jetson/Desktop/robot_dc/install/feetech_servo:/home/jetson/Desktop/robot_dc/install/detector:/opt/ros/humble PYTHONPATH=/home/jetson/Desktop/robot_dc/build/feetech_servo/prefix_override:/usr/lib/python3/dist-packages/colcon_core/task/python/colcon_distutils_commands:/home/jetson/Desktop/robot_dc/install/feetech_servo/lib/python3.10/site-packages:/home/jetson/Desktop/robot_dc/install/modbus_devices/lib/python3.10/site-packages:/home/jetson/Desktop/robot_dc/install/robot_web/lib/python3.10/site-packages:/home/jetson/Desktop/robot_dc/install/robot_teleop/lib/python3.10/site-packages:/home/jetson/Desktop/robot_dc/install/robot_bringup/lib/python3.10/site-packages:/home/jetson/Desktop/robot_dc/install/platform_controller/lib/python3.10/site-packages:/home/jetson/Desktop/robot_dc/install/modbus_driver/lib/python3.10/site-packages:/home/jetson/Desktop/robot_dc/install/modbus_driver_interfaces/local/lib/python3.10/dist-packages:/home/jetson/Desktop/robot_dc/install/leadshine_motor/lib/python3.10/site-packages:/home/jetson/Desktop/robot_dc/install/feetech_servo/lib/python3.10/site-packages:/home/jetson/Desktop/robot_dc/install/detector/lib/python3.10/site-packages:/opt/ros/humble/lib/python3.10/site-packages:/opt/ros/humble/local/lib/python3.10/dist-packages /usr/bin/python3 -W ignore:setup.py install is deprecated -W ignore:easy_install command is deprecated setup.py egg_info --egg-base ../../../build/feetech_servo build --build-base /home/jetson/Desktop/robot_dc/build/feetech_servo/build install --record /home/jetson/Desktop/robot_dc/build/feetech_servo/install.log --single-version-externally-managed install_data
