[0.661s] Invoking command in '/home/jetson/Desktop/robot_dc/build/modbus_driver_interfaces': /usr/bin/cmake --build /home/jetson/Desktop/robot_dc/build/modbus_driver_interfaces -- -j6 -l6
[1.310s] [ 10%] Built target modbus_driver_interfaces__rosidl_generator_c
[1.310s] [ 12%] Built target modbus_driver_interfaces__cpp
[1.311s] [ 12%] Built target ament_cmake_python_copy_modbus_driver_interfaces
[1.312s] [ 23%] Built target modbus_driver_interfaces__rosidl_typesupport_fastrtps_c
[1.312s] [ 34%] Built target modbus_driver_interfaces__rosidl_typesupport_introspection_c
[1.312s] [ 44%] Built target modbus_driver_interfaces__rosidl_typesupport_fastrtps_cpp
[1.313s] [ 55%] Built target modbus_driver_interfaces__rosidl_typesupport_c
[1.313s] [ 65%] Built target modbus_driver_interfaces__rosidl_typesupport_cpp
[1.313s] [ 76%] Built target modbus_driver_interfaces__rosidl_typesupport_introspection_cpp
[1.313s] [ 76%] Built target modbus_driver_interfaces
[1.313s] [ 78%] Built target modbus_driver_interfaces__py
[1.313s] [ 87%] Built target modbus_driver_interfaces__rosidl_generator_py
[1.313s] [ 91%] Built target modbus_driver_interfaces__rosidl_typesupport_fastrtps_c__pyext
[1.314s] [100%] Built target modbus_driver_interfaces__rosidl_typesupport_c__pyext
[1.314s] [100%] Built target modbus_driver_interfaces__rosidl_typesupport_introspection_c__pyext
[1.447s] running egg_info
[1.449s] writing modbus_driver_interfaces.egg-info/PKG-INFO
[1.449s] writing dependency_links to modbus_driver_interfaces.egg-info/dependency_links.txt
[1.450s] writing top-level names to modbus_driver_interfaces.egg-info/top_level.txt
[1.456s] reading manifest file 'modbus_driver_interfaces.egg-info/SOURCES.txt'
[1.457s] writing manifest file 'modbus_driver_interfaces.egg-info/SOURCES.txt'
[1.534s] [100%] Built target ament_cmake_python_build_modbus_driver_interfaces_egg
[1.955s] Invoked command in '/home/jetson/Desktop/robot_dc/build/modbus_driver_interfaces' returned '0': /usr/bin/cmake --build /home/jetson/Desktop/robot_dc/build/modbus_driver_interfaces -- -j6 -l6
[1.980s] Invoking command in '/home/jetson/Desktop/robot_dc/build/modbus_driver_interfaces': /usr/bin/cmake --install /home/jetson/Desktop/robot_dc/build/modbus_driver_interfaces
[1.999s] -- Install configuration: ""
[1.999s] -- Up-to-date: /home/jetson/Desktop/robot_dc/install/modbus_driver_interfaces/share/ament_index/resource_index/rosidl_interfaces/modbus_driver_interfaces
[2.000s] -- Up-to-date: /home/jetson/Desktop/robot_dc/install/modbus_driver_interfaces/include/modbus_driver_interfaces/modbus_driver_interfaces
[2.000s] -- Up-to-date: /home/jetson/Desktop/robot_dc/install/modbus_driver_interfaces/include/modbus_driver_interfaces/modbus_driver_interfaces/srv
[2.000s] -- Up-to-date: /home/jetson/Desktop/robot_dc/install/modbus_driver_interfaces/include/modbus_driver_interfaces/modbus_driver_interfaces/srv/detail
[2.000s] -- Up-to-date: /home/jetson/Desktop/robot_dc/install/modbus_driver_interfaces/include/modbus_driver_interfaces/modbus_driver_interfaces/srv/detail/modbus_request__type_support.h
[2.001s] -- Up-to-date: /home/jetson/Desktop/robot_dc/install/modbus_driver_interfaces/include/modbus_driver_interfaces/modbus_driver_interfaces/srv/detail/modbus_request__functions.c
[2.001s] -- Up-to-date: /home/jetson/Desktop/robot_dc/install/modbus_driver_interfaces/include/modbus_driver_interfaces/modbus_driver_interfaces/srv/detail/modbus_request__struct.h
[2.001s] -- Up-to-date: /home/jetson/Desktop/robot_dc/install/modbus_driver_interfaces/include/modbus_driver_interfaces/modbus_driver_interfaces/srv/detail/modbus_request__functions.h
[2.001s] -- Up-to-date: /home/jetson/Desktop/robot_dc/install/modbus_driver_interfaces/include/modbus_driver_interfaces/modbus_driver_interfaces/srv/modbus_request.h
[2.001s] -- Up-to-date: /home/jetson/Desktop/robot_dc/install/modbus_driver_interfaces/include/modbus_driver_interfaces/modbus_driver_interfaces/msg
[2.002s] -- Up-to-date: /home/jetson/Desktop/robot_dc/install/modbus_driver_interfaces/include/modbus_driver_interfaces/modbus_driver_interfaces/msg/motor_simulation_status.h
[2.002s] -- Up-to-date: /home/jetson/Desktop/robot_dc/install/modbus_driver_interfaces/include/modbus_driver_interfaces/modbus_driver_interfaces/msg/modbus_packet.h
[2.002s] -- Up-to-date: /home/jetson/Desktop/robot_dc/install/modbus_driver_interfaces/include/modbus_driver_interfaces/modbus_driver_interfaces/msg/rosidl_generator_c__visibility_control.h
[2.002s] -- Up-to-date: /home/jetson/Desktop/robot_dc/install/modbus_driver_interfaces/include/modbus_driver_interfaces/modbus_driver_interfaces/msg/detail
[2.002s] -- Up-to-date: /home/jetson/Desktop/robot_dc/install/modbus_driver_interfaces/include/modbus_driver_interfaces/modbus_driver_interfaces/msg/detail/modbus_packet__functions.c
[2.002s] -- Up-to-date: /home/jetson/Desktop/robot_dc/install/modbus_driver_interfaces/include/modbus_driver_interfaces/modbus_driver_interfaces/msg/detail/motor_simulation_status__functions.c
[2.002s] -- Up-to-date: /home/jetson/Desktop/robot_dc/install/modbus_driver_interfaces/include/modbus_driver_interfaces/modbus_driver_interfaces/msg/detail/motor_simulation_status__struct.h
[2.003s] -- Up-to-date: /home/jetson/Desktop/robot_dc/install/modbus_driver_interfaces/include/modbus_driver_interfaces/modbus_driver_interfaces/msg/detail/modbus_packet__type_support.h
[2.003s] -- Up-to-date: /home/jetson/Desktop/robot_dc/install/modbus_driver_interfaces/include/modbus_driver_interfaces/modbus_driver_interfaces/msg/detail/motor_simulation_status__functions.h
[2.003s] -- Up-to-date: /home/jetson/Desktop/robot_dc/install/modbus_driver_interfaces/include/modbus_driver_interfaces/modbus_driver_interfaces/msg/detail/modbus_packet__struct.h
[2.003s] -- Up-to-date: /home/jetson/Desktop/robot_dc/install/modbus_driver_interfaces/include/modbus_driver_interfaces/modbus_driver_interfaces/msg/detail/modbus_packet__functions.h
[2.003s] -- Up-to-date: /home/jetson/Desktop/robot_dc/install/modbus_driver_interfaces/include/modbus_driver_interfaces/modbus_driver_interfaces/msg/detail/motor_simulation_status__type_support.h
[2.003s] -- Up-to-date: /home/jetson/Desktop/robot_dc/install/modbus_driver_interfaces/share/modbus_driver_interfaces/environment/library_path.sh
[2.003s] -- Up-to-date: /home/jetson/Desktop/robot_dc/install/modbus_driver_interfaces/share/modbus_driver_interfaces/environment/library_path.dsv
[2.004s] -- Up-to-date: /home/jetson/Desktop/robot_dc/install/modbus_driver_interfaces/lib/libmodbus_driver_interfaces__rosidl_generator_c.so
[2.004s] -- Up-to-date: /home/jetson/Desktop/robot_dc/install/modbus_driver_interfaces/include/modbus_driver_interfaces/modbus_driver_interfaces
[2.004s] -- Up-to-date: /home/jetson/Desktop/robot_dc/install/modbus_driver_interfaces/include/modbus_driver_interfaces/modbus_driver_interfaces/srv
[2.004s] -- Up-to-date: /home/jetson/Desktop/robot_dc/install/modbus_driver_interfaces/include/modbus_driver_interfaces/modbus_driver_interfaces/srv/detail
[2.004s] -- Up-to-date: /home/jetson/Desktop/robot_dc/install/modbus_driver_interfaces/include/modbus_driver_interfaces/modbus_driver_interfaces/srv/detail/modbus_request__rosidl_typesupport_fastrtps_c.h
[2.004s] -- Up-to-date: /home/jetson/Desktop/robot_dc/install/modbus_driver_interfaces/include/modbus_driver_interfaces/modbus_driver_interfaces/msg
[2.005s] -- Up-to-date: /home/jetson/Desktop/robot_dc/install/modbus_driver_interfaces/include/modbus_driver_interfaces/modbus_driver_interfaces/msg/rosidl_typesupport_fastrtps_c__visibility_control.h
[2.005s] -- Up-to-date: /home/jetson/Desktop/robot_dc/install/modbus_driver_interfaces/include/modbus_driver_interfaces/modbus_driver_interfaces/msg/detail
[2.006s] -- Up-to-date: /home/jetson/Desktop/robot_dc/install/modbus_driver_interfaces/include/modbus_driver_interfaces/modbus_driver_interfaces/msg/detail/motor_simulation_status__rosidl_typesupport_fastrtps_c.h
[2.006s] -- Up-to-date: /home/jetson/Desktop/robot_dc/install/modbus_driver_interfaces/include/modbus_driver_interfaces/modbus_driver_interfaces/msg/detail/modbus_packet__rosidl_typesupport_fastrtps_c.h
[2.006s] -- Up-to-date: /home/jetson/Desktop/robot_dc/install/modbus_driver_interfaces/lib/libmodbus_driver_interfaces__rosidl_typesupport_fastrtps_c.so
[2.006s] -- Up-to-date: /home/jetson/Desktop/robot_dc/install/modbus_driver_interfaces/include/modbus_driver_interfaces/modbus_driver_interfaces
[2.007s] -- Up-to-date: /home/jetson/Desktop/robot_dc/install/modbus_driver_interfaces/include/modbus_driver_interfaces/modbus_driver_interfaces/srv
[2.007s] -- Up-to-date: /home/jetson/Desktop/robot_dc/install/modbus_driver_interfaces/include/modbus_driver_interfaces/modbus_driver_interfaces/srv/detail
[2.007s] -- Up-to-date: /home/jetson/Desktop/robot_dc/install/modbus_driver_interfaces/include/modbus_driver_interfaces/modbus_driver_interfaces/srv/detail/modbus_request__rosidl_typesupport_introspection_c.h
[2.007s] -- Up-to-date: /home/jetson/Desktop/robot_dc/install/modbus_driver_interfaces/include/modbus_driver_interfaces/modbus_driver_interfaces/srv/detail/modbus_request__type_support.c
[2.008s] -- Up-to-date: /home/jetson/Desktop/robot_dc/install/modbus_driver_interfaces/include/modbus_driver_interfaces/modbus_driver_interfaces/msg
[2.008s] -- Up-to-date: /home/jetson/Desktop/robot_dc/install/modbus_driver_interfaces/include/modbus_driver_interfaces/modbus_driver_interfaces/msg/rosidl_typesupport_introspection_c__visibility_control.h
[2.008s] -- Up-to-date: /home/jetson/Desktop/robot_dc/install/modbus_driver_interfaces/include/modbus_driver_interfaces/modbus_driver_interfaces/msg/detail
[2.008s] -- Up-to-date: /home/jetson/Desktop/robot_dc/install/modbus_driver_interfaces/include/modbus_driver_interfaces/modbus_driver_interfaces/msg/detail/modbus_packet__rosidl_typesupport_introspection_c.h
[2.009s] -- Up-to-date: /home/jetson/Desktop/robot_dc/install/modbus_driver_interfaces/include/modbus_driver_interfaces/modbus_driver_interfaces/msg/detail/motor_simulation_status__type_support.c
[2.009s] -- Up-to-date: /home/jetson/Desktop/robot_dc/install/modbus_driver_interfaces/include/modbus_driver_interfaces/modbus_driver_interfaces/msg/detail/motor_simulation_status__rosidl_typesupport_introspection_c.h
[2.009s] -- Up-to-date: /home/jetson/Desktop/robot_dc/install/modbus_driver_interfaces/include/modbus_driver_interfaces/modbus_driver_interfaces/msg/detail/modbus_packet__type_support.c
[2.009s] -- Up-to-date: /home/jetson/Desktop/robot_dc/install/modbus_driver_interfaces/lib/libmodbus_driver_interfaces__rosidl_typesupport_introspection_c.so
[2.009s] -- Up-to-date: /home/jetson/Desktop/robot_dc/install/modbus_driver_interfaces/lib/libmodbus_driver_interfaces__rosidl_typesupport_c.so
[2.010s] -- Up-to-date: /home/jetson/Desktop/robot_dc/install/modbus_driver_interfaces/include/modbus_driver_interfaces/modbus_driver_interfaces
[2.010s] -- Up-to-date: /home/jetson/Desktop/robot_dc/install/modbus_driver_interfaces/include/modbus_driver_interfaces/modbus_driver_interfaces/srv
[2.010s] -- Up-to-date: /home/jetson/Desktop/robot_dc/install/modbus_driver_interfaces/include/modbus_driver_interfaces/modbus_driver_interfaces/srv/modbus_request.hpp
[2.010s] -- Up-to-date: /home/jetson/Desktop/robot_dc/install/modbus_driver_interfaces/include/modbus_driver_interfaces/modbus_driver_interfaces/srv/detail
[2.011s] -- Up-to-date: /home/jetson/Desktop/robot_dc/install/modbus_driver_interfaces/include/modbus_driver_interfaces/modbus_driver_interfaces/srv/detail/modbus_request__struct.hpp
[2.011s] -- Up-to-date: /home/jetson/Desktop/robot_dc/install/modbus_driver_interfaces/include/modbus_driver_interfaces/modbus_driver_interfaces/srv/detail/modbus_request__type_support.hpp
[2.011s] -- Up-to-date: /home/jetson/Desktop/robot_dc/install/modbus_driver_interfaces/include/modbus_driver_interfaces/modbus_driver_interfaces/srv/detail/modbus_request__builder.hpp
[2.012s] -- Up-to-date: /home/jetson/Desktop/robot_dc/install/modbus_driver_interfaces/include/modbus_driver_interfaces/modbus_driver_interfaces/srv/detail/modbus_request__traits.hpp
[2.012s] -- Up-to-date: /home/jetson/Desktop/robot_dc/install/modbus_driver_interfaces/include/modbus_driver_interfaces/modbus_driver_interfaces/msg
[2.012s] -- Up-to-date: /home/jetson/Desktop/robot_dc/install/modbus_driver_interfaces/include/modbus_driver_interfaces/modbus_driver_interfaces/msg/motor_simulation_status.hpp
[2.012s] -- Up-to-date: /home/jetson/Desktop/robot_dc/install/modbus_driver_interfaces/include/modbus_driver_interfaces/modbus_driver_interfaces/msg/rosidl_generator_cpp__visibility_control.hpp
[2.012s] -- Up-to-date: /home/jetson/Desktop/robot_dc/install/modbus_driver_interfaces/include/modbus_driver_interfaces/modbus_driver_interfaces/msg/modbus_packet.hpp
[2.012s] -- Up-to-date: /home/jetson/Desktop/robot_dc/install/modbus_driver_interfaces/include/modbus_driver_interfaces/modbus_driver_interfaces/msg/detail
[2.012s] -- Up-to-date: /home/jetson/Desktop/robot_dc/install/modbus_driver_interfaces/include/modbus_driver_interfaces/modbus_driver_interfaces/msg/detail/motor_simulation_status__type_support.hpp
[2.013s] -- Up-to-date: /home/jetson/Desktop/robot_dc/install/modbus_driver_interfaces/include/modbus_driver_interfaces/modbus_driver_interfaces/msg/detail/modbus_packet__traits.hpp
[2.013s] -- Up-to-date: /home/jetson/Desktop/robot_dc/install/modbus_driver_interfaces/include/modbus_driver_interfaces/modbus_driver_interfaces/msg/detail/motor_simulation_status__traits.hpp
[2.013s] -- Up-to-date: /home/jetson/Desktop/robot_dc/install/modbus_driver_interfaces/include/modbus_driver_interfaces/modbus_driver_interfaces/msg/detail/motor_simulation_status__struct.hpp
[2.013s] -- Up-to-date: /home/jetson/Desktop/robot_dc/install/modbus_driver_interfaces/include/modbus_driver_interfaces/modbus_driver_interfaces/msg/detail/modbus_packet__type_support.hpp
[2.013s] -- Up-to-date: /home/jetson/Desktop/robot_dc/install/modbus_driver_interfaces/include/modbus_driver_interfaces/modbus_driver_interfaces/msg/detail/motor_simulation_status__builder.hpp
[2.014s] -- Up-to-date: /home/jetson/Desktop/robot_dc/install/modbus_driver_interfaces/include/modbus_driver_interfaces/modbus_driver_interfaces/msg/detail/modbus_packet__struct.hpp
[2.014s] -- Up-to-date: /home/jetson/Desktop/robot_dc/install/modbus_driver_interfaces/include/modbus_driver_interfaces/modbus_driver_interfaces/msg/detail/modbus_packet__builder.hpp
[2.014s] -- Up-to-date: /home/jetson/Desktop/robot_dc/install/modbus_driver_interfaces/include/modbus_driver_interfaces/modbus_driver_interfaces
[2.015s] -- Up-to-date: /home/jetson/Desktop/robot_dc/install/modbus_driver_interfaces/include/modbus_driver_interfaces/modbus_driver_interfaces/srv
[2.015s] -- Up-to-date: /home/jetson/Desktop/robot_dc/install/modbus_driver_interfaces/include/modbus_driver_interfaces/modbus_driver_interfaces/srv/detail
[2.015s] -- Up-to-date: /home/jetson/Desktop/robot_dc/install/modbus_driver_interfaces/include/modbus_driver_interfaces/modbus_driver_interfaces/srv/detail/modbus_request__rosidl_typesupport_fastrtps_cpp.hpp
[2.015s] -- Up-to-date: /home/jetson/Desktop/robot_dc/install/modbus_driver_interfaces/include/modbus_driver_interfaces/modbus_driver_interfaces/srv/detail/dds_fastrtps
[2.015s] -- Up-to-date: /home/jetson/Desktop/robot_dc/install/modbus_driver_interfaces/include/modbus_driver_interfaces/modbus_driver_interfaces/msg
[2.015s] -- Up-to-date: /home/jetson/Desktop/robot_dc/install/modbus_driver_interfaces/include/modbus_driver_interfaces/modbus_driver_interfaces/msg/rosidl_typesupport_fastrtps_cpp__visibility_control.h
[2.015s] -- Up-to-date: /home/jetson/Desktop/robot_dc/install/modbus_driver_interfaces/include/modbus_driver_interfaces/modbus_driver_interfaces/msg/detail
[2.015s] -- Up-to-date: /home/jetson/Desktop/robot_dc/install/modbus_driver_interfaces/include/modbus_driver_interfaces/modbus_driver_interfaces/msg/detail/modbus_packet__rosidl_typesupport_fastrtps_cpp.hpp
[2.016s] -- Up-to-date: /home/jetson/Desktop/robot_dc/install/modbus_driver_interfaces/include/modbus_driver_interfaces/modbus_driver_interfaces/msg/detail/dds_fastrtps
[2.016s] -- Up-to-date: /home/jetson/Desktop/robot_dc/install/modbus_driver_interfaces/include/modbus_driver_interfaces/modbus_driver_interfaces/msg/detail/motor_simulation_status__rosidl_typesupport_fastrtps_cpp.hpp
[2.016s] -- Up-to-date: /home/jetson/Desktop/robot_dc/install/modbus_driver_interfaces/lib/libmodbus_driver_interfaces__rosidl_typesupport_fastrtps_cpp.so
[2.016s] -- Up-to-date: /home/jetson/Desktop/robot_dc/install/modbus_driver_interfaces/include/modbus_driver_interfaces/modbus_driver_interfaces
[2.016s] -- Up-to-date: /home/jetson/Desktop/robot_dc/install/modbus_driver_interfaces/include/modbus_driver_interfaces/modbus_driver_interfaces/srv
[2.016s] -- Up-to-date: /home/jetson/Desktop/robot_dc/install/modbus_driver_interfaces/include/modbus_driver_interfaces/modbus_driver_interfaces/srv/detail
[2.017s] -- Up-to-date: /home/jetson/Desktop/robot_dc/install/modbus_driver_interfaces/include/modbus_driver_interfaces/modbus_driver_interfaces/srv/detail/modbus_request__type_support.cpp
[2.017s] -- Up-to-date: /home/jetson/Desktop/robot_dc/install/modbus_driver_interfaces/include/modbus_driver_interfaces/modbus_driver_interfaces/srv/detail/modbus_request__rosidl_typesupport_introspection_cpp.hpp
[2.017s] -- Up-to-date: /home/jetson/Desktop/robot_dc/install/modbus_driver_interfaces/include/modbus_driver_interfaces/modbus_driver_interfaces/msg
[2.017s] -- Up-to-date: /home/jetson/Desktop/robot_dc/install/modbus_driver_interfaces/include/modbus_driver_interfaces/modbus_driver_interfaces/msg/detail
[2.017s] -- Up-to-date: /home/jetson/Desktop/robot_dc/install/modbus_driver_interfaces/include/modbus_driver_interfaces/modbus_driver_interfaces/msg/detail/motor_simulation_status__rosidl_typesupport_introspection_cpp.hpp
[2.017s] -- Up-to-date: /home/jetson/Desktop/robot_dc/install/modbus_driver_interfaces/include/modbus_driver_interfaces/modbus_driver_interfaces/msg/detail/modbus_packet__rosidl_typesupport_introspection_cpp.hpp
[2.017s] -- Up-to-date: /home/jetson/Desktop/robot_dc/install/modbus_driver_interfaces/include/modbus_driver_interfaces/modbus_driver_interfaces/msg/detail/motor_simulation_status__type_support.cpp
[2.018s] -- Up-to-date: /home/jetson/Desktop/robot_dc/install/modbus_driver_interfaces/include/modbus_driver_interfaces/modbus_driver_interfaces/msg/detail/modbus_packet__type_support.cpp
[2.018s] -- Up-to-date: /home/jetson/Desktop/robot_dc/install/modbus_driver_interfaces/lib/libmodbus_driver_interfaces__rosidl_typesupport_introspection_cpp.so
[2.018s] -- Up-to-date: /home/jetson/Desktop/robot_dc/install/modbus_driver_interfaces/lib/libmodbus_driver_interfaces__rosidl_typesupport_cpp.so
[2.018s] -- Up-to-date: /home/jetson/Desktop/robot_dc/install/modbus_driver_interfaces/share/modbus_driver_interfaces/environment/pythonpath.sh
[2.018s] -- Up-to-date: /home/jetson/Desktop/robot_dc/install/modbus_driver_interfaces/share/modbus_driver_interfaces/environment/pythonpath.dsv
[2.018s] -- Up-to-date: /home/jetson/Desktop/robot_dc/install/modbus_driver_interfaces/local/lib/python3.10/dist-packages/modbus_driver_interfaces-0.0.0-py3.10.egg-info
[2.018s] -- Installing: /home/jetson/Desktop/robot_dc/install/modbus_driver_interfaces/local/lib/python3.10/dist-packages/modbus_driver_interfaces-0.0.0-py3.10.egg-info/SOURCES.txt
[2.019s] -- Installing: /home/jetson/Desktop/robot_dc/install/modbus_driver_interfaces/local/lib/python3.10/dist-packages/modbus_driver_interfaces-0.0.0-py3.10.egg-info/top_level.txt
[2.019s] -- Installing: /home/jetson/Desktop/robot_dc/install/modbus_driver_interfaces/local/lib/python3.10/dist-packages/modbus_driver_interfaces-0.0.0-py3.10.egg-info/PKG-INFO
[2.019s] -- Installing: /home/jetson/Desktop/robot_dc/install/modbus_driver_interfaces/local/lib/python3.10/dist-packages/modbus_driver_interfaces-0.0.0-py3.10.egg-info/dependency_links.txt
[2.019s] -- Up-to-date: /home/jetson/Desktop/robot_dc/install/modbus_driver_interfaces/local/lib/python3.10/dist-packages/modbus_driver_interfaces
[2.019s] -- Up-to-date: /home/jetson/Desktop/robot_dc/install/modbus_driver_interfaces/local/lib/python3.10/dist-packages/modbus_driver_interfaces/libmodbus_driver_interfaces__rosidl_generator_py.so
[2.019s] -- Up-to-date: /home/jetson/Desktop/robot_dc/install/modbus_driver_interfaces/local/lib/python3.10/dist-packages/modbus_driver_interfaces/modbus_driver_interfaces_s__rosidl_typesupport_fastrtps_c.cpython-310-aarch64-linux-gnu.so
[2.019s] -- Up-to-date: /home/jetson/Desktop/robot_dc/install/modbus_driver_interfaces/local/lib/python3.10/dist-packages/modbus_driver_interfaces/_modbus_driver_interfaces_s.ep.rosidl_typesupport_introspection_c.c
[2.020s] -- Up-to-date: /home/jetson/Desktop/robot_dc/install/modbus_driver_interfaces/local/lib/python3.10/dist-packages/modbus_driver_interfaces/modbus_driver_interfaces_s__rosidl_typesupport_c.cpython-310-aarch64-linux-gnu.so
[2.020s] -- Up-to-date: /home/jetson/Desktop/robot_dc/install/modbus_driver_interfaces/local/lib/python3.10/dist-packages/modbus_driver_interfaces/modbus_driver_interfaces_s__rosidl_typesupport_introspection_c.cpython-310-aarch64-linux-gnu.so
[2.020s] -- Up-to-date: /home/jetson/Desktop/robot_dc/install/modbus_driver_interfaces/local/lib/python3.10/dist-packages/modbus_driver_interfaces/srv
[2.020s] -- Up-to-date: /home/jetson/Desktop/robot_dc/install/modbus_driver_interfaces/local/lib/python3.10/dist-packages/modbus_driver_interfaces/srv/_modbus_request.py
[2.020s] -- Up-to-date: /home/jetson/Desktop/robot_dc/install/modbus_driver_interfaces/local/lib/python3.10/dist-packages/modbus_driver_interfaces/srv/_modbus_request_s.c
[2.020s] -- Up-to-date: /home/jetson/Desktop/robot_dc/install/modbus_driver_interfaces/local/lib/python3.10/dist-packages/modbus_driver_interfaces/srv/__init__.py
[2.020s] -- Up-to-date: /home/jetson/Desktop/robot_dc/install/modbus_driver_interfaces/local/lib/python3.10/dist-packages/modbus_driver_interfaces/__init__.py
[2.021s] -- Up-to-date: /home/jetson/Desktop/robot_dc/install/modbus_driver_interfaces/local/lib/python3.10/dist-packages/modbus_driver_interfaces/_modbus_driver_interfaces_s.ep.rosidl_typesupport_c.c
[2.021s] -- Up-to-date: /home/jetson/Desktop/robot_dc/install/modbus_driver_interfaces/local/lib/python3.10/dist-packages/modbus_driver_interfaces/_modbus_driver_interfaces_s.ep.rosidl_typesupport_fastrtps_c.c
[2.021s] -- Up-to-date: /home/jetson/Desktop/robot_dc/install/modbus_driver_interfaces/local/lib/python3.10/dist-packages/modbus_driver_interfaces/msg
[2.021s] -- Up-to-date: /home/jetson/Desktop/robot_dc/install/modbus_driver_interfaces/local/lib/python3.10/dist-packages/modbus_driver_interfaces/msg/_motor_simulation_status_s.c
[2.021s] -- Up-to-date: /home/jetson/Desktop/robot_dc/install/modbus_driver_interfaces/local/lib/python3.10/dist-packages/modbus_driver_interfaces/msg/_modbus_packet.py
[2.021s] -- Up-to-date: /home/jetson/Desktop/robot_dc/install/modbus_driver_interfaces/local/lib/python3.10/dist-packages/modbus_driver_interfaces/msg/_modbus_packet_s.c
[2.021s] -- Up-to-date: /home/jetson/Desktop/robot_dc/install/modbus_driver_interfaces/local/lib/python3.10/dist-packages/modbus_driver_interfaces/msg/__init__.py
[2.022s] -- Up-to-date: /home/jetson/Desktop/robot_dc/install/modbus_driver_interfaces/local/lib/python3.10/dist-packages/modbus_driver_interfaces/msg/_motor_simulation_status.py
[2.096s] Listing '/home/jetson/Desktop/robot_dc/install/modbus_driver_interfaces/local/lib/python3.10/dist-packages/modbus_driver_interfaces'...
[2.097s] Listing '/home/jetson/Desktop/robot_dc/install/modbus_driver_interfaces/local/lib/python3.10/dist-packages/modbus_driver_interfaces/msg'...
[2.098s] Listing '/home/jetson/Desktop/robot_dc/install/modbus_driver_interfaces/local/lib/python3.10/dist-packages/modbus_driver_interfaces/srv'...
[2.110s] -- Up-to-date: /home/jetson/Desktop/robot_dc/install/modbus_driver_interfaces/local/lib/python3.10/dist-packages/modbus_driver_interfaces/modbus_driver_interfaces_s__rosidl_typesupport_fastrtps_c.cpython-310-aarch64-linux-gnu.so
[2.110s] -- Up-to-date: /home/jetson/Desktop/robot_dc/install/modbus_driver_interfaces/local/lib/python3.10/dist-packages/modbus_driver_interfaces/modbus_driver_interfaces_s__rosidl_typesupport_introspection_c.cpython-310-aarch64-linux-gnu.so
[2.110s] -- Up-to-date: /home/jetson/Desktop/robot_dc/install/modbus_driver_interfaces/local/lib/python3.10/dist-packages/modbus_driver_interfaces/modbus_driver_interfaces_s__rosidl_typesupport_c.cpython-310-aarch64-linux-gnu.so
[2.111s] -- Up-to-date: /home/jetson/Desktop/robot_dc/install/modbus_driver_interfaces/lib/libmodbus_driver_interfaces__rosidl_generator_py.so
[2.111s] -- Up-to-date: /home/jetson/Desktop/robot_dc/install/modbus_driver_interfaces/share/modbus_driver_interfaces/srv/ModbusRequest.idl
[2.112s] -- Up-to-date: /home/jetson/Desktop/robot_dc/install/modbus_driver_interfaces/share/modbus_driver_interfaces/msg/ModbusPacket.idl
[2.112s] -- Up-to-date: /home/jetson/Desktop/robot_dc/install/modbus_driver_interfaces/share/modbus_driver_interfaces/msg/MotorSimulationStatus.idl
[2.113s] -- Up-to-date: /home/jetson/Desktop/robot_dc/install/modbus_driver_interfaces/share/modbus_driver_interfaces/srv/ModbusRequest.srv
[2.113s] -- Up-to-date: /home/jetson/Desktop/robot_dc/install/modbus_driver_interfaces/share/modbus_driver_interfaces/srv/ModbusRequest_Request.msg
[2.113s] -- Up-to-date: /home/jetson/Desktop/robot_dc/install/modbus_driver_interfaces/share/modbus_driver_interfaces/srv/ModbusRequest_Response.msg
[2.113s] -- Up-to-date: /home/jetson/Desktop/robot_dc/install/modbus_driver_interfaces/share/modbus_driver_interfaces/msg/ModbusPacket.msg
[2.114s] -- Up-to-date: /home/jetson/Desktop/robot_dc/install/modbus_driver_interfaces/share/modbus_driver_interfaces/msg/MotorSimulationStatus.msg
[2.114s] -- Up-to-date: /home/jetson/Desktop/robot_dc/install/modbus_driver_interfaces/share/ament_index/resource_index/package_run_dependencies/modbus_driver_interfaces
[2.114s] -- Up-to-date: /home/jetson/Desktop/robot_dc/install/modbus_driver_interfaces/share/ament_index/resource_index/parent_prefix_path/modbus_driver_interfaces
[2.114s] -- Up-to-date: /home/jetson/Desktop/robot_dc/install/modbus_driver_interfaces/share/modbus_driver_interfaces/environment/ament_prefix_path.sh
[2.115s] -- Up-to-date: /home/jetson/Desktop/robot_dc/install/modbus_driver_interfaces/share/modbus_driver_interfaces/environment/ament_prefix_path.dsv
[2.115s] -- Up-to-date: /home/jetson/Desktop/robot_dc/install/modbus_driver_interfaces/share/modbus_driver_interfaces/environment/path.sh
[2.115s] -- Up-to-date: /home/jetson/Desktop/robot_dc/install/modbus_driver_interfaces/share/modbus_driver_interfaces/environment/path.dsv
[2.115s] -- Up-to-date: /home/jetson/Desktop/robot_dc/install/modbus_driver_interfaces/share/modbus_driver_interfaces/local_setup.bash
[2.121s] -- Up-to-date: /home/jetson/Desktop/robot_dc/install/modbus_driver_interfaces/share/modbus_driver_interfaces/local_setup.sh
[2.121s] -- Up-to-date: /home/jetson/Desktop/robot_dc/install/modbus_driver_interfaces/share/modbus_driver_interfaces/local_setup.zsh
[2.122s] -- Up-to-date: /home/jetson/Desktop/robot_dc/install/modbus_driver_interfaces/share/modbus_driver_interfaces/local_setup.dsv
[2.123s] -- Installing: /home/jetson/Desktop/robot_dc/install/modbus_driver_interfaces/share/modbus_driver_interfaces/package.dsv
[2.124s] -- Up-to-date: /home/jetson/Desktop/robot_dc/install/modbus_driver_interfaces/share/ament_index/resource_index/packages/modbus_driver_interfaces
[2.125s] -- Up-to-date: /home/jetson/Desktop/robot_dc/install/modbus_driver_interfaces/share/modbus_driver_interfaces/cmake/export_modbus_driver_interfaces__rosidl_generator_cExport.cmake
[2.125s] -- Up-to-date: /home/jetson/Desktop/robot_dc/install/modbus_driver_interfaces/share/modbus_driver_interfaces/cmake/export_modbus_driver_interfaces__rosidl_generator_cExport-noconfig.cmake
[2.125s] -- Up-to-date: /home/jetson/Desktop/robot_dc/install/modbus_driver_interfaces/share/modbus_driver_interfaces/cmake/export_modbus_driver_interfaces__rosidl_typesupport_fastrtps_cExport.cmake
[2.126s] -- Up-to-date: /home/jetson/Desktop/robot_dc/install/modbus_driver_interfaces/share/modbus_driver_interfaces/cmake/export_modbus_driver_interfaces__rosidl_typesupport_fastrtps_cExport-noconfig.cmake
[2.127s] -- Up-to-date: /home/jetson/Desktop/robot_dc/install/modbus_driver_interfaces/share/modbus_driver_interfaces/cmake/modbus_driver_interfaces__rosidl_typesupport_introspection_cExport.cmake
[2.128s] -- Up-to-date: /home/jetson/Desktop/robot_dc/install/modbus_driver_interfaces/share/modbus_driver_interfaces/cmake/modbus_driver_interfaces__rosidl_typesupport_introspection_cExport-noconfig.cmake
[2.128s] -- Up-to-date: /home/jetson/Desktop/robot_dc/install/modbus_driver_interfaces/share/modbus_driver_interfaces/cmake/modbus_driver_interfaces__rosidl_typesupport_cExport.cmake
[2.128s] -- Up-to-date: /home/jetson/Desktop/robot_dc/install/modbus_driver_interfaces/share/modbus_driver_interfaces/cmake/modbus_driver_interfaces__rosidl_typesupport_cExport-noconfig.cmake
[2.129s] -- Up-to-date: /home/jetson/Desktop/robot_dc/install/modbus_driver_interfaces/share/modbus_driver_interfaces/cmake/export_modbus_driver_interfaces__rosidl_generator_cppExport.cmake
[2.130s] -- Up-to-date: /home/jetson/Desktop/robot_dc/install/modbus_driver_interfaces/share/modbus_driver_interfaces/cmake/export_modbus_driver_interfaces__rosidl_typesupport_fastrtps_cppExport.cmake
[2.130s] -- Up-to-date: /home/jetson/Desktop/robot_dc/install/modbus_driver_interfaces/share/modbus_driver_interfaces/cmake/export_modbus_driver_interfaces__rosidl_typesupport_fastrtps_cppExport-noconfig.cmake
[2.130s] -- Up-to-date: /home/jetson/Desktop/robot_dc/install/modbus_driver_interfaces/share/modbus_driver_interfaces/cmake/modbus_driver_interfaces__rosidl_typesupport_introspection_cppExport.cmake
[2.131s] -- Up-to-date: /home/jetson/Desktop/robot_dc/install/modbus_driver_interfaces/share/modbus_driver_interfaces/cmake/modbus_driver_interfaces__rosidl_typesupport_introspection_cppExport-noconfig.cmake
[2.132s] -- Up-to-date: /home/jetson/Desktop/robot_dc/install/modbus_driver_interfaces/share/modbus_driver_interfaces/cmake/modbus_driver_interfaces__rosidl_typesupport_cppExport.cmake
[2.132s] -- Up-to-date: /home/jetson/Desktop/robot_dc/install/modbus_driver_interfaces/share/modbus_driver_interfaces/cmake/modbus_driver_interfaces__rosidl_typesupport_cppExport-noconfig.cmake
[2.132s] -- Up-to-date: /home/jetson/Desktop/robot_dc/install/modbus_driver_interfaces/share/modbus_driver_interfaces/cmake/export_modbus_driver_interfaces__rosidl_generator_pyExport.cmake
[2.132s] -- Up-to-date: /home/jetson/Desktop/robot_dc/install/modbus_driver_interfaces/share/modbus_driver_interfaces/cmake/export_modbus_driver_interfaces__rosidl_generator_pyExport-noconfig.cmake
[2.133s] -- Up-to-date: /home/jetson/Desktop/robot_dc/install/modbus_driver_interfaces/share/modbus_driver_interfaces/cmake/rosidl_cmake-extras.cmake
[2.134s] -- Up-to-date: /home/jetson/Desktop/robot_dc/install/modbus_driver_interfaces/share/modbus_driver_interfaces/cmake/ament_cmake_export_include_directories-extras.cmake
[2.134s] -- Up-to-date: /home/jetson/Desktop/robot_dc/install/modbus_driver_interfaces/share/modbus_driver_interfaces/cmake/ament_cmake_export_libraries-extras.cmake
[2.135s] -- Up-to-date: /home/jetson/Desktop/robot_dc/install/modbus_driver_interfaces/share/modbus_driver_interfaces/cmake/ament_cmake_export_targets-extras.cmake
[2.135s] -- Up-to-date: /home/jetson/Desktop/robot_dc/install/modbus_driver_interfaces/share/modbus_driver_interfaces/cmake/rosidl_cmake_export_typesupport_targets-extras.cmake
[2.136s] -- Up-to-date: /home/jetson/Desktop/robot_dc/install/modbus_driver_interfaces/share/modbus_driver_interfaces/cmake/ament_cmake_export_dependencies-extras.cmake
[2.136s] -- Up-to-date: /home/jetson/Desktop/robot_dc/install/modbus_driver_interfaces/share/modbus_driver_interfaces/cmake/rosidl_cmake_export_typesupport_libraries-extras.cmake
[2.137s] -- Up-to-date: /home/jetson/Desktop/robot_dc/install/modbus_driver_interfaces/share/modbus_driver_interfaces/cmake/modbus_driver_interfacesConfig.cmake
[2.137s] -- Up-to-date: /home/jetson/Desktop/robot_dc/install/modbus_driver_interfaces/share/modbus_driver_interfaces/cmake/modbus_driver_interfacesConfig-version.cmake
[2.137s] -- Up-to-date: /home/jetson/Desktop/robot_dc/install/modbus_driver_interfaces/share/modbus_driver_interfaces/package.xml
[2.138s] Invoked command in '/home/jetson/Desktop/robot_dc/build/modbus_driver_interfaces' returned '0': /usr/bin/cmake --install /home/jetson/Desktop/robot_dc/build/modbus_driver_interfaces
