[3.062s] Invoking command in '/home/jetson/Desktop/robot_dc/colcon_ws/src/leadshine_motor': AMENT_PREFIX_PATH=/home/jetson/Desktop/robot_dc/install/modbus_devices:/home/jetson/Desktop/robot_dc/install/robot_web:/home/jetson/Desktop/robot_dc/install/robot_teleop:/home/jetson/Desktop/robot_dc/install/robot_bringup:/home/jetson/Desktop/robot_dc/install/platform_controller:/home/jetson/Desktop/robot_dc/install/modbus_driver:/home/jetson/Desktop/robot_dc/install/leadshine_motor:/home/jetson/Desktop/robot_dc/install/feetech_servo:/home/jetson/Desktop/robot_dc/install/detector:/opt/ros/humble PYTHONPATH=/home/jetson/Desktop/robot_dc/build/leadshine_motor/prefix_override:/usr/lib/python3/dist-packages/colcon_core/task/python/colcon_distutils_commands:/home/jetson/Desktop/robot_dc/install/leadshine_motor/lib/python3.10/site-packages:/home/jetson/Desktop/robot_dc/install/modbus_devices/lib/python3.10/site-packages:/home/jetson/Desktop/robot_dc/install/robot_web/lib/python3.10/site-packages:/home/jetson/Desktop/robot_dc/install/robot_teleop/lib/python3.10/site-packages:/home/jetson/Desktop/robot_dc/install/robot_bringup/lib/python3.10/site-packages:/home/jetson/Desktop/robot_dc/install/platform_controller/lib/python3.10/site-packages:/home/jetson/Desktop/robot_dc/install/modbus_driver/lib/python3.10/site-packages:/home/jetson/Desktop/robot_dc/install/modbus_driver_interfaces/local/lib/python3.10/dist-packages:/home/jetson/Desktop/robot_dc/install/leadshine_motor/lib/python3.10/site-packages:/home/jetson/Desktop/robot_dc/install/feetech_servo/lib/python3.10/site-packages:/home/jetson/Desktop/robot_dc/install/detector/lib/python3.10/site-packages:/opt/ros/humble/lib/python3.10/site-packages:/opt/ros/humble/local/lib/python3.10/dist-packages /usr/bin/python3 -W ignore:setup.py install is deprecated -W ignore:easy_install command is deprecated setup.py egg_info --egg-base ../../../build/leadshine_motor build --build-base /home/jetson/Desktop/robot_dc/build/leadshine_motor/build install --record /home/jetson/Desktop/robot_dc/build/leadshine_motor/install.log --single-version-externally-managed install_data
[3.680s] running egg_info
[3.682s] writing ../../../build/leadshine_motor/leadshine_motor.egg-info/PKG-INFO
[3.683s] writing dependency_links to ../../../build/leadshine_motor/leadshine_motor.egg-info/dependency_links.txt
[3.684s] writing entry points to ../../../build/leadshine_motor/leadshine_motor.egg-info/entry_points.txt
[3.684s] writing requirements to ../../../build/leadshine_motor/leadshine_motor.egg-info/requires.txt
[3.685s] writing top-level names to ../../../build/leadshine_motor/leadshine_motor.egg-info/top_level.txt
[3.690s] reading manifest file '../../../build/leadshine_motor/leadshine_motor.egg-info/SOURCES.txt'
[3.693s] writing manifest file '../../../build/leadshine_motor/leadshine_motor.egg-info/SOURCES.txt'
[3.693s] running build
[3.693s] running build_py
[3.694s] copying leadshine_motor/motor_controller.py -> /home/jetson/Desktop/robot_dc/build/leadshine_motor/build/lib/leadshine_motor
[3.695s] running install
[3.696s] running install_lib
[3.699s] copying /home/jetson/Desktop/robot_dc/build/leadshine_motor/build/lib/leadshine_motor/motor_controller.py -> /home/jetson/Desktop/robot_dc/install/leadshine_motor/lib/python3.10/site-packages/leadshine_motor
[3.702s] byte-compiling /home/jetson/Desktop/robot_dc/install/leadshine_motor/lib/python3.10/site-packages/leadshine_motor/motor_controller.py to motor_controller.cpython-310.pyc
[3.708s] running install_data
[3.708s] running install_egg_info
[3.717s] removing '/home/jetson/Desktop/robot_dc/install/leadshine_motor/lib/python3.10/site-packages/leadshine_motor-0.0.1-py3.10.egg-info' (and everything under it)
[3.718s] Copying ../../../build/leadshine_motor/leadshine_motor.egg-info to /home/jetson/Desktop/robot_dc/install/leadshine_motor/lib/python3.10/site-packages/leadshine_motor-0.0.1-py3.10.egg-info
[3.720s] running install_scripts
[3.777s] Installing motor_node script to /home/jetson/Desktop/robot_dc/install/leadshine_motor/lib/leadshine_motor
[3.778s] Installing motor_simulation_node script to /home/jetson/Desktop/robot_dc/install/leadshine_motor/lib/leadshine_motor
[3.779s] writing list of installed files to '/home/jetson/Desktop/robot_dc/build/leadshine_motor/install.log'
[3.878s] Invoked command in '/home/jetson/Desktop/robot_dc/colcon_ws/src/leadshine_motor' returned '0': AMENT_PREFIX_PATH=/home/jetson/Desktop/robot_dc/install/modbus_devices:/home/jetson/Desktop/robot_dc/install/robot_web:/home/jetson/Desktop/robot_dc/install/robot_teleop:/home/jetson/Desktop/robot_dc/install/robot_bringup:/home/jetson/Desktop/robot_dc/install/platform_controller:/home/jetson/Desktop/robot_dc/install/modbus_driver:/home/jetson/Desktop/robot_dc/install/leadshine_motor:/home/jetson/Desktop/robot_dc/install/feetech_servo:/home/jetson/Desktop/robot_dc/install/detector:/opt/ros/humble PYTHONPATH=/home/jetson/Desktop/robot_dc/build/leadshine_motor/prefix_override:/usr/lib/python3/dist-packages/colcon_core/task/python/colcon_distutils_commands:/home/jetson/Desktop/robot_dc/install/leadshine_motor/lib/python3.10/site-packages:/home/jetson/Desktop/robot_dc/install/modbus_devices/lib/python3.10/site-packages:/home/jetson/Desktop/robot_dc/install/robot_web/lib/python3.10/site-packages:/home/jetson/Desktop/robot_dc/install/robot_teleop/lib/python3.10/site-packages:/home/jetson/Desktop/robot_dc/install/robot_bringup/lib/python3.10/site-packages:/home/jetson/Desktop/robot_dc/install/platform_controller/lib/python3.10/site-packages:/home/jetson/Desktop/robot_dc/install/modbus_driver/lib/python3.10/site-packages:/home/jetson/Desktop/robot_dc/install/modbus_driver_interfaces/local/lib/python3.10/dist-packages:/home/jetson/Desktop/robot_dc/install/leadshine_motor/lib/python3.10/site-packages:/home/jetson/Desktop/robot_dc/install/feetech_servo/lib/python3.10/site-packages:/home/jetson/Desktop/robot_dc/install/detector/lib/python3.10/site-packages:/opt/ros/humble/lib/python3.10/site-packages:/opt/ros/humble/local/lib/python3.10/dist-packages /usr/bin/python3 -W ignore:setup.py install is deprecated -W ignore:easy_install command is deprecated setup.py egg_info --egg-base ../../../build/leadshine_motor build --build-base /home/jetson/Desktop/robot_dc/build/leadshine_motor/build install --record /home/jetson/Desktop/robot_dc/build/leadshine_motor/install.log --single-version-externally-managed install_data
