running egg_info
creating ../../../build/modbus_devices/modbus_devices.egg-info
writing ../../../build/modbus_devices/modbus_devices.egg-info/PKG-INFO
writing dependency_links to ../../../build/modbus_devices/modbus_devices.egg-info/dependency_links.txt
writing entry points to ../../../build/modbus_devices/modbus_devices.egg-info/entry_points.txt
writing requirements to ../../../build/modbus_devices/modbus_devices.egg-info/requires.txt
writing top-level names to ../../../build/modbus_devices/modbus_devices.egg-info/top_level.txt
writing manifest file '../../../build/modbus_devices/modbus_devices.egg-info/SOURCES.txt'
reading manifest file '../../../build/modbus_devices/modbus_devices.egg-info/SOURCES.txt'
writing manifest file '../../../build/modbus_devices/modbus_devices.egg-info/SOURCES.txt'
running build
running build_py
creating /home/jetson/Desktop/robot_dc/build/modbus_devices/build
creating /home/jetson/Desktop/robot_dc/build/modbus_devices/build/lib
creating /home/jetson/Desktop/robot_dc/build/modbus_devices/build/lib/modbus_devices
copying modbus_devices/utils.py -> /home/jetson/Desktop/robot_dc/build/modbus_devices/build/lib/modbus_devices
copying modbus_devices/__init__.py -> /home/jetson/Desktop/robot_dc/build/modbus_devices/build/lib/modbus_devices
copying modbus_devices/base_device.py -> /home/jetson/Desktop/robot_dc/build/modbus_devices/build/lib/modbus_devices
running install
running install_lib
copying /home/jetson/Desktop/robot_dc/build/modbus_devices/build/lib/modbus_devices/utils.py -> /home/jetson/Desktop/robot_dc/install/modbus_devices/lib/python3.10/site-packages/modbus_devices
copying /home/jetson/Desktop/robot_dc/build/modbus_devices/build/lib/modbus_devices/__init__.py -> /home/jetson/Desktop/robot_dc/install/modbus_devices/lib/python3.10/site-packages/modbus_devices
copying /home/jetson/Desktop/robot_dc/build/modbus_devices/build/lib/modbus_devices/base_device.py -> /home/jetson/Desktop/robot_dc/install/modbus_devices/lib/python3.10/site-packages/modbus_devices
byte-compiling /home/jetson/Desktop/robot_dc/install/modbus_devices/lib/python3.10/site-packages/modbus_devices/base_device.py to base_device.cpython-310.pyc
running install_data
creating /home/jetson/Desktop/robot_dc/install/modbus_devices/share/ament_index
creating /home/jetson/Desktop/robot_dc/install/modbus_devices/share/ament_index/resource_index
creating /home/jetson/Desktop/robot_dc/install/modbus_devices/share/ament_index/resource_index/packages
copying resource/modbus_devices -> /home/jetson/Desktop/robot_dc/install/modbus_devices/share/ament_index/resource_index/packages
copying package.xml -> /home/jetson/Desktop/robot_dc/install/modbus_devices/share/modbus_devices
running install_egg_info
Copying ../../../build/modbus_devices/modbus_devices.egg-info to /home/jetson/Desktop/robot_dc/install/modbus_devices/lib/python3.10/site-packages/modbus_devices-0.0.0-py3.10.egg-info
running install_scripts
writing list of installed files to '/home/jetson/Desktop/robot_dc/build/modbus_devices/install.log'
