running egg_info
creating ../../../build/leadshine_motor/leadshine_motor.egg-info
writing ../../../build/leadshine_motor/leadshine_motor.egg-info/PKG-INFO
writing dependency_links to ../../../build/leadshine_motor/leadshine_motor.egg-info/dependency_links.txt
writing entry points to ../../../build/leadshine_motor/leadshine_motor.egg-info/entry_points.txt
writing requirements to ../../../build/leadshine_motor/leadshine_motor.egg-info/requires.txt
writing top-level names to ../../../build/leadshine_motor/leadshine_motor.egg-info/top_level.txt
writing manifest file '../../../build/leadshine_motor/leadshine_motor.egg-info/SOURCES.txt'
reading manifest file '../../../build/leadshine_motor/leadshine_motor.egg-info/SOURCES.txt'
writing manifest file '../../../build/leadshine_motor/leadshine_motor.egg-info/SOURCES.txt'
running build
running build_py
creating /home/jetson/Desktop/robot_dc/build/leadshine_motor/build
creating /home/jetson/Desktop/robot_dc/build/leadshine_motor/build/lib
creating /home/jetson/Desktop/robot_dc/build/leadshine_motor/build/lib/leadshine_motor
copying leadshine_motor/motor_controller.py -> /home/jetson/Desktop/robot_dc/build/leadshine_motor/build/lib/leadshine_motor
copying leadshine_motor/motor_simulation_node.py -> /home/jetson/Desktop/robot_dc/build/leadshine_motor/build/lib/leadshine_motor
copying leadshine_motor/motor_node.py -> /home/jetson/Desktop/robot_dc/build/leadshine_motor/build/lib/leadshine_motor
copying leadshine_motor/__init__.py -> /home/jetson/Desktop/robot_dc/build/leadshine_motor/build/lib/leadshine_motor
running install
running install_lib
copying /home/jetson/Desktop/robot_dc/build/leadshine_motor/build/lib/leadshine_motor/motor_controller.py -> /home/jetson/Desktop/robot_dc/install/leadshine_motor/lib/python3.10/site-packages/leadshine_motor
copying /home/jetson/Desktop/robot_dc/build/leadshine_motor/build/lib/leadshine_motor/motor_simulation_node.py -> /home/jetson/Desktop/robot_dc/install/leadshine_motor/lib/python3.10/site-packages/leadshine_motor
copying /home/jetson/Desktop/robot_dc/build/leadshine_motor/build/lib/leadshine_motor/motor_node.py -> /home/jetson/Desktop/robot_dc/install/leadshine_motor/lib/python3.10/site-packages/leadshine_motor
copying /home/jetson/Desktop/robot_dc/build/leadshine_motor/build/lib/leadshine_motor/__init__.py -> /home/jetson/Desktop/robot_dc/install/leadshine_motor/lib/python3.10/site-packages/leadshine_motor
byte-compiling /home/jetson/Desktop/robot_dc/install/leadshine_motor/lib/python3.10/site-packages/leadshine_motor/motor_controller.py to motor_controller.cpython-310.pyc
byte-compiling /home/jetson/Desktop/robot_dc/install/leadshine_motor/lib/python3.10/site-packages/leadshine_motor/motor_node.py to motor_node.cpython-310.pyc
running install_data
creating /home/jetson/Desktop/robot_dc/install/leadshine_motor/share/ament_index
creating /home/jetson/Desktop/robot_dc/install/leadshine_motor/share/ament_index/resource_index
creating /home/jetson/Desktop/robot_dc/install/leadshine_motor/share/ament_index/resource_index/packages
copying resource/leadshine_motor -> /home/jetson/Desktop/robot_dc/install/leadshine_motor/share/ament_index/resource_index/packages
copying package.xml -> /home/jetson/Desktop/robot_dc/install/leadshine_motor/share/leadshine_motor
copying launch/motor_control_launch.py -> /home/jetson/Desktop/robot_dc/install/leadshine_motor/share/leadshine_motor/launch
copying launch/test_motor_simulation_launch.py -> /home/jetson/Desktop/robot_dc/install/leadshine_motor/share/leadshine_motor/launch
running install_egg_info
Copying ../../../build/leadshine_motor/leadshine_motor.egg-info to /home/jetson/Desktop/robot_dc/install/leadshine_motor/lib/python3.10/site-packages/leadshine_motor-0.0.1-py3.10.egg-info
running install_scripts
Installing motor_node script to /home/jetson/Desktop/robot_dc/install/leadshine_motor/lib/leadshine_motor
Installing motor_simulation_node script to /home/jetson/Desktop/robot_dc/install/leadshine_motor/lib/leadshine_motor
writing list of installed files to '/home/jetson/Desktop/robot_dc/build/leadshine_motor/install.log'
