[2.832s] Invoking command in '/home/jetson/Desktop/robot_dc/colcon_ws/src/leadshine_motor': AMENT_PREFIX_PATH=/home/jetson/Desktop/robot_dc/install/modbus_devices:${AMENT_PREFIX_PATH} PYTHONPATH=/home/jetson/Desktop/robot_dc/build/leadshine_motor/prefix_override:/usr/lib/python3/dist-packages/colcon_core/task/python/colcon_distutils_commands:/home/jetson/Desktop/robot_dc/install/leadshine_motor/lib/python3.10/site-packages:/home/jetson/Desktop/robot_dc/install/modbus_devices/lib/python3.10/site-packages:${PYTHONPATH} /usr/bin/python3 -W ignore:setup.py install is deprecated -W ignore:easy_install command is deprecated setup.py egg_info --egg-base ../../../build/leadshine_motor build --build-base /home/jetson/Desktop/robot_dc/build/leadshine_motor/build install --record /home/jetson/Desktop/robot_dc/build/leadshine_motor/install.log --single-version-externally-managed install_data
[3.671s] running egg_info
[3.673s] creating ../../../build/leadshine_motor/leadshine_motor.egg-info
[3.674s] writing ../../../build/leadshine_motor/leadshine_motor.egg-info/PKG-INFO
[3.674s] writing dependency_links to ../../../build/leadshine_motor/leadshine_motor.egg-info/dependency_links.txt
[3.675s] writing entry points to ../../../build/leadshine_motor/leadshine_motor.egg-info/entry_points.txt
[3.676s] writing requirements to ../../../build/leadshine_motor/leadshine_motor.egg-info/requires.txt
[3.676s] writing top-level names to ../../../build/leadshine_motor/leadshine_motor.egg-info/top_level.txt
[3.676s] writing manifest file '../../../build/leadshine_motor/leadshine_motor.egg-info/SOURCES.txt'
[3.684s] reading manifest file '../../../build/leadshine_motor/leadshine_motor.egg-info/SOURCES.txt'
[3.689s] writing manifest file '../../../build/leadshine_motor/leadshine_motor.egg-info/SOURCES.txt'
[3.692s] running build
[3.693s] running build_py
[3.693s] creating /home/jetson/Desktop/robot_dc/build/leadshine_motor/build
[3.693s] creating /home/jetson/Desktop/robot_dc/build/leadshine_motor/build/lib
[3.693s] creating /home/jetson/Desktop/robot_dc/build/leadshine_motor/build/lib/leadshine_motor
[3.694s] copying leadshine_motor/motor_controller.py -> /home/jetson/Desktop/robot_dc/build/leadshine_motor/build/lib/leadshine_motor
[3.694s] copying leadshine_motor/motor_simulation_node.py -> /home/jetson/Desktop/robot_dc/build/leadshine_motor/build/lib/leadshine_motor
[3.694s] copying leadshine_motor/motor_node.py -> /home/jetson/Desktop/robot_dc/build/leadshine_motor/build/lib/leadshine_motor
[3.694s] copying leadshine_motor/__init__.py -> /home/jetson/Desktop/robot_dc/build/leadshine_motor/build/lib/leadshine_motor
[3.695s] running install
[3.696s] running install_lib
[3.711s] copying /home/jetson/Desktop/robot_dc/build/leadshine_motor/build/lib/leadshine_motor/motor_controller.py -> /home/jetson/Desktop/robot_dc/install/leadshine_motor/lib/python3.10/site-packages/leadshine_motor
[3.711s] copying /home/jetson/Desktop/robot_dc/build/leadshine_motor/build/lib/leadshine_motor/motor_simulation_node.py -> /home/jetson/Desktop/robot_dc/install/leadshine_motor/lib/python3.10/site-packages/leadshine_motor
[3.711s] copying /home/jetson/Desktop/robot_dc/build/leadshine_motor/build/lib/leadshine_motor/motor_node.py -> /home/jetson/Desktop/robot_dc/install/leadshine_motor/lib/python3.10/site-packages/leadshine_motor
[3.711s] copying /home/jetson/Desktop/robot_dc/build/leadshine_motor/build/lib/leadshine_motor/__init__.py -> /home/jetson/Desktop/robot_dc/install/leadshine_motor/lib/python3.10/site-packages/leadshine_motor
[3.711s] byte-compiling /home/jetson/Desktop/robot_dc/install/leadshine_motor/lib/python3.10/site-packages/leadshine_motor/motor_controller.py to motor_controller.cpython-310.pyc
[3.721s] byte-compiling /home/jetson/Desktop/robot_dc/install/leadshine_motor/lib/python3.10/site-packages/leadshine_motor/motor_node.py to motor_node.cpython-310.pyc
[3.726s] running install_data
[3.726s] creating /home/jetson/Desktop/robot_dc/install/leadshine_motor/share/ament_index
[3.726s] creating /home/jetson/Desktop/robot_dc/install/leadshine_motor/share/ament_index/resource_index
[3.726s] creating /home/jetson/Desktop/robot_dc/install/leadshine_motor/share/ament_index/resource_index/packages
[3.736s] copying resource/leadshine_motor -> /home/jetson/Desktop/robot_dc/install/leadshine_motor/share/ament_index/resource_index/packages
[3.737s] copying package.xml -> /home/jetson/Desktop/robot_dc/install/leadshine_motor/share/leadshine_motor
[3.738s] copying launch/motor_control_launch.py -> /home/jetson/Desktop/robot_dc/install/leadshine_motor/share/leadshine_motor/launch
[3.738s] copying launch/test_motor_simulation_launch.py -> /home/jetson/Desktop/robot_dc/install/leadshine_motor/share/leadshine_motor/launch
[3.738s] running install_egg_info
[3.742s] Copying ../../../build/leadshine_motor/leadshine_motor.egg-info to /home/jetson/Desktop/robot_dc/install/leadshine_motor/lib/python3.10/site-packages/leadshine_motor-0.0.1-py3.10.egg-info
[3.746s] running install_scripts
[3.803s] Installing motor_node script to /home/jetson/Desktop/robot_dc/install/leadshine_motor/lib/leadshine_motor
[3.803s] Installing motor_simulation_node script to /home/jetson/Desktop/robot_dc/install/leadshine_motor/lib/leadshine_motor
[3.804s] writing list of installed files to '/home/jetson/Desktop/robot_dc/build/leadshine_motor/install.log'
[3.892s] Invoked command in '/home/jetson/Desktop/robot_dc/colcon_ws/src/leadshine_motor' returned '0': AMENT_PREFIX_PATH=/home/jetson/Desktop/robot_dc/install/modbus_devices:${AMENT_PREFIX_PATH} PYTHONPATH=/home/jetson/Desktop/robot_dc/build/leadshine_motor/prefix_override:/usr/lib/python3/dist-packages/colcon_core/task/python/colcon_distutils_commands:/home/jetson/Desktop/robot_dc/install/leadshine_motor/lib/python3.10/site-packages:/home/jetson/Desktop/robot_dc/install/modbus_devices/lib/python3.10/site-packages:${PYTHONPATH} /usr/bin/python3 -W ignore:setup.py install is deprecated -W ignore:easy_install command is deprecated setup.py egg_info --egg-base ../../../build/leadshine_motor build --build-base /home/jetson/Desktop/robot_dc/build/leadshine_motor/build install --record /home/jetson/Desktop/robot_dc/build/leadshine_motor/install.log --single-version-externally-managed install_data
