[0.660s] Invoking command in '/home/jetson/Desktop/robot_dc/build/modbus_driver_interfaces': /usr/bin/cmake --build /home/jetson/Desktop/robot_dc/build/modbus_driver_interfaces -- -j6 -l6
[1.326s] [35m[1mConsolidate compiler generated dependencies of target modbus_driver_interfaces__rosidl_generator_c[0m
[1.326s] [  2%] Built target modbus_driver_interfaces__cpp
[1.326s] [ 12%] Built target modbus_driver_interfaces__rosidl_generator_c
[1.326s] [ 12%] Built target ament_cmake_python_copy_modbus_driver_interfaces
[1.326s] [35m[1mConsolidate compiler generated dependencies of target modbus_driver_interfaces__rosidl_typesupport_fastrtps_cpp[0m
[1.326s] [35m[1mConsolidate compiler generated dependencies of target modbus_driver_interfaces__rosidl_typesupport_cpp[0m
[1.327s] [35m[1mConsolidate compiler generated dependencies of target modbus_driver_interfaces__rosidl_typesupport_introspection_cpp[0m
[1.327s] [35m[1mConsolidate compiler generated dependencies of target modbus_driver_interfaces__rosidl_typesupport_fastrtps_c[0m
[1.327s] [35m[1mConsolidate compiler generated dependencies of target modbus_driver_interfaces__rosidl_typesupport_introspection_c[0m
[1.327s] [35m[1mConsolidate compiler generated dependencies of target modbus_driver_interfaces__rosidl_typesupport_c[0m
[1.327s] [ 23%] Built target modbus_driver_interfaces__rosidl_typesupport_fastrtps_cpp
[1.327s] [ 34%] Built target modbus_driver_interfaces__rosidl_typesupport_cpp
[1.328s] [ 44%] Built target modbus_driver_interfaces__rosidl_typesupport_introspection_cpp
[1.328s] [ 55%] Built target modbus_driver_interfaces__rosidl_typesupport_fastrtps_c
[1.329s] [ 65%] Built target modbus_driver_interfaces__rosidl_typesupport_introspection_c
[1.330s] [ 76%] Built target modbus_driver_interfaces__rosidl_typesupport_c
[1.330s] [ 76%] Built target modbus_driver_interfaces
[1.330s] [ 78%] Built target modbus_driver_interfaces__py
[1.330s] [35m[1mConsolidate compiler generated dependencies of target modbus_driver_interfaces__rosidl_generator_py[0m
[1.330s] [ 87%] Built target modbus_driver_interfaces__rosidl_generator_py
[1.330s] [35m[1mConsolidate compiler generated dependencies of target modbus_driver_interfaces__rosidl_typesupport_fastrtps_c__pyext[0m
[1.331s] [35m[1mConsolidate compiler generated dependencies of target modbus_driver_interfaces__rosidl_typesupport_introspection_c__pyext[0m
[1.331s] [35m[1mConsolidate compiler generated dependencies of target modbus_driver_interfaces__rosidl_typesupport_c__pyext[0m
[1.331s] [ 91%] Built target modbus_driver_interfaces__rosidl_typesupport_fastrtps_c__pyext
[1.331s] [ 95%] Built target modbus_driver_interfaces__rosidl_typesupport_c__pyext
[1.331s] [100%] Built target modbus_driver_interfaces__rosidl_typesupport_introspection_c__pyext
[1.464s] running egg_info
[1.465s] writing modbus_driver_interfaces.egg-info/PKG-INFO
[1.466s] writing dependency_links to modbus_driver_interfaces.egg-info/dependency_links.txt
[1.467s] writing top-level names to modbus_driver_interfaces.egg-info/top_level.txt
[1.473s] reading manifest file 'modbus_driver_interfaces.egg-info/SOURCES.txt'
[1.474s] writing manifest file 'modbus_driver_interfaces.egg-info/SOURCES.txt'
[1.554s] [100%] Built target ament_cmake_python_build_modbus_driver_interfaces_egg
[1.977s] Invoked command in '/home/jetson/Desktop/robot_dc/build/modbus_driver_interfaces' returned '0': /usr/bin/cmake --build /home/jetson/Desktop/robot_dc/build/modbus_driver_interfaces -- -j6 -l6
[2.001s] Invoking command in '/home/jetson/Desktop/robot_dc/build/modbus_driver_interfaces': /usr/bin/cmake --install /home/jetson/Desktop/robot_dc/build/modbus_driver_interfaces
[2.019s] -- Install configuration: ""
[2.019s] -- Up-to-date: /home/jetson/Desktop/robot_dc/install/modbus_driver_interfaces/share/ament_index/resource_index/rosidl_interfaces/modbus_driver_interfaces
[2.020s] -- Up-to-date: /home/jetson/Desktop/robot_dc/install/modbus_driver_interfaces/include/modbus_driver_interfaces/modbus_driver_interfaces
[2.020s] -- Up-to-date: /home/jetson/Desktop/robot_dc/install/modbus_driver_interfaces/include/modbus_driver_interfaces/modbus_driver_interfaces/srv
[2.020s] -- Up-to-date: /home/jetson/Desktop/robot_dc/install/modbus_driver_interfaces/include/modbus_driver_interfaces/modbus_driver_interfaces/srv/detail
[2.020s] -- Up-to-date: /home/jetson/Desktop/robot_dc/install/modbus_driver_interfaces/include/modbus_driver_interfaces/modbus_driver_interfaces/srv/detail/modbus_request__type_support.h
[2.020s] -- Up-to-date: /home/jetson/Desktop/robot_dc/install/modbus_driver_interfaces/include/modbus_driver_interfaces/modbus_driver_interfaces/srv/detail/modbus_request__functions.c
[2.021s] -- Up-to-date: /home/jetson/Desktop/robot_dc/install/modbus_driver_interfaces/include/modbus_driver_interfaces/modbus_driver_interfaces/srv/detail/modbus_request__struct.h
[2.021s] -- Up-to-date: /home/jetson/Desktop/robot_dc/install/modbus_driver_interfaces/include/modbus_driver_interfaces/modbus_driver_interfaces/srv/detail/modbus_request__functions.h
[2.021s] -- Up-to-date: /home/jetson/Desktop/robot_dc/install/modbus_driver_interfaces/include/modbus_driver_interfaces/modbus_driver_interfaces/srv/modbus_request.h
[2.021s] -- Up-to-date: /home/jetson/Desktop/robot_dc/install/modbus_driver_interfaces/include/modbus_driver_interfaces/modbus_driver_interfaces/msg
[2.021s] -- Up-to-date: /home/jetson/Desktop/robot_dc/install/modbus_driver_interfaces/include/modbus_driver_interfaces/modbus_driver_interfaces/msg/motor_simulation_status.h
[2.022s] -- Up-to-date: /home/jetson/Desktop/robot_dc/install/modbus_driver_interfaces/include/modbus_driver_interfaces/modbus_driver_interfaces/msg/modbus_packet.h
[2.022s] -- Up-to-date: /home/jetson/Desktop/robot_dc/install/modbus_driver_interfaces/include/modbus_driver_interfaces/modbus_driver_interfaces/msg/rosidl_generator_c__visibility_control.h
[2.022s] -- Up-to-date: /home/jetson/Desktop/robot_dc/install/modbus_driver_interfaces/include/modbus_driver_interfaces/modbus_driver_interfaces/msg/detail
[2.022s] -- Up-to-date: /home/jetson/Desktop/robot_dc/install/modbus_driver_interfaces/include/modbus_driver_interfaces/modbus_driver_interfaces/msg/detail/modbus_packet__functions.c
[2.022s] -- Up-to-date: /home/jetson/Desktop/robot_dc/install/modbus_driver_interfaces/include/modbus_driver_interfaces/modbus_driver_interfaces/msg/detail/motor_simulation_status__functions.c
[2.022s] -- Up-to-date: /home/jetson/Desktop/robot_dc/install/modbus_driver_interfaces/include/modbus_driver_interfaces/modbus_driver_interfaces/msg/detail/motor_simulation_status__struct.h
[2.022s] -- Up-to-date: /home/jetson/Desktop/robot_dc/install/modbus_driver_interfaces/include/modbus_driver_interfaces/modbus_driver_interfaces/msg/detail/modbus_packet__type_support.h
[2.023s] -- Up-to-date: /home/jetson/Desktop/robot_dc/install/modbus_driver_interfaces/include/modbus_driver_interfaces/modbus_driver_interfaces/msg/detail/motor_simulation_status__functions.h
[2.023s] -- Up-to-date: /home/jetson/Desktop/robot_dc/install/modbus_driver_interfaces/include/modbus_driver_interfaces/modbus_driver_interfaces/msg/detail/modbus_packet__struct.h
[2.023s] -- Up-to-date: /home/jetson/Desktop/robot_dc/install/modbus_driver_interfaces/include/modbus_driver_interfaces/modbus_driver_interfaces/msg/detail/modbus_packet__functions.h
[2.023s] -- Up-to-date: /home/jetson/Desktop/robot_dc/install/modbus_driver_interfaces/include/modbus_driver_interfaces/modbus_driver_interfaces/msg/detail/motor_simulation_status__type_support.h
[2.023s] -- Up-to-date: /home/jetson/Desktop/robot_dc/install/modbus_driver_interfaces/share/modbus_driver_interfaces/environment/library_path.sh
[2.023s] -- Up-to-date: /home/jetson/Desktop/robot_dc/install/modbus_driver_interfaces/share/modbus_driver_interfaces/environment/library_path.dsv
[2.024s] -- Up-to-date: /home/jetson/Desktop/robot_dc/install/modbus_driver_interfaces/lib/libmodbus_driver_interfaces__rosidl_generator_c.so
[2.024s] -- Up-to-date: /home/jetson/Desktop/robot_dc/install/modbus_driver_interfaces/include/modbus_driver_interfaces/modbus_driver_interfaces
[2.024s] -- Up-to-date: /home/jetson/Desktop/robot_dc/install/modbus_driver_interfaces/include/modbus_driver_interfaces/modbus_driver_interfaces/srv
[2.024s] -- Up-to-date: /home/jetson/Desktop/robot_dc/install/modbus_driver_interfaces/include/modbus_driver_interfaces/modbus_driver_interfaces/srv/detail
[2.025s] -- Up-to-date: /home/jetson/Desktop/robot_dc/install/modbus_driver_interfaces/include/modbus_driver_interfaces/modbus_driver_interfaces/srv/detail/modbus_request__rosidl_typesupport_fastrtps_c.h
[2.025s] -- Up-to-date: /home/jetson/Desktop/robot_dc/install/modbus_driver_interfaces/include/modbus_driver_interfaces/modbus_driver_interfaces/msg
[2.026s] -- Up-to-date: /home/jetson/Desktop/robot_dc/install/modbus_driver_interfaces/include/modbus_driver_interfaces/modbus_driver_interfaces/msg/rosidl_typesupport_fastrtps_c__visibility_control.h
[2.026s] -- Up-to-date: /home/jetson/Desktop/robot_dc/install/modbus_driver_interfaces/include/modbus_driver_interfaces/modbus_driver_interfaces/msg/detail
[2.026s] -- Up-to-date: /home/jetson/Desktop/robot_dc/install/modbus_driver_interfaces/include/modbus_driver_interfaces/modbus_driver_interfaces/msg/detail/motor_simulation_status__rosidl_typesupport_fastrtps_c.h
[2.026s] -- Up-to-date: /home/jetson/Desktop/robot_dc/install/modbus_driver_interfaces/include/modbus_driver_interfaces/modbus_driver_interfaces/msg/detail/modbus_packet__rosidl_typesupport_fastrtps_c.h
[2.027s] -- Up-to-date: /home/jetson/Desktop/robot_dc/install/modbus_driver_interfaces/lib/libmodbus_driver_interfaces__rosidl_typesupport_fastrtps_c.so
[2.027s] -- Up-to-date: /home/jetson/Desktop/robot_dc/install/modbus_driver_interfaces/include/modbus_driver_interfaces/modbus_driver_interfaces
[2.028s] -- Up-to-date: /home/jetson/Desktop/robot_dc/install/modbus_driver_interfaces/include/modbus_driver_interfaces/modbus_driver_interfaces/srv
[2.028s] -- Up-to-date: /home/jetson/Desktop/robot_dc/install/modbus_driver_interfaces/include/modbus_driver_interfaces/modbus_driver_interfaces/srv/detail
[2.028s] -- Up-to-date: /home/jetson/Desktop/robot_dc/install/modbus_driver_interfaces/include/modbus_driver_interfaces/modbus_driver_interfaces/srv/detail/modbus_request__rosidl_typesupport_introspection_c.h
[2.028s] -- Up-to-date: /home/jetson/Desktop/robot_dc/install/modbus_driver_interfaces/include/modbus_driver_interfaces/modbus_driver_interfaces/srv/detail/modbus_request__type_support.c
[2.028s] -- Up-to-date: /home/jetson/Desktop/robot_dc/install/modbus_driver_interfaces/include/modbus_driver_interfaces/modbus_driver_interfaces/msg
[2.028s] -- Up-to-date: /home/jetson/Desktop/robot_dc/install/modbus_driver_interfaces/include/modbus_driver_interfaces/modbus_driver_interfaces/msg/rosidl_typesupport_introspection_c__visibility_control.h
[2.029s] -- Up-to-date: /home/jetson/Desktop/robot_dc/install/modbus_driver_interfaces/include/modbus_driver_interfaces/modbus_driver_interfaces/msg/detail
[2.029s] -- Up-to-date: /home/jetson/Desktop/robot_dc/install/modbus_driver_interfaces/include/modbus_driver_interfaces/modbus_driver_interfaces/msg/detail/modbus_packet__rosidl_typesupport_introspection_c.h
[2.029s] -- Up-to-date: /home/jetson/Desktop/robot_dc/install/modbus_driver_interfaces/include/modbus_driver_interfaces/modbus_driver_interfaces/msg/detail/motor_simulation_status__type_support.c
[2.029s] -- Up-to-date: /home/jetson/Desktop/robot_dc/install/modbus_driver_interfaces/include/modbus_driver_interfaces/modbus_driver_interfaces/msg/detail/motor_simulation_status__rosidl_typesupport_introspection_c.h
[2.030s] -- Up-to-date: /home/jetson/Desktop/robot_dc/install/modbus_driver_interfaces/include/modbus_driver_interfaces/modbus_driver_interfaces/msg/detail/modbus_packet__type_support.c
[2.030s] -- Up-to-date: /home/jetson/Desktop/robot_dc/install/modbus_driver_interfaces/lib/libmodbus_driver_interfaces__rosidl_typesupport_introspection_c.so
[2.030s] -- Up-to-date: /home/jetson/Desktop/robot_dc/install/modbus_driver_interfaces/lib/libmodbus_driver_interfaces__rosidl_typesupport_c.so
[2.030s] -- Up-to-date: /home/jetson/Desktop/robot_dc/install/modbus_driver_interfaces/include/modbus_driver_interfaces/modbus_driver_interfaces
[2.030s] -- Up-to-date: /home/jetson/Desktop/robot_dc/install/modbus_driver_interfaces/include/modbus_driver_interfaces/modbus_driver_interfaces/srv
[2.031s] -- Up-to-date: /home/jetson/Desktop/robot_dc/install/modbus_driver_interfaces/include/modbus_driver_interfaces/modbus_driver_interfaces/srv/modbus_request.hpp
[2.031s] -- Up-to-date: /home/jetson/Desktop/robot_dc/install/modbus_driver_interfaces/include/modbus_driver_interfaces/modbus_driver_interfaces/srv/detail
[2.032s] -- Up-to-date: /home/jetson/Desktop/robot_dc/install/modbus_driver_interfaces/include/modbus_driver_interfaces/modbus_driver_interfaces/srv/detail/modbus_request__struct.hpp
[2.032s] -- Up-to-date: /home/jetson/Desktop/robot_dc/install/modbus_driver_interfaces/include/modbus_driver_interfaces/modbus_driver_interfaces/srv/detail/modbus_request__type_support.hpp
[2.032s] -- Up-to-date: /home/jetson/Desktop/robot_dc/install/modbus_driver_interfaces/include/modbus_driver_interfaces/modbus_driver_interfaces/srv/detail/modbus_request__builder.hpp
[2.032s] -- Up-to-date: /home/jetson/Desktop/robot_dc/install/modbus_driver_interfaces/include/modbus_driver_interfaces/modbus_driver_interfaces/srv/detail/modbus_request__traits.hpp
[2.032s] -- Up-to-date: /home/jetson/Desktop/robot_dc/install/modbus_driver_interfaces/include/modbus_driver_interfaces/modbus_driver_interfaces/msg
[2.032s] -- Up-to-date: /home/jetson/Desktop/robot_dc/install/modbus_driver_interfaces/include/modbus_driver_interfaces/modbus_driver_interfaces/msg/motor_simulation_status.hpp
[2.033s] -- Up-to-date: /home/jetson/Desktop/robot_dc/install/modbus_driver_interfaces/include/modbus_driver_interfaces/modbus_driver_interfaces/msg/rosidl_generator_cpp__visibility_control.hpp
[2.033s] -- Up-to-date: /home/jetson/Desktop/robot_dc/install/modbus_driver_interfaces/include/modbus_driver_interfaces/modbus_driver_interfaces/msg/modbus_packet.hpp
[2.033s] -- Up-to-date: /home/jetson/Desktop/robot_dc/install/modbus_driver_interfaces/include/modbus_driver_interfaces/modbus_driver_interfaces/msg/detail
[2.033s] -- Up-to-date: /home/jetson/Desktop/robot_dc/install/modbus_driver_interfaces/include/modbus_driver_interfaces/modbus_driver_interfaces/msg/detail/motor_simulation_status__type_support.hpp
[2.033s] -- Up-to-date: /home/jetson/Desktop/robot_dc/install/modbus_driver_interfaces/include/modbus_driver_interfaces/modbus_driver_interfaces/msg/detail/modbus_packet__traits.hpp
[2.033s] -- Up-to-date: /home/jetson/Desktop/robot_dc/install/modbus_driver_interfaces/include/modbus_driver_interfaces/modbus_driver_interfaces/msg/detail/motor_simulation_status__traits.hpp
[2.033s] -- Up-to-date: /home/jetson/Desktop/robot_dc/install/modbus_driver_interfaces/include/modbus_driver_interfaces/modbus_driver_interfaces/msg/detail/motor_simulation_status__struct.hpp
[2.034s] -- Up-to-date: /home/jetson/Desktop/robot_dc/install/modbus_driver_interfaces/include/modbus_driver_interfaces/modbus_driver_interfaces/msg/detail/modbus_packet__type_support.hpp
[2.034s] -- Up-to-date: /home/jetson/Desktop/robot_dc/install/modbus_driver_interfaces/include/modbus_driver_interfaces/modbus_driver_interfaces/msg/detail/motor_simulation_status__builder.hpp
[2.034s] -- Up-to-date: /home/jetson/Desktop/robot_dc/install/modbus_driver_interfaces/include/modbus_driver_interfaces/modbus_driver_interfaces/msg/detail/modbus_packet__struct.hpp
[2.034s] -- Up-to-date: /home/jetson/Desktop/robot_dc/install/modbus_driver_interfaces/include/modbus_driver_interfaces/modbus_driver_interfaces/msg/detail/modbus_packet__builder.hpp
[2.034s] -- Up-to-date: /home/jetson/Desktop/robot_dc/install/modbus_driver_interfaces/include/modbus_driver_interfaces/modbus_driver_interfaces
[2.034s] -- Up-to-date: /home/jetson/Desktop/robot_dc/install/modbus_driver_interfaces/include/modbus_driver_interfaces/modbus_driver_interfaces/srv
[2.034s] -- Up-to-date: /home/jetson/Desktop/robot_dc/install/modbus_driver_interfaces/include/modbus_driver_interfaces/modbus_driver_interfaces/srv/detail
[2.035s] -- Up-to-date: /home/jetson/Desktop/robot_dc/install/modbus_driver_interfaces/include/modbus_driver_interfaces/modbus_driver_interfaces/srv/detail/modbus_request__rosidl_typesupport_fastrtps_cpp.hpp
[2.035s] -- Up-to-date: /home/jetson/Desktop/robot_dc/install/modbus_driver_interfaces/include/modbus_driver_interfaces/modbus_driver_interfaces/srv/detail/dds_fastrtps
[2.035s] -- Up-to-date: /home/jetson/Desktop/robot_dc/install/modbus_driver_interfaces/include/modbus_driver_interfaces/modbus_driver_interfaces/msg
[2.035s] -- Up-to-date: /home/jetson/Desktop/robot_dc/install/modbus_driver_interfaces/include/modbus_driver_interfaces/modbus_driver_interfaces/msg/rosidl_typesupport_fastrtps_cpp__visibility_control.h
[2.035s] -- Up-to-date: /home/jetson/Desktop/robot_dc/install/modbus_driver_interfaces/include/modbus_driver_interfaces/modbus_driver_interfaces/msg/detail
[2.035s] -- Up-to-date: /home/jetson/Desktop/robot_dc/install/modbus_driver_interfaces/include/modbus_driver_interfaces/modbus_driver_interfaces/msg/detail/modbus_packet__rosidl_typesupport_fastrtps_cpp.hpp
[2.036s] -- Up-to-date: /home/jetson/Desktop/robot_dc/install/modbus_driver_interfaces/include/modbus_driver_interfaces/modbus_driver_interfaces/msg/detail/dds_fastrtps
[2.036s] -- Up-to-date: /home/jetson/Desktop/robot_dc/install/modbus_driver_interfaces/include/modbus_driver_interfaces/modbus_driver_interfaces/msg/detail/motor_simulation_status__rosidl_typesupport_fastrtps_cpp.hpp
[2.036s] -- Up-to-date: /home/jetson/Desktop/robot_dc/install/modbus_driver_interfaces/lib/libmodbus_driver_interfaces__rosidl_typesupport_fastrtps_cpp.so
[2.036s] -- Up-to-date: /home/jetson/Desktop/robot_dc/install/modbus_driver_interfaces/include/modbus_driver_interfaces/modbus_driver_interfaces
[2.036s] -- Up-to-date: /home/jetson/Desktop/robot_dc/install/modbus_driver_interfaces/include/modbus_driver_interfaces/modbus_driver_interfaces/srv
[2.036s] -- Up-to-date: /home/jetson/Desktop/robot_dc/install/modbus_driver_interfaces/include/modbus_driver_interfaces/modbus_driver_interfaces/srv/detail
[2.036s] -- Up-to-date: /home/jetson/Desktop/robot_dc/install/modbus_driver_interfaces/include/modbus_driver_interfaces/modbus_driver_interfaces/srv/detail/modbus_request__type_support.cpp
[2.037s] -- Up-to-date: /home/jetson/Desktop/robot_dc/install/modbus_driver_interfaces/include/modbus_driver_interfaces/modbus_driver_interfaces/srv/detail/modbus_request__rosidl_typesupport_introspection_cpp.hpp
[2.037s] -- Up-to-date: /home/jetson/Desktop/robot_dc/install/modbus_driver_interfaces/include/modbus_driver_interfaces/modbus_driver_interfaces/msg
[2.037s] -- Up-to-date: /home/jetson/Desktop/robot_dc/install/modbus_driver_interfaces/include/modbus_driver_interfaces/modbus_driver_interfaces/msg/detail
[2.037s] -- Up-to-date: /home/jetson/Desktop/robot_dc/install/modbus_driver_interfaces/include/modbus_driver_interfaces/modbus_driver_interfaces/msg/detail/motor_simulation_status__rosidl_typesupport_introspection_cpp.hpp
[2.037s] -- Up-to-date: /home/jetson/Desktop/robot_dc/install/modbus_driver_interfaces/include/modbus_driver_interfaces/modbus_driver_interfaces/msg/detail/modbus_packet__rosidl_typesupport_introspection_cpp.hpp
[2.037s] -- Up-to-date: /home/jetson/Desktop/robot_dc/install/modbus_driver_interfaces/include/modbus_driver_interfaces/modbus_driver_interfaces/msg/detail/motor_simulation_status__type_support.cpp
[2.038s] -- Up-to-date: /home/jetson/Desktop/robot_dc/install/modbus_driver_interfaces/include/modbus_driver_interfaces/modbus_driver_interfaces/msg/detail/modbus_packet__type_support.cpp
[2.038s] -- Up-to-date: /home/jetson/Desktop/robot_dc/install/modbus_driver_interfaces/lib/libmodbus_driver_interfaces__rosidl_typesupport_introspection_cpp.so
[2.038s] -- Up-to-date: /home/jetson/Desktop/robot_dc/install/modbus_driver_interfaces/lib/libmodbus_driver_interfaces__rosidl_typesupport_cpp.so
[2.038s] -- Up-to-date: /home/jetson/Desktop/robot_dc/install/modbus_driver_interfaces/share/modbus_driver_interfaces/environment/pythonpath.sh
[2.038s] -- Up-to-date: /home/jetson/Desktop/robot_dc/install/modbus_driver_interfaces/share/modbus_driver_interfaces/environment/pythonpath.dsv
[2.038s] -- Up-to-date: /home/jetson/Desktop/robot_dc/install/modbus_driver_interfaces/local/lib/python3.10/dist-packages/modbus_driver_interfaces-0.0.0-py3.10.egg-info
[2.038s] -- Installing: /home/jetson/Desktop/robot_dc/install/modbus_driver_interfaces/local/lib/python3.10/dist-packages/modbus_driver_interfaces-0.0.0-py3.10.egg-info/SOURCES.txt
[2.039s] -- Installing: /home/jetson/Desktop/robot_dc/install/modbus_driver_interfaces/local/lib/python3.10/dist-packages/modbus_driver_interfaces-0.0.0-py3.10.egg-info/top_level.txt
[2.039s] -- Installing: /home/jetson/Desktop/robot_dc/install/modbus_driver_interfaces/local/lib/python3.10/dist-packages/modbus_driver_interfaces-0.0.0-py3.10.egg-info/PKG-INFO
[2.039s] -- Installing: /home/jetson/Desktop/robot_dc/install/modbus_driver_interfaces/local/lib/python3.10/dist-packages/modbus_driver_interfaces-0.0.0-py3.10.egg-info/dependency_links.txt
[2.039s] -- Up-to-date: /home/jetson/Desktop/robot_dc/install/modbus_driver_interfaces/local/lib/python3.10/dist-packages/modbus_driver_interfaces
[2.039s] -- Up-to-date: /home/jetson/Desktop/robot_dc/install/modbus_driver_interfaces/local/lib/python3.10/dist-packages/modbus_driver_interfaces/libmodbus_driver_interfaces__rosidl_generator_py.so
[2.039s] -- Up-to-date: /home/jetson/Desktop/robot_dc/install/modbus_driver_interfaces/local/lib/python3.10/dist-packages/modbus_driver_interfaces/modbus_driver_interfaces_s__rosidl_typesupport_fastrtps_c.cpython-310-aarch64-linux-gnu.so
[2.039s] -- Up-to-date: /home/jetson/Desktop/robot_dc/install/modbus_driver_interfaces/local/lib/python3.10/dist-packages/modbus_driver_interfaces/_modbus_driver_interfaces_s.ep.rosidl_typesupport_introspection_c.c
[2.040s] -- Up-to-date: /home/jetson/Desktop/robot_dc/install/modbus_driver_interfaces/local/lib/python3.10/dist-packages/modbus_driver_interfaces/modbus_driver_interfaces_s__rosidl_typesupport_c.cpython-310-aarch64-linux-gnu.so
[2.040s] -- Up-to-date: /home/jetson/Desktop/robot_dc/install/modbus_driver_interfaces/local/lib/python3.10/dist-packages/modbus_driver_interfaces/modbus_driver_interfaces_s__rosidl_typesupport_introspection_c.cpython-310-aarch64-linux-gnu.so
[2.040s] -- Up-to-date: /home/jetson/Desktop/robot_dc/install/modbus_driver_interfaces/local/lib/python3.10/dist-packages/modbus_driver_interfaces/srv
[2.040s] -- Up-to-date: /home/jetson/Desktop/robot_dc/install/modbus_driver_interfaces/local/lib/python3.10/dist-packages/modbus_driver_interfaces/srv/_modbus_request.py
[2.040s] -- Up-to-date: /home/jetson/Desktop/robot_dc/install/modbus_driver_interfaces/local/lib/python3.10/dist-packages/modbus_driver_interfaces/srv/_modbus_request_s.c
[2.040s] -- Up-to-date: /home/jetson/Desktop/robot_dc/install/modbus_driver_interfaces/local/lib/python3.10/dist-packages/modbus_driver_interfaces/srv/__init__.py
[2.041s] -- Up-to-date: /home/jetson/Desktop/robot_dc/install/modbus_driver_interfaces/local/lib/python3.10/dist-packages/modbus_driver_interfaces/__init__.py
[2.041s] -- Up-to-date: /home/jetson/Desktop/robot_dc/install/modbus_driver_interfaces/local/lib/python3.10/dist-packages/modbus_driver_interfaces/_modbus_driver_interfaces_s.ep.rosidl_typesupport_c.c
[2.041s] -- Up-to-date: /home/jetson/Desktop/robot_dc/install/modbus_driver_interfaces/local/lib/python3.10/dist-packages/modbus_driver_interfaces/_modbus_driver_interfaces_s.ep.rosidl_typesupport_fastrtps_c.c
[2.041s] -- Up-to-date: /home/jetson/Desktop/robot_dc/install/modbus_driver_interfaces/local/lib/python3.10/dist-packages/modbus_driver_interfaces/msg
[2.041s] -- Up-to-date: /home/jetson/Desktop/robot_dc/install/modbus_driver_interfaces/local/lib/python3.10/dist-packages/modbus_driver_interfaces/msg/_motor_simulation_status_s.c
[2.041s] -- Up-to-date: /home/jetson/Desktop/robot_dc/install/modbus_driver_interfaces/local/lib/python3.10/dist-packages/modbus_driver_interfaces/msg/_modbus_packet.py
[2.041s] -- Up-to-date: /home/jetson/Desktop/robot_dc/install/modbus_driver_interfaces/local/lib/python3.10/dist-packages/modbus_driver_interfaces/msg/_modbus_packet_s.c
[2.042s] -- Up-to-date: /home/jetson/Desktop/robot_dc/install/modbus_driver_interfaces/local/lib/python3.10/dist-packages/modbus_driver_interfaces/msg/__init__.py
[2.042s] -- Up-to-date: /home/jetson/Desktop/robot_dc/install/modbus_driver_interfaces/local/lib/python3.10/dist-packages/modbus_driver_interfaces/msg/_motor_simulation_status.py
[2.117s] Listing '/home/jetson/Desktop/robot_dc/install/modbus_driver_interfaces/local/lib/python3.10/dist-packages/modbus_driver_interfaces'...
[2.117s] Listing '/home/jetson/Desktop/robot_dc/install/modbus_driver_interfaces/local/lib/python3.10/dist-packages/modbus_driver_interfaces/msg'...
[2.117s] Listing '/home/jetson/Desktop/robot_dc/install/modbus_driver_interfaces/local/lib/python3.10/dist-packages/modbus_driver_interfaces/srv'...
[2.130s] -- Up-to-date: /home/jetson/Desktop/robot_dc/install/modbus_driver_interfaces/local/lib/python3.10/dist-packages/modbus_driver_interfaces/modbus_driver_interfaces_s__rosidl_typesupport_fastrtps_c.cpython-310-aarch64-linux-gnu.so
[2.130s] -- Up-to-date: /home/jetson/Desktop/robot_dc/install/modbus_driver_interfaces/local/lib/python3.10/dist-packages/modbus_driver_interfaces/modbus_driver_interfaces_s__rosidl_typesupport_introspection_c.cpython-310-aarch64-linux-gnu.so
[2.131s] -- Up-to-date: /home/jetson/Desktop/robot_dc/install/modbus_driver_interfaces/local/lib/python3.10/dist-packages/modbus_driver_interfaces/modbus_driver_interfaces_s__rosidl_typesupport_c.cpython-310-aarch64-linux-gnu.so
[2.133s] -- Up-to-date: /home/jetson/Desktop/robot_dc/install/modbus_driver_interfaces/lib/libmodbus_driver_interfaces__rosidl_generator_py.so
[2.134s] -- Up-to-date: /home/jetson/Desktop/robot_dc/install/modbus_driver_interfaces/share/modbus_driver_interfaces/srv/ModbusRequest.idl
[2.134s] -- Up-to-date: /home/jetson/Desktop/robot_dc/install/modbus_driver_interfaces/share/modbus_driver_interfaces/msg/ModbusPacket.idl
[2.135s] -- Up-to-date: /home/jetson/Desktop/robot_dc/install/modbus_driver_interfaces/share/modbus_driver_interfaces/msg/MotorSimulationStatus.idl
[2.135s] -- Up-to-date: /home/jetson/Desktop/robot_dc/install/modbus_driver_interfaces/share/modbus_driver_interfaces/srv/ModbusRequest.srv
[2.136s] -- Up-to-date: /home/jetson/Desktop/robot_dc/install/modbus_driver_interfaces/share/modbus_driver_interfaces/srv/ModbusRequest_Request.msg
[2.136s] -- Up-to-date: /home/jetson/Desktop/robot_dc/install/modbus_driver_interfaces/share/modbus_driver_interfaces/srv/ModbusRequest_Response.msg
[2.136s] -- Up-to-date: /home/jetson/Desktop/robot_dc/install/modbus_driver_interfaces/share/modbus_driver_interfaces/msg/ModbusPacket.msg
[2.136s] -- Up-to-date: /home/jetson/Desktop/robot_dc/install/modbus_driver_interfaces/share/modbus_driver_interfaces/msg/MotorSimulationStatus.msg
[2.136s] -- Up-to-date: /home/jetson/Desktop/robot_dc/install/modbus_driver_interfaces/share/ament_index/resource_index/package_run_dependencies/modbus_driver_interfaces
[2.137s] -- Up-to-date: /home/jetson/Desktop/robot_dc/install/modbus_driver_interfaces/share/ament_index/resource_index/parent_prefix_path/modbus_driver_interfaces
[2.137s] -- Up-to-date: /home/jetson/Desktop/robot_dc/install/modbus_driver_interfaces/share/modbus_driver_interfaces/environment/ament_prefix_path.sh
[2.138s] -- Up-to-date: /home/jetson/Desktop/robot_dc/install/modbus_driver_interfaces/share/modbus_driver_interfaces/environment/ament_prefix_path.dsv
[2.138s] -- Up-to-date: /home/jetson/Desktop/robot_dc/install/modbus_driver_interfaces/share/modbus_driver_interfaces/environment/path.sh
[2.138s] -- Up-to-date: /home/jetson/Desktop/robot_dc/install/modbus_driver_interfaces/share/modbus_driver_interfaces/environment/path.dsv
[2.138s] -- Up-to-date: /home/jetson/Desktop/robot_dc/install/modbus_driver_interfaces/share/modbus_driver_interfaces/local_setup.bash
[2.139s] -- Up-to-date: /home/jetson/Desktop/robot_dc/install/modbus_driver_interfaces/share/modbus_driver_interfaces/local_setup.sh
[2.139s] -- Up-to-date: /home/jetson/Desktop/robot_dc/install/modbus_driver_interfaces/share/modbus_driver_interfaces/local_setup.zsh
[2.139s] -- Up-to-date: /home/jetson/Desktop/robot_dc/install/modbus_driver_interfaces/share/modbus_driver_interfaces/local_setup.dsv
[2.140s] -- Installing: /home/jetson/Desktop/robot_dc/install/modbus_driver_interfaces/share/modbus_driver_interfaces/package.dsv
[2.140s] -- Up-to-date: /home/jetson/Desktop/robot_dc/install/modbus_driver_interfaces/share/ament_index/resource_index/packages/modbus_driver_interfaces
[2.140s] -- Up-to-date: /home/jetson/Desktop/robot_dc/install/modbus_driver_interfaces/share/modbus_driver_interfaces/cmake/export_modbus_driver_interfaces__rosidl_generator_cExport.cmake
[2.140s] -- Up-to-date: /home/jetson/Desktop/robot_dc/install/modbus_driver_interfaces/share/modbus_driver_interfaces/cmake/export_modbus_driver_interfaces__rosidl_generator_cExport-noconfig.cmake
[2.141s] -- Up-to-date: /home/jetson/Desktop/robot_dc/install/modbus_driver_interfaces/share/modbus_driver_interfaces/cmake/export_modbus_driver_interfaces__rosidl_typesupport_fastrtps_cExport.cmake
[2.141s] -- Up-to-date: /home/jetson/Desktop/robot_dc/install/modbus_driver_interfaces/share/modbus_driver_interfaces/cmake/export_modbus_driver_interfaces__rosidl_typesupport_fastrtps_cExport-noconfig.cmake
[2.141s] -- Up-to-date: /home/jetson/Desktop/robot_dc/install/modbus_driver_interfaces/share/modbus_driver_interfaces/cmake/modbus_driver_interfaces__rosidl_typesupport_introspection_cExport.cmake
[2.141s] -- Up-to-date: /home/jetson/Desktop/robot_dc/install/modbus_driver_interfaces/share/modbus_driver_interfaces/cmake/modbus_driver_interfaces__rosidl_typesupport_introspection_cExport-noconfig.cmake
[2.141s] -- Up-to-date: /home/jetson/Desktop/robot_dc/install/modbus_driver_interfaces/share/modbus_driver_interfaces/cmake/modbus_driver_interfaces__rosidl_typesupport_cExport.cmake
[2.141s] -- Up-to-date: /home/jetson/Desktop/robot_dc/install/modbus_driver_interfaces/share/modbus_driver_interfaces/cmake/modbus_driver_interfaces__rosidl_typesupport_cExport-noconfig.cmake
[2.142s] -- Up-to-date: /home/jetson/Desktop/robot_dc/install/modbus_driver_interfaces/share/modbus_driver_interfaces/cmake/export_modbus_driver_interfaces__rosidl_generator_cppExport.cmake
[2.142s] -- Up-to-date: /home/jetson/Desktop/robot_dc/install/modbus_driver_interfaces/share/modbus_driver_interfaces/cmake/export_modbus_driver_interfaces__rosidl_typesupport_fastrtps_cppExport.cmake
[2.142s] -- Up-to-date: /home/jetson/Desktop/robot_dc/install/modbus_driver_interfaces/share/modbus_driver_interfaces/cmake/export_modbus_driver_interfaces__rosidl_typesupport_fastrtps_cppExport-noconfig.cmake
[2.142s] -- Up-to-date: /home/jetson/Desktop/robot_dc/install/modbus_driver_interfaces/share/modbus_driver_interfaces/cmake/modbus_driver_interfaces__rosidl_typesupport_introspection_cppExport.cmake
[2.142s] -- Up-to-date: /home/jetson/Desktop/robot_dc/install/modbus_driver_interfaces/share/modbus_driver_interfaces/cmake/modbus_driver_interfaces__rosidl_typesupport_introspection_cppExport-noconfig.cmake
[2.142s] -- Up-to-date: /home/jetson/Desktop/robot_dc/install/modbus_driver_interfaces/share/modbus_driver_interfaces/cmake/modbus_driver_interfaces__rosidl_typesupport_cppExport.cmake
[2.142s] -- Up-to-date: /home/jetson/Desktop/robot_dc/install/modbus_driver_interfaces/share/modbus_driver_interfaces/cmake/modbus_driver_interfaces__rosidl_typesupport_cppExport-noconfig.cmake
[2.143s] -- Up-to-date: /home/jetson/Desktop/robot_dc/install/modbus_driver_interfaces/share/modbus_driver_interfaces/cmake/export_modbus_driver_interfaces__rosidl_generator_pyExport.cmake
[2.143s] -- Up-to-date: /home/jetson/Desktop/robot_dc/install/modbus_driver_interfaces/share/modbus_driver_interfaces/cmake/export_modbus_driver_interfaces__rosidl_generator_pyExport-noconfig.cmake
[2.143s] -- Up-to-date: /home/jetson/Desktop/robot_dc/install/modbus_driver_interfaces/share/modbus_driver_interfaces/cmake/rosidl_cmake-extras.cmake
[2.143s] -- Up-to-date: /home/jetson/Desktop/robot_dc/install/modbus_driver_interfaces/share/modbus_driver_interfaces/cmake/ament_cmake_export_include_directories-extras.cmake
[2.143s] -- Up-to-date: /home/jetson/Desktop/robot_dc/install/modbus_driver_interfaces/share/modbus_driver_interfaces/cmake/ament_cmake_export_libraries-extras.cmake
[2.143s] -- Up-to-date: /home/jetson/Desktop/robot_dc/install/modbus_driver_interfaces/share/modbus_driver_interfaces/cmake/ament_cmake_export_targets-extras.cmake
[2.144s] -- Up-to-date: /home/jetson/Desktop/robot_dc/install/modbus_driver_interfaces/share/modbus_driver_interfaces/cmake/rosidl_cmake_export_typesupport_targets-extras.cmake
[2.144s] -- Up-to-date: /home/jetson/Desktop/robot_dc/install/modbus_driver_interfaces/share/modbus_driver_interfaces/cmake/ament_cmake_export_dependencies-extras.cmake
[2.144s] -- Up-to-date: /home/jetson/Desktop/robot_dc/install/modbus_driver_interfaces/share/modbus_driver_interfaces/cmake/rosidl_cmake_export_typesupport_libraries-extras.cmake
[2.144s] -- Up-to-date: /home/jetson/Desktop/robot_dc/install/modbus_driver_interfaces/share/modbus_driver_interfaces/cmake/modbus_driver_interfacesConfig.cmake
[2.144s] -- Up-to-date: /home/jetson/Desktop/robot_dc/install/modbus_driver_interfaces/share/modbus_driver_interfaces/cmake/modbus_driver_interfacesConfig-version.cmake
[2.144s] -- Up-to-date: /home/jetson/Desktop/robot_dc/install/modbus_driver_interfaces/share/modbus_driver_interfaces/package.xml
[2.156s] Invoked command in '/home/jetson/Desktop/robot_dc/build/modbus_driver_interfaces' returned '0': /usr/bin/cmake --install /home/jetson/Desktop/robot_dc/build/modbus_driver_interfaces
