[3.292s] Invoking command in '/home/jetson/Desktop/robot_dc/colcon_ws/src/robot_web': PYTHONPATH=/home/jetson/Desktop/robot_dc/build/robot_web/prefix_override:/usr/lib/python3/dist-packages/colcon_core/task/python/colcon_distutils_commands:/home/jetson/Desktop/robot_dc/install/robot_web/lib/python3.10/site-packages:${PYTHONPATH} /usr/bin/python3 -W ignore:setup.py install is deprecated -W ignore:easy_install command is deprecated setup.py egg_info --egg-base ../../../build/robot_web build --build-base /home/jetson/Desktop/robot_dc/build/robot_web/build install --record /home/jetson/Desktop/robot_dc/build/robot_web/install.log --single-version-externally-managed install_data
[3.905s] running egg_info
[3.907s] creating ../../../build/robot_web/robot_web.egg-info
[3.907s] writing ../../../build/robot_web/robot_web.egg-info/PKG-INFO
[3.908s] writing dependency_links to ../../../build/robot_web/robot_web.egg-info/dependency_links.txt
[3.908s] writing entry points to ../../../build/robot_web/robot_web.egg-info/entry_points.txt
[3.909s] writing requirements to ../../../build/robot_web/robot_web.egg-info/requires.txt
[3.909s] writing top-level names to ../../../build/robot_web/robot_web.egg-info/top_level.txt
[3.909s] writing manifest file '../../../build/robot_web/robot_web.egg-info/SOURCES.txt'
[3.914s] reading manifest file '../../../build/robot_web/robot_web.egg-info/SOURCES.txt'
[3.916s] writing manifest file '../../../build/robot_web/robot_web.egg-info/SOURCES.txt'
[3.916s] running build
[3.916s] running build_py
[3.917s] creating /home/jetson/Desktop/robot_dc/build/robot_web/build
[3.917s] creating /home/jetson/Desktop/robot_dc/build/robot_web/build/lib
[3.918s] creating /home/jetson/Desktop/robot_dc/build/robot_web/build/lib/robot_web
[3.918s] copying robot_web/ros_bridge_node.py -> /home/jetson/Desktop/robot_dc/build/robot_web/build/lib/robot_web
[3.918s] copying robot_web/web_server.py -> /home/jetson/Desktop/robot_dc/build/robot_web/build/lib/robot_web
[3.919s] copying robot_web/web_ros_client.py -> /home/jetson/Desktop/robot_dc/build/robot_web/build/lib/robot_web
[3.919s] copying robot_web/__init__.py -> /home/jetson/Desktop/robot_dc/build/robot_web/build/lib/robot_web
[3.920s] running install
[3.921s] running install_lib
[3.923s] copying /home/jetson/Desktop/robot_dc/build/robot_web/build/lib/robot_web/ros_bridge_node.py -> /home/jetson/Desktop/robot_dc/install/robot_web/lib/python3.10/site-packages/robot_web
[3.924s] copying /home/jetson/Desktop/robot_dc/build/robot_web/build/lib/robot_web/web_server.py -> /home/jetson/Desktop/robot_dc/install/robot_web/lib/python3.10/site-packages/robot_web
[3.924s] copying /home/jetson/Desktop/robot_dc/build/robot_web/build/lib/robot_web/web_ros_client.py -> /home/jetson/Desktop/robot_dc/install/robot_web/lib/python3.10/site-packages/robot_web
[3.933s] copying /home/jetson/Desktop/robot_dc/build/robot_web/build/lib/robot_web/__init__.py -> /home/jetson/Desktop/robot_dc/install/robot_web/lib/python3.10/site-packages/robot_web
[3.934s] running install_data
[3.934s] creating /home/jetson/Desktop/robot_dc/install/robot_web/share/ament_index
[3.934s] creating /home/jetson/Desktop/robot_dc/install/robot_web/share/ament_index/resource_index
[3.935s] creating /home/jetson/Desktop/robot_dc/install/robot_web/share/ament_index/resource_index/packages
[3.935s] copying resource/robot_web -> /home/jetson/Desktop/robot_dc/install/robot_web/share/ament_index/resource_index/packages
[3.935s] copying package.xml -> /home/jetson/Desktop/robot_dc/install/robot_web/share/robot_web
[3.935s] copying launch/web_server_launch.py -> /home/jetson/Desktop/robot_dc/install/robot_web/share/robot_web/launch
[3.935s] creating /home/jetson/Desktop/robot_dc/install/robot_web/share/robot_web/web
[3.935s] copying web/index.html -> /home/jetson/Desktop/robot_dc/install/robot_web/share/robot_web/web
[3.936s] copying web/motor_card.html -> /home/jetson/Desktop/robot_dc/install/robot_web/share/robot_web/web
[3.936s] creating /home/jetson/Desktop/robot_dc/install/robot_web/share/robot_web/web/js
[3.936s] copying web/js/main.js -> /home/jetson/Desktop/robot_dc/install/robot_web/share/robot_web/web/js
[3.937s] copying web/js/motor_visualization.js -> /home/jetson/Desktop/robot_dc/install/robot_web/share/robot_web/web/js
[3.938s] creating /home/jetson/Desktop/robot_dc/install/robot_web/share/robot_web/web/css
[3.938s] copying web/css/style.css -> /home/jetson/Desktop/robot_dc/install/robot_web/share/robot_web/web/css
[3.938s] running install_egg_info
[3.939s] Copying ../../../build/robot_web/robot_web.egg-info to /home/jetson/Desktop/robot_dc/install/robot_web/lib/python3.10/site-packages/robot_web-0.0.0-py3.10.egg-info
[3.940s] running install_scripts
[3.994s] Installing ros_bridge script to /home/jetson/Desktop/robot_dc/install/robot_web/lib/robot_web
[3.996s] writing list of installed files to '/home/jetson/Desktop/robot_dc/build/robot_web/install.log'
[4.122s] Invoked command in '/home/jetson/Desktop/robot_dc/colcon_ws/src/robot_web' returned '0': PYTHONPATH=/home/jetson/Desktop/robot_dc/build/robot_web/prefix_override:/usr/lib/python3/dist-packages/colcon_core/task/python/colcon_distutils_commands:/home/jetson/Desktop/robot_dc/install/robot_web/lib/python3.10/site-packages:${PYTHONPATH} /usr/bin/python3 -W ignore:setup.py install is deprecated -W ignore:easy_install command is deprecated setup.py egg_info --egg-base ../../../build/robot_web build --build-base /home/jetson/Desktop/robot_dc/build/robot_web/build install --record /home/jetson/Desktop/robot_dc/build/robot_web/install.log --single-version-externally-managed install_data
