/home/jetson/Desktop/robot_dc/install/robot_web/lib/python3.10/site-packages/robot_web/ros_bridge_node.py
/home/jetson/Desktop/robot_dc/install/robot_web/lib/python3.10/site-packages/robot_web/web_server.py
/home/jetson/Desktop/robot_dc/install/robot_web/lib/python3.10/site-packages/robot_web/web_ros_client.py
/home/jetson/Desktop/robot_dc/install/robot_web/lib/python3.10/site-packages/robot_web/__init__.py
/home/jetson/Desktop/robot_dc/install/robot_web/lib/python3.10/site-packages/robot_web/__pycache__/ros_bridge_node.cpython-310.pyc
/home/jetson/Desktop/robot_dc/install/robot_web/lib/python3.10/site-packages/robot_web/__pycache__/web_server.cpython-310.pyc
/home/jetson/Desktop/robot_dc/install/robot_web/lib/python3.10/site-packages/robot_web/__pycache__/web_ros_client.cpython-310.pyc
/home/jetson/Desktop/robot_dc/install/robot_web/lib/python3.10/site-packages/robot_web/__pycache__/__init__.cpython-310.pyc
/home/jetson/Desktop/robot_dc/install/robot_web/share/ament_index/resource_index/packages/robot_web
/home/jetson/Desktop/robot_dc/install/robot_web/share/robot_web/package.xml
/home/jetson/Desktop/robot_dc/install/robot_web/share/robot_web/launch/web_server_launch.py
/home/jetson/Desktop/robot_dc/install/robot_web/share/robot_web/web/index.html
/home/jetson/Desktop/robot_dc/install/robot_web/share/robot_web/web/motor_card.html
/home/jetson/Desktop/robot_dc/install/robot_web/share/robot_web/web/js/main.js
/home/jetson/Desktop/robot_dc/install/robot_web/share/robot_web/web/js/motor_visualization.js
/home/jetson/Desktop/robot_dc/install/robot_web/share/robot_web/web/css/style.css
/home/jetson/Desktop/robot_dc/install/robot_web/lib/python3.10/site-packages/robot_web-0.0.0-py3.10.egg-info/SOURCES.txt
/home/jetson/Desktop/robot_dc/install/robot_web/lib/python3.10/site-packages/robot_web-0.0.0-py3.10.egg-info/top_level.txt
/home/jetson/Desktop/robot_dc/install/robot_web/lib/python3.10/site-packages/robot_web-0.0.0-py3.10.egg-info/entry_points.txt
/home/jetson/Desktop/robot_dc/install/robot_web/lib/python3.10/site-packages/robot_web-0.0.0-py3.10.egg-info/PKG-INFO
/home/jetson/Desktop/robot_dc/install/robot_web/lib/python3.10/site-packages/robot_web-0.0.0-py3.10.egg-info/zip-safe
/home/jetson/Desktop/robot_dc/install/robot_web/lib/python3.10/site-packages/robot_web-0.0.0-py3.10.egg-info/dependency_links.txt
/home/jetson/Desktop/robot_dc/install/robot_web/lib/python3.10/site-packages/robot_web-0.0.0-py3.10.egg-info/requires.txt
/home/jetson/Desktop/robot_dc/install/robot_web/lib/robot_web/ros_bridge
