[3.434s] Invoking command in '/home/jetson/Desktop/robot_dc/colcon_ws/src/feetech_servo': AMENT_PREFIX_PATH=/home/jetson/Desktop/robot_dc/install/modbus_devices:/home/jetson/Desktop/robot_dc/install/robot_web:/home/jetson/Desktop/robot_dc/install/robot_teleop:/home/jetson/Desktop/robot_dc/install/robot_bringup:/home/jetson/Desktop/robot_dc/install/platform_controller:/home/jetson/Desktop/robot_dc/install/modbus_driver:/home/jetson/Desktop/robot_dc/install/leadshine_motor:/home/jetson/Desktop/robot_dc/install/feetech_servo:/home/jetson/Desktop/robot_dc/install/detector:/opt/ros/humble PYTHONPATH=/home/jetson/Desktop/robot_dc/build/feetech_servo/prefix_override:/usr/lib/python3/dist-packages/colcon_core/task/python/colcon_distutils_commands:/home/jetson/Desktop/robot_dc/install/feetech_servo/lib/python3.10/site-packages:/home/jetson/Desktop/robot_dc/install/modbus_devices/lib/python3.10/site-packages:/home/jetson/Desktop/robot_dc/install/robot_web/lib/python3.10/site-packages:/home/jetson/Desktop/robot_dc/install/robot_teleop/lib/python3.10/site-packages:/home/jetson/Desktop/robot_dc/install/robot_bringup/lib/python3.10/site-packages:/home/jetson/Desktop/robot_dc/install/platform_controller/lib/python3.10/site-packages:/home/jetson/Desktop/robot_dc/install/modbus_driver/lib/python3.10/site-packages:/home/jetson/Desktop/robot_dc/install/modbus_driver_interfaces/local/lib/python3.10/dist-packages:/home/jetson/Desktop/robot_dc/install/leadshine_motor/lib/python3.10/site-packages:/home/jetson/Desktop/robot_dc/install/feetech_servo/lib/python3.10/site-packages:/home/jetson/Desktop/robot_dc/install/detector/lib/python3.10/site-packages:/opt/ros/humble/lib/python3.10/site-packages:/opt/ros/humble/local/lib/python3.10/dist-packages /usr/bin/python3 -W ignore:setup.py install is deprecated -W ignore:easy_install command is deprecated setup.py egg_info --egg-base ../../../build/feetech_servo build --build-base /home/jetson/Desktop/robot_dc/build/feetech_servo/build install --record /home/jetson/Desktop/robot_dc/build/feetech_servo/install.log --single-version-externally-managed install_data
[4.107s] running egg_info
[4.109s] writing ../../../build/feetech_servo/feetech_servo.egg-info/PKG-INFO
[4.109s] writing dependency_links to ../../../build/feetech_servo/feetech_servo.egg-info/dependency_links.txt
[4.110s] writing entry points to ../../../build/feetech_servo/feetech_servo.egg-info/entry_points.txt
[4.111s] writing requirements to ../../../build/feetech_servo/feetech_servo.egg-info/requires.txt
[4.111s] writing top-level names to ../../../build/feetech_servo/feetech_servo.egg-info/top_level.txt
[4.116s] reading manifest file '../../../build/feetech_servo/feetech_servo.egg-info/SOURCES.txt'
[4.117s] writing manifest file '../../../build/feetech_servo/feetech_servo.egg-info/SOURCES.txt'
[4.118s] running build
[4.118s] running build_py
[4.119s] running install
[4.120s] running install_lib
[4.124s] running install_data
[4.124s] running install_egg_info
[4.129s] removing '/home/jetson/Desktop/robot_dc/install/feetech_servo/lib/python3.10/site-packages/feetech_servo-0.0.0-py3.10.egg-info' (and everything under it)
[4.130s] Copying ../../../build/feetech_servo/feetech_servo.egg-info to /home/jetson/Desktop/robot_dc/install/feetech_servo/lib/python3.10/site-packages/feetech_servo-0.0.0-py3.10.egg-info
[4.133s] running install_scripts
[4.231s] Installing servo_node script to /home/jetson/Desktop/robot_dc/install/feetech_servo/lib/feetech_servo
[4.245s] writing list of installed files to '/home/jetson/Desktop/robot_dc/build/feetech_servo/install.log'
[4.426s] Invoked command in '/home/jetson/Desktop/robot_dc/colcon_ws/src/feetech_servo' returned '0': AMENT_PREFIX_PATH=/home/jetson/Desktop/robot_dc/install/modbus_devices:/home/jetson/Desktop/robot_dc/install/robot_web:/home/jetson/Desktop/robot_dc/install/robot_teleop:/home/jetson/Desktop/robot_dc/install/robot_bringup:/home/jetson/Desktop/robot_dc/install/platform_controller:/home/jetson/Desktop/robot_dc/install/modbus_driver:/home/jetson/Desktop/robot_dc/install/leadshine_motor:/home/jetson/Desktop/robot_dc/install/feetech_servo:/home/jetson/Desktop/robot_dc/install/detector:/opt/ros/humble PYTHONPATH=/home/jetson/Desktop/robot_dc/build/feetech_servo/prefix_override:/usr/lib/python3/dist-packages/colcon_core/task/python/colcon_distutils_commands:/home/jetson/Desktop/robot_dc/install/feetech_servo/lib/python3.10/site-packages:/home/jetson/Desktop/robot_dc/install/modbus_devices/lib/python3.10/site-packages:/home/jetson/Desktop/robot_dc/install/robot_web/lib/python3.10/site-packages:/home/jetson/Desktop/robot_dc/install/robot_teleop/lib/python3.10/site-packages:/home/jetson/Desktop/robot_dc/install/robot_bringup/lib/python3.10/site-packages:/home/jetson/Desktop/robot_dc/install/platform_controller/lib/python3.10/site-packages:/home/jetson/Desktop/robot_dc/install/modbus_driver/lib/python3.10/site-packages:/home/jetson/Desktop/robot_dc/install/modbus_driver_interfaces/local/lib/python3.10/dist-packages:/home/jetson/Desktop/robot_dc/install/leadshine_motor/lib/python3.10/site-packages:/home/jetson/Desktop/robot_dc/install/feetech_servo/lib/python3.10/site-packages:/home/jetson/Desktop/robot_dc/install/detector/lib/python3.10/site-packages:/opt/ros/humble/lib/python3.10/site-packages:/opt/ros/humble/local/lib/python3.10/dist-packages /usr/bin/python3 -W ignore:setup.py install is deprecated -W ignore:easy_install command is deprecated setup.py egg_info --egg-base ../../../build/feetech_servo build --build-base /home/jetson/Desktop/robot_dc/build/feetech_servo/build install --record /home/jetson/Desktop/robot_dc/build/feetech_servo/install.log --single-version-externally-managed install_data
