[3.352s] Invoking command in '/home/jetson/Desktop/robot_dc/colcon_ws/src/leadshine_motor': AMENT_PREFIX_PATH=/home/jetson/Desktop/robot_dc/install/modbus_devices:/home/jetson/Desktop/robot_dc/install/robot_web:/home/jetson/Desktop/robot_dc/install/robot_teleop:/home/jetson/Desktop/robot_dc/install/robot_bringup:/home/jetson/Desktop/robot_dc/install/platform_controller:/home/jetson/Desktop/robot_dc/install/modbus_driver:/home/jetson/Desktop/robot_dc/install/leadshine_motor:/home/jetson/Desktop/robot_dc/install/feetech_servo:/home/jetson/Desktop/robot_dc/install/detector:/opt/ros/humble PYTHONPATH=/home/jetson/Desktop/robot_dc/build/leadshine_motor/prefix_override:/usr/lib/python3/dist-packages/colcon_core/task/python/colcon_distutils_commands:/home/jetson/Desktop/robot_dc/install/leadshine_motor/lib/python3.10/site-packages:/home/jetson/Desktop/robot_dc/install/modbus_devices/lib/python3.10/site-packages:/home/jetson/Desktop/robot_dc/install/robot_web/lib/python3.10/site-packages:/home/jetson/Desktop/robot_dc/install/robot_teleop/lib/python3.10/site-packages:/home/jetson/Desktop/robot_dc/install/robot_bringup/lib/python3.10/site-packages:/home/jetson/Desktop/robot_dc/install/platform_controller/lib/python3.10/site-packages:/home/jetson/Desktop/robot_dc/install/modbus_driver/lib/python3.10/site-packages:/home/jetson/Desktop/robot_dc/install/modbus_driver_interfaces/local/lib/python3.10/dist-packages:/home/jetson/Desktop/robot_dc/install/leadshine_motor/lib/python3.10/site-packages:/home/jetson/Desktop/robot_dc/install/feetech_servo/lib/python3.10/site-packages:/home/jetson/Desktop/robot_dc/install/detector/lib/python3.10/site-packages:/opt/ros/humble/lib/python3.10/site-packages:/opt/ros/humble/local/lib/python3.10/dist-packages /usr/bin/python3 -W ignore:setup.py install is deprecated -W ignore:easy_install command is deprecated setup.py egg_info --egg-base ../../../build/leadshine_motor build --build-base /home/jetson/Desktop/robot_dc/build/leadshine_motor/build install --record /home/jetson/Desktop/robot_dc/build/leadshine_motor/install.log --single-version-externally-managed install_data
[4.411s] running egg_info
[4.413s] writing ../../../build/leadshine_motor/leadshine_motor.egg-info/PKG-INFO
[4.415s] writing dependency_links to ../../../build/leadshine_motor/leadshine_motor.egg-info/dependency_links.txt
[4.415s] writing entry points to ../../../build/leadshine_motor/leadshine_motor.egg-info/entry_points.txt
[4.415s] writing requirements to ../../../build/leadshine_motor/leadshine_motor.egg-info/requires.txt
[4.418s] writing top-level names to ../../../build/leadshine_motor/leadshine_motor.egg-info/top_level.txt
[4.420s] reading manifest file '../../../build/leadshine_motor/leadshine_motor.egg-info/SOURCES.txt'
[4.422s] writing manifest file '../../../build/leadshine_motor/leadshine_motor.egg-info/SOURCES.txt'
[4.422s] running build
[4.423s] running build_py
[4.423s] running install
[4.424s] running install_lib
[4.428s] running install_data
[4.429s] running install_egg_info
[4.433s] removing '/home/jetson/Desktop/robot_dc/install/leadshine_motor/lib/python3.10/site-packages/leadshine_motor-0.0.1-py3.10.egg-info' (and everything under it)
[4.434s] Copying ../../../build/leadshine_motor/leadshine_motor.egg-info to /home/jetson/Desktop/robot_dc/install/leadshine_motor/lib/python3.10/site-packages/leadshine_motor-0.0.1-py3.10.egg-info
[4.436s] running install_scripts
[4.496s] Installing motor_node script to /home/jetson/Desktop/robot_dc/install/leadshine_motor/lib/leadshine_motor
[4.496s] Installing motor_simulation_node script to /home/jetson/Desktop/robot_dc/install/leadshine_motor/lib/leadshine_motor
[4.497s] writing list of installed files to '/home/jetson/Desktop/robot_dc/build/leadshine_motor/install.log'
[4.589s] Invoked command in '/home/jetson/Desktop/robot_dc/colcon_ws/src/leadshine_motor' returned '0': AMENT_PREFIX_PATH=/home/jetson/Desktop/robot_dc/install/modbus_devices:/home/jetson/Desktop/robot_dc/install/robot_web:/home/jetson/Desktop/robot_dc/install/robot_teleop:/home/jetson/Desktop/robot_dc/install/robot_bringup:/home/jetson/Desktop/robot_dc/install/platform_controller:/home/jetson/Desktop/robot_dc/install/modbus_driver:/home/jetson/Desktop/robot_dc/install/leadshine_motor:/home/jetson/Desktop/robot_dc/install/feetech_servo:/home/jetson/Desktop/robot_dc/install/detector:/opt/ros/humble PYTHONPATH=/home/jetson/Desktop/robot_dc/build/leadshine_motor/prefix_override:/usr/lib/python3/dist-packages/colcon_core/task/python/colcon_distutils_commands:/home/jetson/Desktop/robot_dc/install/leadshine_motor/lib/python3.10/site-packages:/home/jetson/Desktop/robot_dc/install/modbus_devices/lib/python3.10/site-packages:/home/jetson/Desktop/robot_dc/install/robot_web/lib/python3.10/site-packages:/home/jetson/Desktop/robot_dc/install/robot_teleop/lib/python3.10/site-packages:/home/jetson/Desktop/robot_dc/install/robot_bringup/lib/python3.10/site-packages:/home/jetson/Desktop/robot_dc/install/platform_controller/lib/python3.10/site-packages:/home/jetson/Desktop/robot_dc/install/modbus_driver/lib/python3.10/site-packages:/home/jetson/Desktop/robot_dc/install/modbus_driver_interfaces/local/lib/python3.10/dist-packages:/home/jetson/Desktop/robot_dc/install/leadshine_motor/lib/python3.10/site-packages:/home/jetson/Desktop/robot_dc/install/feetech_servo/lib/python3.10/site-packages:/home/jetson/Desktop/robot_dc/install/detector/lib/python3.10/site-packages:/opt/ros/humble/lib/python3.10/site-packages:/opt/ros/humble/local/lib/python3.10/dist-packages /usr/bin/python3 -W ignore:setup.py install is deprecated -W ignore:easy_install command is deprecated setup.py egg_info --egg-base ../../../build/leadshine_motor build --build-base /home/jetson/Desktop/robot_dc/build/leadshine_motor/build install --record /home/jetson/Desktop/robot_dc/build/leadshine_motor/install.log --single-version-externally-managed install_data
