running egg_info
creating ../../../build/robot_teleop/robot_teleop.egg-info
writing ../../../build/robot_teleop/robot_teleop.egg-info/PKG-INFO
writing dependency_links to ../../../build/robot_teleop/robot_teleop.egg-info/dependency_links.txt
writing entry points to ../../../build/robot_teleop/robot_teleop.egg-info/entry_points.txt
writing requirements to ../../../build/robot_teleop/robot_teleop.egg-info/requires.txt
writing top-level names to ../../../build/robot_teleop/robot_teleop.egg-info/top_level.txt
writing manifest file '../../../build/robot_teleop/robot_teleop.egg-info/SOURCES.txt'
reading manifest file '../../../build/robot_teleop/robot_teleop.egg-info/SOURCES.txt'
writing manifest file '../../../build/robot_teleop/robot_teleop.egg-info/SOURCES.txt'
running build
running build_py
creating /home/jetson/Desktop/robot_dc/build/robot_teleop/build
creating /home/jetson/Desktop/robot_dc/build/robot_teleop/build/lib
creating /home/jetson/Desktop/robot_dc/build/robot_teleop/build/lib/robot_teleop
copying robot_teleop/joystick_teleop_node.py -> /home/jetson/Desktop/robot_dc/build/robot_teleop/build/lib/robot_teleop
copying robot_teleop/__init__.py -> /home/jetson/Desktop/robot_dc/build/robot_teleop/build/lib/robot_teleop
running install
running install_lib
copying /home/jetson/Desktop/robot_dc/build/robot_teleop/build/lib/robot_teleop/joystick_teleop_node.py -> /home/jetson/Desktop/robot_dc/install/robot_teleop/lib/python3.10/site-packages/robot_teleop
copying /home/jetson/Desktop/robot_dc/build/robot_teleop/build/lib/robot_teleop/__init__.py -> /home/jetson/Desktop/robot_dc/install/robot_teleop/lib/python3.10/site-packages/robot_teleop
byte-compiling /home/jetson/Desktop/robot_dc/install/robot_teleop/lib/python3.10/site-packages/robot_teleop/joystick_teleop_node.py to joystick_teleop_node.cpython-310.pyc
running install_data
copying package.xml -> /home/jetson/Desktop/robot_dc/install/robot_teleop/share/robot_teleop
copying launch/joystick_teleop_launch.py -> /home/jetson/Desktop/robot_dc/install/robot_teleop/share/robot_teleop/launch
running install_egg_info
Copying ../../../build/robot_teleop/robot_teleop.egg-info to /home/jetson/Desktop/robot_dc/install/robot_teleop/lib/python3.10/site-packages/robot_teleop-0.0.1-py3.10.egg-info
running install_scripts
Installing joystick_teleop script to /home/jetson/Desktop/robot_dc/install/robot_teleop/lib/robot_teleop
writing list of installed files to '/home/jetson/Desktop/robot_dc/build/robot_teleop/install.log'
