[3.319s] Invoking command in '/home/jetson/Desktop/robot_dc/colcon_ws/src/robot_teleop': PYTHONPATH=/home/jetson/Desktop/robot_dc/build/robot_teleop/prefix_override:/usr/lib/python3/dist-packages/colcon_core/task/python/colcon_distutils_commands:/home/jetson/Desktop/robot_dc/install/robot_teleop/lib/python3.10/site-packages:${PYTHONPATH} /usr/bin/python3 -W ignore:setup.py install is deprecated -W ignore:easy_install command is deprecated setup.py egg_info --egg-base ../../../build/robot_teleop build --build-base /home/jetson/Desktop/robot_dc/build/robot_teleop/build install --record /home/jetson/Desktop/robot_dc/build/robot_teleop/install.log --single-version-externally-managed install_data
[3.928s] running egg_info
[3.929s] creating ../../../build/robot_teleop/robot_teleop.egg-info
[3.930s] writing ../../../build/robot_teleop/robot_teleop.egg-info/PKG-INFO
[3.930s] writing dependency_links to ../../../build/robot_teleop/robot_teleop.egg-info/dependency_links.txt
[3.931s] writing entry points to ../../../build/robot_teleop/robot_teleop.egg-info/entry_points.txt
[3.931s] writing requirements to ../../../build/robot_teleop/robot_teleop.egg-info/requires.txt
[3.931s] writing top-level names to ../../../build/robot_teleop/robot_teleop.egg-info/top_level.txt
[3.931s] writing manifest file '../../../build/robot_teleop/robot_teleop.egg-info/SOURCES.txt'
[3.943s] reading manifest file '../../../build/robot_teleop/robot_teleop.egg-info/SOURCES.txt'
[3.945s] writing manifest file '../../../build/robot_teleop/robot_teleop.egg-info/SOURCES.txt'
[3.945s] running build
[3.945s] running build_py
[3.946s] creating /home/jetson/Desktop/robot_dc/build/robot_teleop/build
[3.946s] creating /home/jetson/Desktop/robot_dc/build/robot_teleop/build/lib
[3.947s] creating /home/jetson/Desktop/robot_dc/build/robot_teleop/build/lib/robot_teleop
[3.947s] copying robot_teleop/joystick_teleop_node.py -> /home/jetson/Desktop/robot_dc/build/robot_teleop/build/lib/robot_teleop
[3.947s] copying robot_teleop/__init__.py -> /home/jetson/Desktop/robot_dc/build/robot_teleop/build/lib/robot_teleop
[3.948s] running install
[3.948s] running install_lib
[3.949s] copying /home/jetson/Desktop/robot_dc/build/robot_teleop/build/lib/robot_teleop/joystick_teleop_node.py -> /home/jetson/Desktop/robot_dc/install/robot_teleop/lib/python3.10/site-packages/robot_teleop
[3.949s] copying /home/jetson/Desktop/robot_dc/build/robot_teleop/build/lib/robot_teleop/__init__.py -> /home/jetson/Desktop/robot_dc/install/robot_teleop/lib/python3.10/site-packages/robot_teleop
[3.950s] byte-compiling /home/jetson/Desktop/robot_dc/install/robot_teleop/lib/python3.10/site-packages/robot_teleop/joystick_teleop_node.py to joystick_teleop_node.cpython-310.pyc
[3.950s] running install_data
[3.950s] copying package.xml -> /home/jetson/Desktop/robot_dc/install/robot_teleop/share/robot_teleop
[3.951s] copying launch/joystick_teleop_launch.py -> /home/jetson/Desktop/robot_dc/install/robot_teleop/share/robot_teleop/launch
[3.951s] running install_egg_info
[3.956s] Copying ../../../build/robot_teleop/robot_teleop.egg-info to /home/jetson/Desktop/robot_dc/install/robot_teleop/lib/python3.10/site-packages/robot_teleop-0.0.1-py3.10.egg-info
[3.958s] running install_scripts
[4.011s] Installing joystick_teleop script to /home/jetson/Desktop/robot_dc/install/robot_teleop/lib/robot_teleop
[4.012s] writing list of installed files to '/home/jetson/Desktop/robot_dc/build/robot_teleop/install.log'
[4.107s] Invoked command in '/home/jetson/Desktop/robot_dc/colcon_ws/src/robot_teleop' returned '0': PYTHONPATH=/home/jetson/Desktop/robot_dc/build/robot_teleop/prefix_override:/usr/lib/python3/dist-packages/colcon_core/task/python/colcon_distutils_commands:/home/jetson/Desktop/robot_dc/install/robot_teleop/lib/python3.10/site-packages:${PYTHONPATH} /usr/bin/python3 -W ignore:setup.py install is deprecated -W ignore:easy_install command is deprecated setup.py egg_info --egg-base ../../../build/robot_teleop build --build-base /home/jetson/Desktop/robot_dc/build/robot_teleop/build install --record /home/jetson/Desktop/robot_dc/build/robot_teleop/install.log --single-version-externally-managed install_data
