/home/jetson/Desktop/robot_dc/install/leadshine_motor/lib/python3.10/site-packages/leadshine_motor/motor_controller.py
/home/jetson/Desktop/robot_dc/install/leadshine_motor/lib/python3.10/site-packages/leadshine_motor/motor_simulation_node.py
/home/jetson/Desktop/robot_dc/install/leadshine_motor/lib/python3.10/site-packages/leadshine_motor/motor_node.py
/home/jetson/Desktop/robot_dc/install/leadshine_motor/lib/python3.10/site-packages/leadshine_motor/__init__.py
/home/jetson/Desktop/robot_dc/install/leadshine_motor/lib/python3.10/site-packages/leadshine_motor/__pycache__/motor_controller.cpython-310.pyc
/home/jetson/Desktop/robot_dc/install/leadshine_motor/lib/python3.10/site-packages/leadshine_motor/__pycache__/motor_simulation_node.cpython-310.pyc
/home/jetson/Desktop/robot_dc/install/leadshine_motor/lib/python3.10/site-packages/leadshine_motor/__pycache__/motor_node.cpython-310.pyc
/home/jetson/Desktop/robot_dc/install/leadshine_motor/lib/python3.10/site-packages/leadshine_motor/__pycache__/__init__.cpython-310.pyc
/home/jetson/Desktop/robot_dc/install/leadshine_motor/share/ament_index/resource_index/packages/leadshine_motor
/home/jetson/Desktop/robot_dc/install/leadshine_motor/share/leadshine_motor/package.xml
/home/jetson/Desktop/robot_dc/install/leadshine_motor/share/leadshine_motor/launch/motor_control_launch.py
/home/jetson/Desktop/robot_dc/install/leadshine_motor/share/leadshine_motor/launch/test_motor_simulation_launch.py
/home/jetson/Desktop/robot_dc/install/leadshine_motor/lib/python3.10/site-packages/leadshine_motor-0.0.1-py3.10.egg-info/SOURCES.txt
/home/jetson/Desktop/robot_dc/install/leadshine_motor/lib/python3.10/site-packages/leadshine_motor-0.0.1-py3.10.egg-info/top_level.txt
/home/jetson/Desktop/robot_dc/install/leadshine_motor/lib/python3.10/site-packages/leadshine_motor-0.0.1-py3.10.egg-info/entry_points.txt
/home/jetson/Desktop/robot_dc/install/leadshine_motor/lib/python3.10/site-packages/leadshine_motor-0.0.1-py3.10.egg-info/PKG-INFO
/home/jetson/Desktop/robot_dc/install/leadshine_motor/lib/python3.10/site-packages/leadshine_motor-0.0.1-py3.10.egg-info/zip-safe
/home/jetson/Desktop/robot_dc/install/leadshine_motor/lib/python3.10/site-packages/leadshine_motor-0.0.1-py3.10.egg-info/dependency_links.txt
/home/jetson/Desktop/robot_dc/install/leadshine_motor/lib/python3.10/site-packages/leadshine_motor-0.0.1-py3.10.egg-info/requires.txt
/home/jetson/Desktop/robot_dc/install/leadshine_motor/lib/leadshine_motor/motor_node
/home/jetson/Desktop/robot_dc/install/leadshine_motor/lib/leadshine_motor/motor_simulation_node
