[2.785s] Invoking command in '/home/jetson/Desktop/robot_dc/colcon_ws/src/platform_controller': AMENT_PREFIX_PATH=/home/jetson/Desktop/robot_dc/install/modbus_devices:${AMENT_PREFIX_PATH} PYTHONPATH=/home/jetson/Desktop/robot_dc/build/platform_controller/prefix_override:/usr/lib/python3/dist-packages/colcon_core/task/python/colcon_distutils_commands:/home/jetson/Desktop/robot_dc/install/platform_controller/lib/python3.10/site-packages:/home/jetson/Desktop/robot_dc/install/modbus_devices/lib/python3.10/site-packages:${PYTHONPATH} /usr/bin/python3 -W ignore:setup.py install is deprecated -W ignore:easy_install command is deprecated setup.py egg_info --egg-base ../../../build/platform_controller build --build-base /home/jetson/Desktop/robot_dc/build/platform_controller/build install --record /home/jetson/Desktop/robot_dc/build/platform_controller/install.log --single-version-externally-managed install_data
[3.465s] running egg_info
[3.467s] creating ../../../build/platform_controller/platform_controller.egg-info
[3.468s] writing ../../../build/platform_controller/platform_controller.egg-info/PKG-INFO
[3.468s] writing dependency_links to ../../../build/platform_controller/platform_controller.egg-info/dependency_links.txt
[3.469s] writing entry points to ../../../build/platform_controller/platform_controller.egg-info/entry_points.txt
[3.469s] writing requirements to ../../../build/platform_controller/platform_controller.egg-info/requires.txt
[3.470s] writing top-level names to ../../../build/platform_controller/platform_controller.egg-info/top_level.txt
[3.470s] writing manifest file '../../../build/platform_controller/platform_controller.egg-info/SOURCES.txt'
[3.474s] reading manifest file '../../../build/platform_controller/platform_controller.egg-info/SOURCES.txt'
[3.489s] writing manifest file '../../../build/platform_controller/platform_controller.egg-info/SOURCES.txt'
[3.489s] running build
[3.497s] running build_py
[3.497s] creating /home/jetson/Desktop/robot_dc/build/platform_controller/build
[3.498s] creating /home/jetson/Desktop/robot_dc/build/platform_controller/build/lib
[3.498s] creating /home/jetson/Desktop/robot_dc/build/platform_controller/build/lib/platform_controller
[3.498s] copying platform_controller/platform_node.py -> /home/jetson/Desktop/robot_dc/build/platform_controller/build/lib/platform_controller
[3.498s] copying platform_controller/__init__.py -> /home/jetson/Desktop/robot_dc/build/platform_controller/build/lib/platform_controller
[3.498s] copying platform_controller/platform_controller.py -> /home/jetson/Desktop/robot_dc/build/platform_controller/build/lib/platform_controller
[3.499s] running install
[3.500s] running install_lib
[3.503s] copying /home/jetson/Desktop/robot_dc/build/platform_controller/build/lib/platform_controller/platform_node.py -> /home/jetson/Desktop/robot_dc/install/platform_controller/lib/python3.10/site-packages/platform_controller
[3.505s] copying /home/jetson/Desktop/robot_dc/build/platform_controller/build/lib/platform_controller/__init__.py -> /home/jetson/Desktop/robot_dc/install/platform_controller/lib/python3.10/site-packages/platform_controller
[3.505s] copying /home/jetson/Desktop/robot_dc/build/platform_controller/build/lib/platform_controller/platform_controller.py -> /home/jetson/Desktop/robot_dc/install/platform_controller/lib/python3.10/site-packages/platform_controller
[3.505s] byte-compiling /home/jetson/Desktop/robot_dc/install/platform_controller/lib/python3.10/site-packages/platform_controller/platform_node.py to platform_node.cpython-310.pyc
[3.508s] byte-compiling /home/jetson/Desktop/robot_dc/install/platform_controller/lib/python3.10/site-packages/platform_controller/platform_controller.py to platform_controller.cpython-310.pyc
[3.510s] running install_data
[3.510s] creating /home/jetson/Desktop/robot_dc/install/platform_controller/share/ament_index
[3.511s] creating /home/jetson/Desktop/robot_dc/install/platform_controller/share/ament_index/resource_index
[3.512s] creating /home/jetson/Desktop/robot_dc/install/platform_controller/share/ament_index/resource_index/packages
[3.512s] copying resource/platform_controller -> /home/jetson/Desktop/robot_dc/install/platform_controller/share/ament_index/resource_index/packages
[3.512s] copying package.xml -> /home/jetson/Desktop/robot_dc/install/platform_controller/share/platform_controller
[3.520s] copying launch/platform_control_launch.py -> /home/jetson/Desktop/robot_dc/install/platform_controller/share/platform_controller/launch
[3.521s] running install_egg_info
[3.529s] Copying ../../../build/platform_controller/platform_controller.egg-info to /home/jetson/Desktop/robot_dc/install/platform_controller/lib/python3.10/site-packages/platform_controller-0.0.0-py3.10.egg-info
[3.531s] running install_scripts
[3.651s] Installing platform_node script to /home/jetson/Desktop/robot_dc/install/platform_controller/lib/platform_controller
[3.652s] writing list of installed files to '/home/jetson/Desktop/robot_dc/build/platform_controller/install.log'
[3.788s] Invoked command in '/home/jetson/Desktop/robot_dc/colcon_ws/src/platform_controller' returned '0': AMENT_PREFIX_PATH=/home/jetson/Desktop/robot_dc/install/modbus_devices:${AMENT_PREFIX_PATH} PYTHONPATH=/home/jetson/Desktop/robot_dc/build/platform_controller/prefix_override:/usr/lib/python3/dist-packages/colcon_core/task/python/colcon_distutils_commands:/home/jetson/Desktop/robot_dc/install/platform_controller/lib/python3.10/site-packages:/home/jetson/Desktop/robot_dc/install/modbus_devices/lib/python3.10/site-packages:${PYTHONPATH} /usr/bin/python3 -W ignore:setup.py install is deprecated -W ignore:easy_install command is deprecated setup.py egg_info --egg-base ../../../build/platform_controller build --build-base /home/jetson/Desktop/robot_dc/build/platform_controller/build install --record /home/jetson/Desktop/robot_dc/build/platform_controller/install.log --single-version-externally-managed install_data
