/home/jetson/Desktop/robot_dc/install/modbus_driver/lib/python3.10/site-packages/modbus_driver/modbus_simulation_node.py
/home/jetson/Desktop/robot_dc/install/modbus_driver/lib/python3.10/site-packages/modbus_driver/modbus_client_tester.py
/home/jetson/Desktop/robot_dc/install/modbus_driver/lib/python3.10/site-packages/modbus_driver/__init__.py
/home/jetson/Desktop/robot_dc/install/modbus_driver/lib/python3.10/site-packages/modbus_driver/modbus_manager_node.py
/home/jetson/Desktop/robot_dc/install/modbus_driver/lib/python3.10/site-packages/modbus_driver/__pycache__/modbus_simulation_node.cpython-310.pyc
/home/jetson/Desktop/robot_dc/install/modbus_driver/lib/python3.10/site-packages/modbus_driver/__pycache__/modbus_client_tester.cpython-310.pyc
/home/jetson/Desktop/robot_dc/install/modbus_driver/lib/python3.10/site-packages/modbus_driver/__pycache__/__init__.cpython-310.pyc
/home/jetson/Desktop/robot_dc/install/modbus_driver/lib/python3.10/site-packages/modbus_driver/__pycache__/modbus_manager_node.cpython-310.pyc
/home/jetson/Desktop/robot_dc/install/modbus_driver/share/ament_index/resource_index/packages/modbus_driver
/home/jetson/Desktop/robot_dc/install/modbus_driver/share/modbus_driver/package.xml
/home/jetson/Desktop/robot_dc/install/modbus_driver/share/modbus_driver/launch/modbus_manager_launch.py
/home/jetson/Desktop/robot_dc/install/modbus_driver/share/modbus_driver/launch/modbus_simulation_launch.py
/home/jetson/Desktop/robot_dc/install/modbus_driver/lib/python3.10/site-packages/modbus_driver-0.1.0-py3.10.egg-info/SOURCES.txt
/home/jetson/Desktop/robot_dc/install/modbus_driver/lib/python3.10/site-packages/modbus_driver-0.1.0-py3.10.egg-info/top_level.txt
/home/jetson/Desktop/robot_dc/install/modbus_driver/lib/python3.10/site-packages/modbus_driver-0.1.0-py3.10.egg-info/entry_points.txt
/home/jetson/Desktop/robot_dc/install/modbus_driver/lib/python3.10/site-packages/modbus_driver-0.1.0-py3.10.egg-info/PKG-INFO
/home/jetson/Desktop/robot_dc/install/modbus_driver/lib/python3.10/site-packages/modbus_driver-0.1.0-py3.10.egg-info/zip-safe
/home/jetson/Desktop/robot_dc/install/modbus_driver/lib/python3.10/site-packages/modbus_driver-0.1.0-py3.10.egg-info/dependency_links.txt
/home/jetson/Desktop/robot_dc/install/modbus_driver/lib/python3.10/site-packages/modbus_driver-0.1.0-py3.10.egg-info/requires.txt
/home/jetson/Desktop/robot_dc/install/modbus_driver/lib/modbus_driver/modbus_client_tester
/home/jetson/Desktop/robot_dc/install/modbus_driver/lib/modbus_driver/modbus_manager_node
/home/jetson/Desktop/robot_dc/install/modbus_driver/lib/modbus_driver/modbus_simulation_node
