running egg_info
creating ../../../build/robot_bringup/robot_bringup.egg-info
writing ../../../build/robot_bringup/robot_bringup.egg-info/PKG-INFO
writing dependency_links to ../../../build/robot_bringup/robot_bringup.egg-info/dependency_links.txt
writing entry points to ../../../build/robot_bringup/robot_bringup.egg-info/entry_points.txt
writing requirements to ../../../build/robot_bringup/robot_bringup.egg-info/requires.txt
writing top-level names to ../../../build/robot_bringup/robot_bringup.egg-info/top_level.txt
writing manifest file '../../../build/robot_bringup/robot_bringup.egg-info/SOURCES.txt'
reading manifest file '../../../build/robot_bringup/robot_bringup.egg-info/SOURCES.txt'
writing manifest file '../../../build/robot_bringup/robot_bringup.egg-info/SOURCES.txt'
running build
running build_py
creating /home/jetson/Desktop/robot_dc/build/robot_bringup/build
creating /home/jetson/Desktop/robot_dc/build/robot_bringup/build/lib
creating /home/jetson/Desktop/robot_dc/build/robot_bringup/build/lib/robot_bringup
copying robot_bringup/__init__.py -> /home/jetson/Desktop/robot_dc/build/robot_bringup/build/lib/robot_bringup
running install
running install_lib
copying /home/jetson/Desktop/robot_dc/build/robot_bringup/build/lib/robot_bringup/__init__.py -> /home/jetson/Desktop/robot_dc/install/robot_bringup/lib/python3.10/site-packages/robot_bringup
running install_data
copying package.xml -> /home/jetson/Desktop/robot_dc/install/robot_bringup/share/robot_bringup
copying launch/simulate_motor_launch.py -> /home/jetson/Desktop/robot_dc/install/robot_bringup/share/robot_bringup/launch
copying launch/robot_launch.py -> /home/jetson/Desktop/robot_dc/install/robot_bringup/share/robot_bringup/launch
running install_egg_info
Copying ../../../build/robot_bringup/robot_bringup.egg-info to /home/jetson/Desktop/robot_dc/install/robot_bringup/lib/python3.10/site-packages/robot_bringup-0.0.1-py3.10.egg-info
running install_scripts
writing list of installed files to '/home/jetson/Desktop/robot_dc/build/robot_bringup/install.log'
