[1.460s] Invoking command in '/home/jetson/Desktop/robot_dc/colcon_ws/src/robot_bringup': AMENT_PREFIX_PATH=/home/jetson/Desktop/robot_dc/install/modbus_driver:/home/jetson/Desktop/robot_dc/install/leadshine_motor:/home/jetson/Desktop/robot_dc/install/modbus_devices:${AMENT_PREFIX_PATH} CMAKE_PREFIX_PATH=/home/jetson/Desktop/robot_dc/install/modbus_driver_interfaces LD_LIBRARY_PATH=/home/jetson/Desktop/robot_dc/install/modbus_driver_interfaces/lib:/usr/local/cuda-12.6/lib64:/opt/ros/humble/opt/rviz_ogre_vendor/lib:/opt/ros/humble/lib/aarch64-linux-gnu:/opt/ros/humble/lib:/usr/local/cuda-12.6/lib64 PKG_CONFIG_PATH=/home/jetson/Desktop/robot_dc/install/modbus_driver_interfaces/lib/aarch64-linux-gnu/pkgconfig:/home/jetson/Desktop/robot_dc/install/modbus_driver_interfaces/lib/pkgconfig PYTHONPATH=/home/jetson/Desktop/robot_dc/build/robot_bringup/prefix_override:/usr/lib/python3/dist-packages/colcon_core/task/python/colcon_distutils_commands:/home/jetson/Desktop/robot_dc/install/robot_bringup/lib/python3.10/site-packages:/home/jetson/Desktop/robot_dc/install/modbus_driver/lib/python3.10/site-packages:/home/jetson/Desktop/robot_dc/install/leadshine_motor/lib/python3.10/site-packages:/home/jetson/Desktop/robot_dc/install/modbus_driver_interfaces/local/lib/python3.10/dist-packages:/home/jetson/Desktop/robot_dc/install/modbus_devices/lib/python3.10/site-packages:${PYTHONPATH} ROS_PACKAGE_PATH=/home/jetson/Desktop/robot_dc/install/modbus_driver_interfaces/share /usr/bin/python3 -W ignore:setup.py install is deprecated -W ignore:easy_install command is deprecated setup.py egg_info --egg-base ../../../build/robot_bringup build --build-base /home/jetson/Desktop/robot_dc/build/robot_bringup/build install --record /home/jetson/Desktop/robot_dc/build/robot_bringup/install.log --single-version-externally-managed install_data
[2.021s] running egg_info
[2.022s] creating ../../../build/robot_bringup/robot_bringup.egg-info
[2.023s] writing ../../../build/robot_bringup/robot_bringup.egg-info/PKG-INFO
[2.023s] writing dependency_links to ../../../build/robot_bringup/robot_bringup.egg-info/dependency_links.txt
[2.024s] writing entry points to ../../../build/robot_bringup/robot_bringup.egg-info/entry_points.txt
[2.024s] writing requirements to ../../../build/robot_bringup/robot_bringup.egg-info/requires.txt
[2.024s] writing top-level names to ../../../build/robot_bringup/robot_bringup.egg-info/top_level.txt
[2.025s] writing manifest file '../../../build/robot_bringup/robot_bringup.egg-info/SOURCES.txt'
[2.028s] reading manifest file '../../../build/robot_bringup/robot_bringup.egg-info/SOURCES.txt'
[2.030s] writing manifest file '../../../build/robot_bringup/robot_bringup.egg-info/SOURCES.txt'
[2.030s] running build
[2.030s] running build_py
[2.030s] creating /home/jetson/Desktop/robot_dc/build/robot_bringup/build
[2.030s] creating /home/jetson/Desktop/robot_dc/build/robot_bringup/build/lib
[2.031s] creating /home/jetson/Desktop/robot_dc/build/robot_bringup/build/lib/robot_bringup
[2.031s] copying robot_bringup/__init__.py -> /home/jetson/Desktop/robot_dc/build/robot_bringup/build/lib/robot_bringup
[2.031s] running install
[2.032s] running install_lib
[2.034s] copying /home/jetson/Desktop/robot_dc/build/robot_bringup/build/lib/robot_bringup/__init__.py -> /home/jetson/Desktop/robot_dc/install/robot_bringup/lib/python3.10/site-packages/robot_bringup
[2.035s] running install_data
[2.036s] copying package.xml -> /home/jetson/Desktop/robot_dc/install/robot_bringup/share/robot_bringup
[2.036s] copying launch/simulate_motor_launch.py -> /home/jetson/Desktop/robot_dc/install/robot_bringup/share/robot_bringup/launch
[2.036s] copying launch/robot_launch.py -> /home/jetson/Desktop/robot_dc/install/robot_bringup/share/robot_bringup/launch
[2.037s] running install_egg_info
[2.040s] Copying ../../../build/robot_bringup/robot_bringup.egg-info to /home/jetson/Desktop/robot_dc/install/robot_bringup/lib/python3.10/site-packages/robot_bringup-0.0.1-py3.10.egg-info
[2.043s] running install_scripts
[2.094s] writing list of installed files to '/home/jetson/Desktop/robot_dc/build/robot_bringup/install.log'
[2.179s] Invoked command in '/home/jetson/Desktop/robot_dc/colcon_ws/src/robot_bringup' returned '0': AMENT_PREFIX_PATH=/home/jetson/Desktop/robot_dc/install/modbus_driver:/home/jetson/Desktop/robot_dc/install/leadshine_motor:/home/jetson/Desktop/robot_dc/install/modbus_devices:${AMENT_PREFIX_PATH} CMAKE_PREFIX_PATH=/home/jetson/Desktop/robot_dc/install/modbus_driver_interfaces LD_LIBRARY_PATH=/home/jetson/Desktop/robot_dc/install/modbus_driver_interfaces/lib:/usr/local/cuda-12.6/lib64:/opt/ros/humble/opt/rviz_ogre_vendor/lib:/opt/ros/humble/lib/aarch64-linux-gnu:/opt/ros/humble/lib:/usr/local/cuda-12.6/lib64 PKG_CONFIG_PATH=/home/jetson/Desktop/robot_dc/install/modbus_driver_interfaces/lib/aarch64-linux-gnu/pkgconfig:/home/jetson/Desktop/robot_dc/install/modbus_driver_interfaces/lib/pkgconfig PYTHONPATH=/home/jetson/Desktop/robot_dc/build/robot_bringup/prefix_override:/usr/lib/python3/dist-packages/colcon_core/task/python/colcon_distutils_commands:/home/jetson/Desktop/robot_dc/install/robot_bringup/lib/python3.10/site-packages:/home/jetson/Desktop/robot_dc/install/modbus_driver/lib/python3.10/site-packages:/home/jetson/Desktop/robot_dc/install/leadshine_motor/lib/python3.10/site-packages:/home/jetson/Desktop/robot_dc/install/modbus_driver_interfaces/local/lib/python3.10/dist-packages:/home/jetson/Desktop/robot_dc/install/modbus_devices/lib/python3.10/site-packages:${PYTHONPATH} ROS_PACKAGE_PATH=/home/jetson/Desktop/robot_dc/install/modbus_driver_interfaces/share /usr/bin/python3 -W ignore:setup.py install is deprecated -W ignore:easy_install command is deprecated setup.py egg_info --egg-base ../../../build/robot_bringup build --build-base /home/jetson/Desktop/robot_dc/build/robot_bringup/build install --record /home/jetson/Desktop/robot_dc/build/robot_bringup/install.log --single-version-externally-managed install_data
