[2.959s] Invoking command in '/home/jetson/Desktop/robot_dc/colcon_ws/src/modbus_devices': PYTHONPATH=/home/jetson/Desktop/robot_dc/build/modbus_devices/prefix_override:/usr/lib/python3/dist-packages/colcon_core/task/python/colcon_distutils_commands:/home/jetson/Desktop/robot_dc/install/modbus_devices/lib/python3.10/site-packages:${PYTHONPATH} /usr/bin/python3 -W ignore:setup.py install is deprecated -W ignore:easy_install command is deprecated setup.py egg_info --egg-base ../../../build/modbus_devices build --build-base /home/jetson/Desktop/robot_dc/build/modbus_devices/build install --record /home/jetson/Desktop/robot_dc/build/modbus_devices/install.log --single-version-externally-managed install_data
[3.567s] running egg_info
[3.570s] writing ../../../build/modbus_devices/modbus_devices.egg-info/PKG-INFO
[3.570s] writing dependency_links to ../../../build/modbus_devices/modbus_devices.egg-info/dependency_links.txt
[3.570s] writing entry points to ../../../build/modbus_devices/modbus_devices.egg-info/entry_points.txt
[3.570s] writing requirements to ../../../build/modbus_devices/modbus_devices.egg-info/requires.txt
[3.571s] writing top-level names to ../../../build/modbus_devices/modbus_devices.egg-info/top_level.txt
[3.575s] reading manifest file '../../../build/modbus_devices/modbus_devices.egg-info/SOURCES.txt'
[3.577s] writing manifest file '../../../build/modbus_devices/modbus_devices.egg-info/SOURCES.txt'
[3.577s] running build
[3.577s] running build_py
[3.578s] running install
[3.579s] running install_lib
[3.582s] running install_data
[3.583s] running install_egg_info
[3.591s] removing '/home/jetson/Desktop/robot_dc/install/modbus_devices/lib/python3.10/site-packages/modbus_devices-0.0.0-py3.10.egg-info' (and everything under it)
[3.592s] Copying ../../../build/modbus_devices/modbus_devices.egg-info to /home/jetson/Desktop/robot_dc/install/modbus_devices/lib/python3.10/site-packages/modbus_devices-0.0.0-py3.10.egg-info
[3.594s] running install_scripts
[3.650s] writing list of installed files to '/home/jetson/Desktop/robot_dc/build/modbus_devices/install.log'
[3.773s] Invoked command in '/home/jetson/Desktop/robot_dc/colcon_ws/src/modbus_devices' returned '0': PYTHONPATH=/home/jetson/Desktop/robot_dc/build/modbus_devices/prefix_override:/usr/lib/python3/dist-packages/colcon_core/task/python/colcon_distutils_commands:/home/jetson/Desktop/robot_dc/install/modbus_devices/lib/python3.10/site-packages:${PYTHONPATH} /usr/bin/python3 -W ignore:setup.py install is deprecated -W ignore:easy_install command is deprecated setup.py egg_info --egg-base ../../../build/modbus_devices build --build-base /home/jetson/Desktop/robot_dc/build/modbus_devices/build install --record /home/jetson/Desktop/robot_dc/build/modbus_devices/install.log --single-version-externally-managed install_data
