[3.688s] Invoking command in '/home/jetson/Desktop/robot_dc/colcon_ws/src/platform_controller': AMENT_PREFIX_PATH=/home/jetson/Desktop/robot_dc/install/modbus_devices:/home/jetson/Desktop/robot_dc/install/robot_web:/home/jetson/Desktop/robot_dc/install/robot_teleop:/home/jetson/Desktop/robot_dc/install/robot_bringup:/home/jetson/Desktop/robot_dc/install/platform_controller:/home/jetson/Desktop/robot_dc/install/modbus_driver:/home/jetson/Desktop/robot_dc/install/leadshine_motor:/home/jetson/Desktop/robot_dc/install/feetech_servo:/home/jetson/Desktop/robot_dc/install/detector:/opt/ros/humble PYTHONPATH=/home/jetson/Desktop/robot_dc/build/platform_controller/prefix_override:/usr/lib/python3/dist-packages/colcon_core/task/python/colcon_distutils_commands:/home/jetson/Desktop/robot_dc/install/platform_controller/lib/python3.10/site-packages:/home/jetson/Desktop/robot_dc/install/modbus_devices/lib/python3.10/site-packages:/home/jetson/Desktop/robot_dc/install/robot_web/lib/python3.10/site-packages:/home/jetson/Desktop/robot_dc/install/robot_teleop/lib/python3.10/site-packages:/home/jetson/Desktop/robot_dc/install/robot_bringup/lib/python3.10/site-packages:/home/jetson/Desktop/robot_dc/install/platform_controller/lib/python3.10/site-packages:/home/jetson/Desktop/robot_dc/install/modbus_driver/lib/python3.10/site-packages:/home/jetson/Desktop/robot_dc/install/modbus_driver_interfaces/local/lib/python3.10/dist-packages:/home/jetson/Desktop/robot_dc/install/leadshine_motor/lib/python3.10/site-packages:/home/jetson/Desktop/robot_dc/install/feetech_servo/lib/python3.10/site-packages:/home/jetson/Desktop/robot_dc/install/detector/lib/python3.10/site-packages:/opt/ros/humble/lib/python3.10/site-packages:/opt/ros/humble/local/lib/python3.10/dist-packages /usr/bin/python3 -W ignore:setup.py install is deprecated -W ignore:easy_install command is deprecated setup.py egg_info --egg-base ../../../build/platform_controller build --build-base /home/jetson/Desktop/robot_dc/build/platform_controller/build install --record /home/jetson/Desktop/robot_dc/build/platform_controller/install.log --single-version-externally-managed install_data
[4.869s] running egg_info
[4.871s] writing ../../../build/platform_controller/platform_controller.egg-info/PKG-INFO
[4.872s] writing dependency_links to ../../../build/platform_controller/platform_controller.egg-info/dependency_links.txt
[4.873s] writing entry points to ../../../build/platform_controller/platform_controller.egg-info/entry_points.txt
[4.873s] writing requirements to ../../../build/platform_controller/platform_controller.egg-info/requires.txt
[4.874s] writing top-level names to ../../../build/platform_controller/platform_controller.egg-info/top_level.txt
[4.880s] reading manifest file '../../../build/platform_controller/platform_controller.egg-info/SOURCES.txt'
[4.881s] writing manifest file '../../../build/platform_controller/platform_controller.egg-info/SOURCES.txt'
[4.882s] running build
[4.882s] running build_py
[4.883s] running install
[4.884s] running install_lib
[4.889s] running install_data
[4.890s] running install_egg_info
[4.895s] removing '/home/jetson/Desktop/robot_dc/install/platform_controller/lib/python3.10/site-packages/platform_controller-0.0.0-py3.10.egg-info' (and everything under it)
[4.896s] Copying ../../../build/platform_controller/platform_controller.egg-info to /home/jetson/Desktop/robot_dc/install/platform_controller/lib/python3.10/site-packages/platform_controller-0.0.0-py3.10.egg-info
[4.898s] running install_scripts
[4.950s] Installing platform_node script to /home/jetson/Desktop/robot_dc/install/platform_controller/lib/platform_controller
[4.951s] writing list of installed files to '/home/jetson/Desktop/robot_dc/build/platform_controller/install.log'
[5.029s] Invoked command in '/home/jetson/Desktop/robot_dc/colcon_ws/src/platform_controller' returned '0': AMENT_PREFIX_PATH=/home/jetson/Desktop/robot_dc/install/modbus_devices:/home/jetson/Desktop/robot_dc/install/robot_web:/home/jetson/Desktop/robot_dc/install/robot_teleop:/home/jetson/Desktop/robot_dc/install/robot_bringup:/home/jetson/Desktop/robot_dc/install/platform_controller:/home/jetson/Desktop/robot_dc/install/modbus_driver:/home/jetson/Desktop/robot_dc/install/leadshine_motor:/home/jetson/Desktop/robot_dc/install/feetech_servo:/home/jetson/Desktop/robot_dc/install/detector:/opt/ros/humble PYTHONPATH=/home/jetson/Desktop/robot_dc/build/platform_controller/prefix_override:/usr/lib/python3/dist-packages/colcon_core/task/python/colcon_distutils_commands:/home/jetson/Desktop/robot_dc/install/platform_controller/lib/python3.10/site-packages:/home/jetson/Desktop/robot_dc/install/modbus_devices/lib/python3.10/site-packages:/home/jetson/Desktop/robot_dc/install/robot_web/lib/python3.10/site-packages:/home/jetson/Desktop/robot_dc/install/robot_teleop/lib/python3.10/site-packages:/home/jetson/Desktop/robot_dc/install/robot_bringup/lib/python3.10/site-packages:/home/jetson/Desktop/robot_dc/install/platform_controller/lib/python3.10/site-packages:/home/jetson/Desktop/robot_dc/install/modbus_driver/lib/python3.10/site-packages:/home/jetson/Desktop/robot_dc/install/modbus_driver_interfaces/local/lib/python3.10/dist-packages:/home/jetson/Desktop/robot_dc/install/leadshine_motor/lib/python3.10/site-packages:/home/jetson/Desktop/robot_dc/install/feetech_servo/lib/python3.10/site-packages:/home/jetson/Desktop/robot_dc/install/detector/lib/python3.10/site-packages:/opt/ros/humble/lib/python3.10/site-packages:/opt/ros/humble/local/lib/python3.10/dist-packages /usr/bin/python3 -W ignore:setup.py install is deprecated -W ignore:easy_install command is deprecated setup.py egg_info --egg-base ../../../build/platform_controller build --build-base /home/jetson/Desktop/robot_dc/build/platform_controller/build install --record /home/jetson/Desktop/robot_dc/build/platform_controller/install.log --single-version-externally-managed install_data
