running egg_info
writing ../../../build/modbus_devices/modbus_devices.egg-info/PKG-INFO
writing dependency_links to ../../../build/modbus_devices/modbus_devices.egg-info/dependency_links.txt
writing entry points to ../../../build/modbus_devices/modbus_devices.egg-info/entry_points.txt
writing requirements to ../../../build/modbus_devices/modbus_devices.egg-info/requires.txt
writing top-level names to ../../../build/modbus_devices/modbus_devices.egg-info/top_level.txt
reading manifest file '../../../build/modbus_devices/modbus_devices.egg-info/SOURCES.txt'
writing manifest file '../../../build/modbus_devices/modbus_devices.egg-info/SOURCES.txt'
running build
running build_py
copying modbus_devices/base_device.py -> /home/jetson/Desktop/robot_dc/build/modbus_devices/build/lib/modbus_devices
running install
running install_lib
copying /home/jetson/Desktop/robot_dc/build/modbus_devices/build/lib/modbus_devices/base_device.py -> /home/jetson/Desktop/robot_dc/install/modbus_devices/lib/python3.10/site-packages/modbus_devices
byte-compiling /home/jetson/Desktop/robot_dc/install/modbus_devices/lib/python3.10/site-packages/modbus_devices/base_device.py to base_device.cpython-310.pyc
running install_data
running install_egg_info
removing '/home/jetson/Desktop/robot_dc/install/modbus_devices/lib/python3.10/site-packages/modbus_devices-0.0.0-py3.10.egg-info' (and everything under it)
Copying ../../../build/modbus_devices/modbus_devices.egg-info to /home/jetson/Desktop/robot_dc/install/modbus_devices/lib/python3.10/site-packages/modbus_devices-0.0.0-py3.10.egg-info
running install_scripts
writing list of installed files to '/home/jetson/Desktop/robot_dc/build/modbus_devices/install.log'
