[2.921s] Invoking command in '/home/jetson/Desktop/robot_dc/colcon_ws/src/modbus_devices': PYTHONPATH=/home/jetson/Desktop/robot_dc/build/modbus_devices/prefix_override:/usr/lib/python3/dist-packages/colcon_core/task/python/colcon_distutils_commands:/home/jetson/Desktop/robot_dc/install/modbus_devices/lib/python3.10/site-packages:${PYTHONPATH} /usr/bin/python3 -W ignore:setup.py install is deprecated -W ignore:easy_install command is deprecated setup.py egg_info --egg-base ../../../build/modbus_devices build --build-base /home/jetson/Desktop/robot_dc/build/modbus_devices/build install --record /home/jetson/Desktop/robot_dc/build/modbus_devices/install.log --single-version-externally-managed install_data
[3.514s] running egg_info
[3.516s] writing ../../../build/modbus_devices/modbus_devices.egg-info/PKG-INFO
[3.516s] writing dependency_links to ../../../build/modbus_devices/modbus_devices.egg-info/dependency_links.txt
[3.517s] writing entry points to ../../../build/modbus_devices/modbus_devices.egg-info/entry_points.txt
[3.517s] writing requirements to ../../../build/modbus_devices/modbus_devices.egg-info/requires.txt
[3.517s] writing top-level names to ../../../build/modbus_devices/modbus_devices.egg-info/top_level.txt
[3.521s] reading manifest file '../../../build/modbus_devices/modbus_devices.egg-info/SOURCES.txt'
[3.523s] writing manifest file '../../../build/modbus_devices/modbus_devices.egg-info/SOURCES.txt'
[3.524s] running build
[3.524s] running build_py
[3.524s] copying modbus_devices/base_device.py -> /home/jetson/Desktop/robot_dc/build/modbus_devices/build/lib/modbus_devices
[3.525s] running install
[3.526s] running install_lib
[3.529s] copying /home/jetson/Desktop/robot_dc/build/modbus_devices/build/lib/modbus_devices/base_device.py -> /home/jetson/Desktop/robot_dc/install/modbus_devices/lib/python3.10/site-packages/modbus_devices
[3.530s] byte-compiling /home/jetson/Desktop/robot_dc/install/modbus_devices/lib/python3.10/site-packages/modbus_devices/base_device.py to base_device.cpython-310.pyc
[3.533s] running install_data
[3.533s] running install_egg_info
[3.541s] removing '/home/jetson/Desktop/robot_dc/install/modbus_devices/lib/python3.10/site-packages/modbus_devices-0.0.0-py3.10.egg-info' (and everything under it)
[3.542s] Copying ../../../build/modbus_devices/modbus_devices.egg-info to /home/jetson/Desktop/robot_dc/install/modbus_devices/lib/python3.10/site-packages/modbus_devices-0.0.0-py3.10.egg-info
[3.544s] running install_scripts
[3.595s] writing list of installed files to '/home/jetson/Desktop/robot_dc/build/modbus_devices/install.log'
[3.697s] Invoked command in '/home/jetson/Desktop/robot_dc/colcon_ws/src/modbus_devices' returned '0': PYTHONPATH=/home/jetson/Desktop/robot_dc/build/modbus_devices/prefix_override:/usr/lib/python3/dist-packages/colcon_core/task/python/colcon_distutils_commands:/home/jetson/Desktop/robot_dc/install/modbus_devices/lib/python3.10/site-packages:${PYTHONPATH} /usr/bin/python3 -W ignore:setup.py install is deprecated -W ignore:easy_install command is deprecated setup.py egg_info --egg-base ../../../build/modbus_devices build --build-base /home/jetson/Desktop/robot_dc/build/modbus_devices/build install --record /home/jetson/Desktop/robot_dc/build/modbus_devices/install.log --single-version-externally-managed install_data
