[0.633s] Invoking command in '/home/jetson/Desktop/robot_dc/build/modbus_driver_interfaces': /usr/bin/cmake /home/jetson/Desktop/robot_dc/colcon_ws/src/modbus_driver_interfaces -DCATKIN_INSTALL_INTO_PREFIX_ROOT=0 -DCMAKE_INSTALL_PREFIX=/home/jetson/Desktop/robot_dc/install/modbus_driver_interfaces
[1.854s] -- The C compiler identification is GNU 11.4.0
[1.854s] -- The CXX compiler identification is GNU 11.4.0
[1.854s] -- Detecting C compiler ABI info
[1.855s] -- Detecting C compiler ABI info - done
[1.855s] -- Check for working C compiler: /usr/bin/cc - skipped
[1.855s] -- Detecting C compile features
[1.855s] -- Detecting C compile features - done
[1.855s] -- Detecting CXX compiler ABI info
[1.855s] -- Detecting CXX compiler ABI info - done
[1.856s] -- Check for working CXX compiler: /usr/bin/c++ - skipped
[1.856s] -- Detecting CXX compile features
[1.857s] -- Detecting CXX compile features - done
[1.857s] -- Found ament_cmake: 1.3.11 (/opt/ros/humble/share/ament_cmake/cmake)
[1.857s] -- Found Python3: /usr/bin/python3 (found version "3.10.12") found components: Interpreter 
[1.910s] -- Found rosidl_default_generators: 1.2.0 (/opt/ros/humble/share/rosidl_default_generators/cmake)
[1.917s] -- Using all available rosidl_typesupport_c: rosidl_typesupport_fastrtps_c;rosidl_typesupport_introspection_c
[1.933s] -- Found rosidl_adapter: 3.1.6 (/opt/ros/humble/share/rosidl_adapter/cmake)
[2.032s] -- Using all available rosidl_typesupport_cpp: rosidl_typesupport_fastrtps_cpp;rosidl_typesupport_introspection_cpp
[2.711s] -- Found ament_cmake_ros: 0.10.0 (/opt/ros/humble/share/ament_cmake_ros/cmake)
[3.170s] -- Using all available rosidl_typesupport_c: rosidl_typesupport_fastrtps_c;rosidl_typesupport_introspection_c
[3.772s] -- Using all available rosidl_typesupport_cpp: rosidl_typesupport_fastrtps_cpp;rosidl_typesupport_introspection_cpp
[3.830s] -- Found PythonInterp: /usr/bin/python3 (found suitable version "3.10.12", minimum required is "3.6") 
[3.834s] -- Found python_cmake_module: 0.10.0 (/opt/ros/humble/share/python_cmake_module/cmake)
[3.904s] -- Found PythonLibs: /usr/lib/aarch64-linux-gnu/libpython3.10.so (found suitable version "3.10.12", minimum required is "3.5") 
[3.906s] -- Using PYTHON_EXECUTABLE: /usr/bin/python3
[3.906s] -- Using PYTHON_INCLUDE_DIRS: /usr/include/python3.10
[3.907s] -- Using PYTHON_LIBRARIES: /usr/lib/aarch64-linux-gnu/libpython3.10.so
[3.992s] -- Found PythonExtra: .so  
[4.140s] -- Configuring done
[4.230s] -- Generating done
[4.233s] [33mCMake Warning:
[4.234s]   Manually-specified variables were not used by the project:
[4.235s] 
[4.236s]     CATKIN_INSTALL_INTO_PREFIX_ROOT
[4.237s] 
[4.237s] [0m
[4.255s] -- Build files have been written to: /home/jetson/Desktop/robot_dc/build/modbus_driver_interfaces
[6.069s] Invoked command in '/home/jetson/Desktop/robot_dc/build/modbus_driver_interfaces' returned '0': /usr/bin/cmake /home/jetson/Desktop/robot_dc/colcon_ws/src/modbus_driver_interfaces -DCATKIN_INSTALL_INTO_PREFIX_ROOT=0 -DCMAKE_INSTALL_PREFIX=/home/jetson/Desktop/robot_dc/install/modbus_driver_interfaces
[6.075s] Invoking command in '/home/jetson/Desktop/robot_dc/build/modbus_driver_interfaces': /usr/bin/cmake --build /home/jetson/Desktop/robot_dc/build/modbus_driver_interfaces -- -j6 -l6
[6.177s] [  2%] [34m[1mGenerating C code for ROS interfaces[0m
[6.215s] [  4%] Built target ament_cmake_python_copy_modbus_driver_interfaces
[6.215s] [  4%] [34m[1mGenerating C++ code for ROS interfaces[0m
[6.948s] running egg_info
[6.950s] creating modbus_driver_interfaces.egg-info
[6.950s] writing modbus_driver_interfaces.egg-info/PKG-INFO
[6.951s] writing dependency_links to modbus_driver_interfaces.egg-info/dependency_links.txt
[6.952s] writing top-level names to modbus_driver_interfaces.egg-info/top_level.txt
[6.952s] writing manifest file 'modbus_driver_interfaces.egg-info/SOURCES.txt'
[6.959s] reading manifest file 'modbus_driver_interfaces.egg-info/SOURCES.txt'
[6.960s] writing manifest file 'modbus_driver_interfaces.egg-info/SOURCES.txt'
[7.082s] [  4%] Built target ament_cmake_python_build_modbus_driver_interfaces_egg
[7.458s] [  4%] Built target modbus_driver_interfaces__cpp
[7.511s] [  6%] [34m[1mGenerating C++ type support dispatch for ROS interfaces[0m
[7.523s] [  8%] [34m[1mGenerating C++ type support for eProsima Fast-RTPS[0m
[7.557s] [ 10%] [34m[1mGenerating C++ introspection for ROS interfaces[0m
[7.626s] [ 12%] [32mBuilding C object CMakeFiles/modbus_driver_interfaces__rosidl_generator_c.dir/rosidl_generator_c/modbus_driver_interfaces/srv/detail/modbus_request__functions.c.o[0m
[7.643s] [ 17%] [32mBuilding C object CMakeFiles/modbus_driver_interfaces__rosidl_generator_c.dir/rosidl_generator_c/modbus_driver_interfaces/msg/detail/modbus_packet__functions.c.o[0m
[7.646s] [ 17%] [32mBuilding C object CMakeFiles/modbus_driver_interfaces__rosidl_generator_c.dir/rosidl_generator_c/modbus_driver_interfaces/msg/detail/motor_simulation_status__functions.c.o[0m
[8.050s] [ 19%] [32m[1mLinking C shared library libmodbus_driver_interfaces__rosidl_generator_c.so[0m
[8.133s] [ 19%] Built target modbus_driver_interfaces__rosidl_generator_c
[8.154s] [ 21%] [34m[1mGenerating C introspection for ROS interfaces[0m
[8.158s] [ 23%] [34m[1mGenerating C type support for eProsima Fast-RTPS[0m
[8.174s] [ 25%] [34m[1mGenerating C type support dispatch for ROS interfaces[0m
[8.376s] [ 27%] [32mBuilding CXX object CMakeFiles/modbus_driver_interfaces__rosidl_typesupport_cpp.dir/rosidl_typesupport_cpp/modbus_driver_interfaces/srv/modbus_request__type_support.cpp.o[0m
[8.728s] [ 29%] [32mBuilding CXX object CMakeFiles/modbus_driver_interfaces__rosidl_typesupport_introspection_cpp.dir/rosidl_typesupport_introspection_cpp/modbus_driver_interfaces/srv/detail/modbus_request__type_support.cpp.o[0m
[8.789s] [ 31%] [32mBuilding CXX object CMakeFiles/modbus_driver_interfaces__rosidl_typesupport_fastrtps_cpp.dir/rosidl_typesupport_fastrtps_cpp/modbus_driver_interfaces/srv/detail/dds_fastrtps/modbus_request__type_support.cpp.o[0m
[8.948s] [ 34%] [32mBuilding CXX object CMakeFiles/modbus_driver_interfaces__rosidl_typesupport_c.dir/rosidl_typesupport_c/modbus_driver_interfaces/srv/modbus_request__type_support.cpp.o[0m
[9.093s] [ 36%] [32mBuilding C object CMakeFiles/modbus_driver_interfaces__rosidl_typesupport_introspection_c.dir/rosidl_typesupport_introspection_c/modbus_driver_interfaces/srv/detail/modbus_request__type_support.c.o[0m
[9.094s] [ 38%] [32mBuilding CXX object CMakeFiles/modbus_driver_interfaces__rosidl_typesupport_c.dir/rosidl_typesupport_c/modbus_driver_interfaces/msg/modbus_packet__type_support.cpp.o[0m
[9.111s] [ 40%] [32mBuilding CXX object CMakeFiles/modbus_driver_interfaces__rosidl_typesupport_cpp.dir/rosidl_typesupport_cpp/modbus_driver_interfaces/msg/modbus_packet__type_support.cpp.o[0m
[9.186s] [ 42%] [32mBuilding CXX object CMakeFiles/modbus_driver_interfaces__rosidl_typesupport_c.dir/rosidl_typesupport_c/modbus_driver_interfaces/msg/motor_simulation_status__type_support.cpp.o[0m
[9.230s] [ 44%] [32mBuilding CXX object CMakeFiles/modbus_driver_interfaces__rosidl_typesupport_fastrtps_c.dir/rosidl_typesupport_fastrtps_c/modbus_driver_interfaces/srv/detail/modbus_request__type_support_c.cpp.o[0m
[9.257s] [ 46%] [32mBuilding C object CMakeFiles/modbus_driver_interfaces__rosidl_typesupport_introspection_c.dir/rosidl_typesupport_introspection_c/modbus_driver_interfaces/msg/detail/modbus_packet__type_support.c.o[0m
[9.290s] [ 48%] [32m[1mLinking CXX shared library libmodbus_driver_interfaces__rosidl_typesupport_c.so[0m
[9.385s] [ 48%] Built target modbus_driver_interfaces__rosidl_typesupport_c
[9.405s] [ 51%] [32mBuilding C object CMakeFiles/modbus_driver_interfaces__rosidl_typesupport_introspection_c.dir/rosidl_typesupport_introspection_c/modbus_driver_interfaces/msg/detail/motor_simulation_status__type_support.c.o[0m
[9.426s] [ 53%] [32mBuilding CXX object CMakeFiles/modbus_driver_interfaces__rosidl_typesupport_fastrtps_cpp.dir/rosidl_typesupport_fastrtps_cpp/modbus_driver_interfaces/msg/detail/dds_fastrtps/modbus_packet__type_support.cpp.o[0m
[9.594s] [ 55%] [32m[1mLinking C shared library libmodbus_driver_interfaces__rosidl_typesupport_introspection_c.so[0m
[9.757s] [ 55%] Built target modbus_driver_interfaces__rosidl_typesupport_introspection_c
[9.807s] [ 57%] [32mBuilding CXX object CMakeFiles/modbus_driver_interfaces__rosidl_typesupport_introspection_cpp.dir/rosidl_typesupport_introspection_cpp/modbus_driver_interfaces/msg/detail/modbus_packet__type_support.cpp.o[0m
[9.848s] [ 59%] [32mBuilding CXX object CMakeFiles/modbus_driver_interfaces__rosidl_typesupport_cpp.dir/rosidl_typesupport_cpp/modbus_driver_interfaces/msg/motor_simulation_status__type_support.cpp.o[0m
[10.084s] [ 61%] [32mBuilding CXX object CMakeFiles/modbus_driver_interfaces__rosidl_typesupport_introspection_cpp.dir/rosidl_typesupport_introspection_cpp/modbus_driver_interfaces/msg/detail/motor_simulation_status__type_support.cpp.o[0m
[10.196s] [ 63%] [32mBuilding CXX object CMakeFiles/modbus_driver_interfaces__rosidl_typesupport_fastrtps_cpp.dir/rosidl_typesupport_fastrtps_cpp/modbus_driver_interfaces/msg/detail/dds_fastrtps/motor_simulation_status__type_support.cpp.o[0m
[10.255s] [ 65%] [32mBuilding CXX object CMakeFiles/modbus_driver_interfaces__rosidl_typesupport_fastrtps_c.dir/rosidl_typesupport_fastrtps_c/modbus_driver_interfaces/msg/detail/modbus_packet__type_support_c.cpp.o[0m
[10.528s] [ 68%] [32m[1mLinking CXX shared library libmodbus_driver_interfaces__rosidl_typesupport_cpp.so[0m
[10.624s] [ 68%] Built target modbus_driver_interfaces__rosidl_typesupport_cpp
[10.645s] [ 70%] [32mBuilding CXX object CMakeFiles/modbus_driver_interfaces__rosidl_typesupport_fastrtps_c.dir/rosidl_typesupport_fastrtps_c/modbus_driver_interfaces/msg/detail/motor_simulation_status__type_support_c.cpp.o[0m
[11.043s] [ 72%] [32m[1mLinking CXX shared library libmodbus_driver_interfaces__rosidl_typesupport_introspection_cpp.so[0m
[11.132s] [ 74%] [32m[1mLinking CXX shared library libmodbus_driver_interfaces__rosidl_typesupport_fastrtps_cpp.so[0m
[11.200s] [ 74%] Built target modbus_driver_interfaces__rosidl_typesupport_introspection_cpp
[11.290s] [ 74%] Built target modbus_driver_interfaces__rosidl_typesupport_fastrtps_cpp
[11.479s] [ 76%] [32m[1mLinking CXX shared library libmodbus_driver_interfaces__rosidl_typesupport_fastrtps_c.so[0m
[11.632s] [ 76%] Built target modbus_driver_interfaces__rosidl_typesupport_fastrtps_c
[11.676s] [ 76%] Built target modbus_driver_interfaces
[11.726s] [ 78%] [34m[1mGenerating Python code for ROS interfaces[0m
[13.050s] [ 78%] Built target modbus_driver_interfaces__py
[13.093s] [ 85%] [32mBuilding C object CMakeFiles/modbus_driver_interfaces__rosidl_generator_py.dir/rosidl_generator_py/modbus_driver_interfaces/msg/_modbus_packet_s.c.o[0m
[13.093s] [ 85%] [32mBuilding C object CMakeFiles/modbus_driver_interfaces__rosidl_generator_py.dir/rosidl_generator_py/modbus_driver_interfaces/msg/_motor_simulation_status_s.c.o[0m
[13.094s] [ 85%] [32mBuilding C object CMakeFiles/modbus_driver_interfaces__rosidl_generator_py.dir/rosidl_generator_py/modbus_driver_interfaces/srv/_modbus_request_s.c.o[0m
[13.392s] [ 87%] [32m[1mLinking C shared library rosidl_generator_py/modbus_driver_interfaces/libmodbus_driver_interfaces__rosidl_generator_py.so[0m
[13.471s] [ 87%] Built target modbus_driver_interfaces__rosidl_generator_py
[13.514s] [ 93%] [32mBuilding C object CMakeFiles/modbus_driver_interfaces__rosidl_typesupport_fastrtps_c__pyext.dir/rosidl_generator_py/modbus_driver_interfaces/_modbus_driver_interfaces_s.ep.rosidl_typesupport_fastrtps_c.c.o[0m
[13.515s] [ 93%] [32mBuilding C object CMakeFiles/modbus_driver_interfaces__rosidl_typesupport_introspection_c__pyext.dir/rosidl_generator_py/modbus_driver_interfaces/_modbus_driver_interfaces_s.ep.rosidl_typesupport_introspection_c.c.o[0m
[13.515s] [ 93%] [32mBuilding C object CMakeFiles/modbus_driver_interfaces__rosidl_typesupport_c__pyext.dir/rosidl_generator_py/modbus_driver_interfaces/_modbus_driver_interfaces_s.ep.rosidl_typesupport_c.c.o[0m
[13.736s] [ 97%] [32m[1mLinking C shared library rosidl_generator_py/modbus_driver_interfaces/modbus_driver_interfaces_s__rosidl_typesupport_c.cpython-310-aarch64-linux-gnu.so[0m
[13.736s] [ 97%] [32m[1mLinking C shared library rosidl_generator_py/modbus_driver_interfaces/modbus_driver_interfaces_s__rosidl_typesupport_introspection_c.cpython-310-aarch64-linux-gnu.so[0m
[13.737s] [100%] [32m[1mLinking C shared library rosidl_generator_py/modbus_driver_interfaces/modbus_driver_interfaces_s__rosidl_typesupport_fastrtps_c.cpython-310-aarch64-linux-gnu.so[0m
[13.807s] [100%] Built target modbus_driver_interfaces__rosidl_typesupport_introspection_c__pyext
[13.808s] [100%] Built target modbus_driver_interfaces__rosidl_typesupport_c__pyext
[13.819s] [100%] Built target modbus_driver_interfaces__rosidl_typesupport_fastrtps_c__pyext
[13.847s] Invoked command in '/home/jetson/Desktop/robot_dc/build/modbus_driver_interfaces' returned '0': /usr/bin/cmake --build /home/jetson/Desktop/robot_dc/build/modbus_driver_interfaces -- -j6 -l6
[13.870s] Invoking command in '/home/jetson/Desktop/robot_dc/build/modbus_driver_interfaces': /usr/bin/cmake --install /home/jetson/Desktop/robot_dc/build/modbus_driver_interfaces
[13.887s] -- Install configuration: ""
[13.888s] -- Installing: /home/jetson/Desktop/robot_dc/install/modbus_driver_interfaces/share/ament_index/resource_index/rosidl_interfaces/modbus_driver_interfaces
[13.888s] -- Installing: /home/jetson/Desktop/robot_dc/install/modbus_driver_interfaces/include/modbus_driver_interfaces/modbus_driver_interfaces
[13.888s] -- Installing: /home/jetson/Desktop/robot_dc/install/modbus_driver_interfaces/include/modbus_driver_interfaces/modbus_driver_interfaces/srv
[13.889s] -- Installing: /home/jetson/Desktop/robot_dc/install/modbus_driver_interfaces/include/modbus_driver_interfaces/modbus_driver_interfaces/srv/detail
[13.889s] -- Installing: /home/jetson/Desktop/robot_dc/install/modbus_driver_interfaces/include/modbus_driver_interfaces/modbus_driver_interfaces/srv/detail/modbus_request__type_support.h
[13.889s] -- Installing: /home/jetson/Desktop/robot_dc/install/modbus_driver_interfaces/include/modbus_driver_interfaces/modbus_driver_interfaces/srv/detail/modbus_request__functions.c
[13.889s] -- Installing: /home/jetson/Desktop/robot_dc/install/modbus_driver_interfaces/include/modbus_driver_interfaces/modbus_driver_interfaces/srv/detail/modbus_request__struct.h
[13.889s] -- Installing: /home/jetson/Desktop/robot_dc/install/modbus_driver_interfaces/include/modbus_driver_interfaces/modbus_driver_interfaces/srv/detail/modbus_request__functions.h
[13.890s] -- Installing: /home/jetson/Desktop/robot_dc/install/modbus_driver_interfaces/include/modbus_driver_interfaces/modbus_driver_interfaces/srv/modbus_request.h
[13.890s] -- Installing: /home/jetson/Desktop/robot_dc/install/modbus_driver_interfaces/include/modbus_driver_interfaces/modbus_driver_interfaces/msg
[13.890s] -- Installing: /home/jetson/Desktop/robot_dc/install/modbus_driver_interfaces/include/modbus_driver_interfaces/modbus_driver_interfaces/msg/motor_simulation_status.h
[13.890s] -- Installing: /home/jetson/Desktop/robot_dc/install/modbus_driver_interfaces/include/modbus_driver_interfaces/modbus_driver_interfaces/msg/modbus_packet.h
[13.891s] -- Installing: /home/jetson/Desktop/robot_dc/install/modbus_driver_interfaces/include/modbus_driver_interfaces/modbus_driver_interfaces/msg/rosidl_generator_c__visibility_control.h
[13.891s] -- Installing: /home/jetson/Desktop/robot_dc/install/modbus_driver_interfaces/include/modbus_driver_interfaces/modbus_driver_interfaces/msg/detail
[13.891s] -- Installing: /home/jetson/Desktop/robot_dc/install/modbus_driver_interfaces/include/modbus_driver_interfaces/modbus_driver_interfaces/msg/detail/modbus_packet__functions.c
[13.891s] -- Installing: /home/jetson/Desktop/robot_dc/install/modbus_driver_interfaces/include/modbus_driver_interfaces/modbus_driver_interfaces/msg/detail/motor_simulation_status__functions.c
[13.892s] -- Installing: /home/jetson/Desktop/robot_dc/install/modbus_driver_interfaces/include/modbus_driver_interfaces/modbus_driver_interfaces/msg/detail/motor_simulation_status__struct.h
[13.892s] -- Installing: /home/jetson/Desktop/robot_dc/install/modbus_driver_interfaces/include/modbus_driver_interfaces/modbus_driver_interfaces/msg/detail/modbus_packet__type_support.h
[13.892s] -- Installing: /home/jetson/Desktop/robot_dc/install/modbus_driver_interfaces/include/modbus_driver_interfaces/modbus_driver_interfaces/msg/detail/motor_simulation_status__functions.h
[13.892s] -- Installing: /home/jetson/Desktop/robot_dc/install/modbus_driver_interfaces/include/modbus_driver_interfaces/modbus_driver_interfaces/msg/detail/modbus_packet__struct.h
[13.893s] -- Installing: /home/jetson/Desktop/robot_dc/install/modbus_driver_interfaces/include/modbus_driver_interfaces/modbus_driver_interfaces/msg/detail/modbus_packet__functions.h
[13.893s] -- Installing: /home/jetson/Desktop/robot_dc/install/modbus_driver_interfaces/include/modbus_driver_interfaces/modbus_driver_interfaces/msg/detail/motor_simulation_status__type_support.h
[13.893s] -- Installing: /home/jetson/Desktop/robot_dc/install/modbus_driver_interfaces/share/modbus_driver_interfaces/environment/library_path.sh
[13.894s] -- Installing: /home/jetson/Desktop/robot_dc/install/modbus_driver_interfaces/share/modbus_driver_interfaces/environment/library_path.dsv
[13.894s] -- Installing: /home/jetson/Desktop/robot_dc/install/modbus_driver_interfaces/lib/libmodbus_driver_interfaces__rosidl_generator_c.so
[13.895s] -- Set runtime path of "/home/jetson/Desktop/robot_dc/install/modbus_driver_interfaces/lib/libmodbus_driver_interfaces__rosidl_generator_c.so" to ""
[13.895s] -- Up-to-date: /home/jetson/Desktop/robot_dc/install/modbus_driver_interfaces/include/modbus_driver_interfaces/modbus_driver_interfaces
[13.895s] -- Up-to-date: /home/jetson/Desktop/robot_dc/install/modbus_driver_interfaces/include/modbus_driver_interfaces/modbus_driver_interfaces/srv
[13.895s] -- Up-to-date: /home/jetson/Desktop/robot_dc/install/modbus_driver_interfaces/include/modbus_driver_interfaces/modbus_driver_interfaces/srv/detail
[13.896s] -- Installing: /home/jetson/Desktop/robot_dc/install/modbus_driver_interfaces/include/modbus_driver_interfaces/modbus_driver_interfaces/srv/detail/modbus_request__rosidl_typesupport_fastrtps_c.h
[13.896s] -- Up-to-date: /home/jetson/Desktop/robot_dc/install/modbus_driver_interfaces/include/modbus_driver_interfaces/modbus_driver_interfaces/msg
[13.896s] -- Installing: /home/jetson/Desktop/robot_dc/install/modbus_driver_interfaces/include/modbus_driver_interfaces/modbus_driver_interfaces/msg/rosidl_typesupport_fastrtps_c__visibility_control.h
[13.896s] -- Up-to-date: /home/jetson/Desktop/robot_dc/install/modbus_driver_interfaces/include/modbus_driver_interfaces/modbus_driver_interfaces/msg/detail
[13.896s] -- Installing: /home/jetson/Desktop/robot_dc/install/modbus_driver_interfaces/include/modbus_driver_interfaces/modbus_driver_interfaces/msg/detail/motor_simulation_status__rosidl_typesupport_fastrtps_c.h
[13.896s] -- Installing: /home/jetson/Desktop/robot_dc/install/modbus_driver_interfaces/include/modbus_driver_interfaces/modbus_driver_interfaces/msg/detail/modbus_packet__rosidl_typesupport_fastrtps_c.h
[13.897s] -- Installing: /home/jetson/Desktop/robot_dc/install/modbus_driver_interfaces/lib/libmodbus_driver_interfaces__rosidl_typesupport_fastrtps_c.so
[13.897s] -- Set runtime path of "/home/jetson/Desktop/robot_dc/install/modbus_driver_interfaces/lib/libmodbus_driver_interfaces__rosidl_typesupport_fastrtps_c.so" to ""
[13.897s] -- Up-to-date: /home/jetson/Desktop/robot_dc/install/modbus_driver_interfaces/include/modbus_driver_interfaces/modbus_driver_interfaces
[13.897s] -- Up-to-date: /home/jetson/Desktop/robot_dc/install/modbus_driver_interfaces/include/modbus_driver_interfaces/modbus_driver_interfaces/srv
[13.898s] -- Up-to-date: /home/jetson/Desktop/robot_dc/install/modbus_driver_interfaces/include/modbus_driver_interfaces/modbus_driver_interfaces/srv/detail
[13.898s] -- Installing: /home/jetson/Desktop/robot_dc/install/modbus_driver_interfaces/include/modbus_driver_interfaces/modbus_driver_interfaces/srv/detail/modbus_request__rosidl_typesupport_introspection_c.h
[13.898s] -- Installing: /home/jetson/Desktop/robot_dc/install/modbus_driver_interfaces/include/modbus_driver_interfaces/modbus_driver_interfaces/srv/detail/modbus_request__type_support.c
[13.898s] -- Up-to-date: /home/jetson/Desktop/robot_dc/install/modbus_driver_interfaces/include/modbus_driver_interfaces/modbus_driver_interfaces/msg
[13.898s] -- Installing: /home/jetson/Desktop/robot_dc/install/modbus_driver_interfaces/include/modbus_driver_interfaces/modbus_driver_interfaces/msg/rosidl_typesupport_introspection_c__visibility_control.h
[13.899s] -- Up-to-date: /home/jetson/Desktop/robot_dc/install/modbus_driver_interfaces/include/modbus_driver_interfaces/modbus_driver_interfaces/msg/detail
[13.899s] -- Installing: /home/jetson/Desktop/robot_dc/install/modbus_driver_interfaces/include/modbus_driver_interfaces/modbus_driver_interfaces/msg/detail/modbus_packet__rosidl_typesupport_introspection_c.h
[13.899s] -- Installing: /home/jetson/Desktop/robot_dc/install/modbus_driver_interfaces/include/modbus_driver_interfaces/modbus_driver_interfaces/msg/detail/motor_simulation_status__type_support.c
[13.899s] -- Installing: /home/jetson/Desktop/robot_dc/install/modbus_driver_interfaces/include/modbus_driver_interfaces/modbus_driver_interfaces/msg/detail/motor_simulation_status__rosidl_typesupport_introspection_c.h
[13.899s] -- Installing: /home/jetson/Desktop/robot_dc/install/modbus_driver_interfaces/include/modbus_driver_interfaces/modbus_driver_interfaces/msg/detail/modbus_packet__type_support.c
[13.899s] -- Installing: /home/jetson/Desktop/robot_dc/install/modbus_driver_interfaces/lib/libmodbus_driver_interfaces__rosidl_typesupport_introspection_c.so
[13.900s] -- Set runtime path of "/home/jetson/Desktop/robot_dc/install/modbus_driver_interfaces/lib/libmodbus_driver_interfaces__rosidl_typesupport_introspection_c.so" to ""
[13.900s] -- Installing: /home/jetson/Desktop/robot_dc/install/modbus_driver_interfaces/lib/libmodbus_driver_interfaces__rosidl_typesupport_c.so
[13.901s] -- Set runtime path of "/home/jetson/Desktop/robot_dc/install/modbus_driver_interfaces/lib/libmodbus_driver_interfaces__rosidl_typesupport_c.so" to ""
[13.901s] -- Up-to-date: /home/jetson/Desktop/robot_dc/install/modbus_driver_interfaces/include/modbus_driver_interfaces/modbus_driver_interfaces
[13.901s] -- Up-to-date: /home/jetson/Desktop/robot_dc/install/modbus_driver_interfaces/include/modbus_driver_interfaces/modbus_driver_interfaces/srv
[13.901s] -- Installing: /home/jetson/Desktop/robot_dc/install/modbus_driver_interfaces/include/modbus_driver_interfaces/modbus_driver_interfaces/srv/modbus_request.hpp
[13.901s] -- Up-to-date: /home/jetson/Desktop/robot_dc/install/modbus_driver_interfaces/include/modbus_driver_interfaces/modbus_driver_interfaces/srv/detail
[13.902s] -- Installing: /home/jetson/Desktop/robot_dc/install/modbus_driver_interfaces/include/modbus_driver_interfaces/modbus_driver_interfaces/srv/detail/modbus_request__struct.hpp
[13.902s] -- Installing: /home/jetson/Desktop/robot_dc/install/modbus_driver_interfaces/include/modbus_driver_interfaces/modbus_driver_interfaces/srv/detail/modbus_request__type_support.hpp
[13.902s] -- Installing: /home/jetson/Desktop/robot_dc/install/modbus_driver_interfaces/include/modbus_driver_interfaces/modbus_driver_interfaces/srv/detail/modbus_request__builder.hpp
[13.902s] -- Installing: /home/jetson/Desktop/robot_dc/install/modbus_driver_interfaces/include/modbus_driver_interfaces/modbus_driver_interfaces/srv/detail/modbus_request__traits.hpp
[13.903s] -- Up-to-date: /home/jetson/Desktop/robot_dc/install/modbus_driver_interfaces/include/modbus_driver_interfaces/modbus_driver_interfaces/msg
[13.903s] -- Installing: /home/jetson/Desktop/robot_dc/install/modbus_driver_interfaces/include/modbus_driver_interfaces/modbus_driver_interfaces/msg/motor_simulation_status.hpp
[13.903s] -- Installing: /home/jetson/Desktop/robot_dc/install/modbus_driver_interfaces/include/modbus_driver_interfaces/modbus_driver_interfaces/msg/rosidl_generator_cpp__visibility_control.hpp
[13.903s] -- Installing: /home/jetson/Desktop/robot_dc/install/modbus_driver_interfaces/include/modbus_driver_interfaces/modbus_driver_interfaces/msg/modbus_packet.hpp
[13.903s] -- Up-to-date: /home/jetson/Desktop/robot_dc/install/modbus_driver_interfaces/include/modbus_driver_interfaces/modbus_driver_interfaces/msg/detail
[13.904s] -- Installing: /home/jetson/Desktop/robot_dc/install/modbus_driver_interfaces/include/modbus_driver_interfaces/modbus_driver_interfaces/msg/detail/motor_simulation_status__type_support.hpp
[13.904s] -- Installing: /home/jetson/Desktop/robot_dc/install/modbus_driver_interfaces/include/modbus_driver_interfaces/modbus_driver_interfaces/msg/detail/modbus_packet__traits.hpp
[13.904s] -- Installing: /home/jetson/Desktop/robot_dc/install/modbus_driver_interfaces/include/modbus_driver_interfaces/modbus_driver_interfaces/msg/detail/motor_simulation_status__traits.hpp
[13.904s] -- Installing: /home/jetson/Desktop/robot_dc/install/modbus_driver_interfaces/include/modbus_driver_interfaces/modbus_driver_interfaces/msg/detail/motor_simulation_status__struct.hpp
[13.904s] -- Installing: /home/jetson/Desktop/robot_dc/install/modbus_driver_interfaces/include/modbus_driver_interfaces/modbus_driver_interfaces/msg/detail/modbus_packet__type_support.hpp
[13.905s] -- Installing: /home/jetson/Desktop/robot_dc/install/modbus_driver_interfaces/include/modbus_driver_interfaces/modbus_driver_interfaces/msg/detail/motor_simulation_status__builder.hpp
[13.905s] -- Installing: /home/jetson/Desktop/robot_dc/install/modbus_driver_interfaces/include/modbus_driver_interfaces/modbus_driver_interfaces/msg/detail/modbus_packet__struct.hpp
[13.905s] -- Installing: /home/jetson/Desktop/robot_dc/install/modbus_driver_interfaces/include/modbus_driver_interfaces/modbus_driver_interfaces/msg/detail/modbus_packet__builder.hpp
[13.905s] -- Up-to-date: /home/jetson/Desktop/robot_dc/install/modbus_driver_interfaces/include/modbus_driver_interfaces/modbus_driver_interfaces
[13.906s] -- Up-to-date: /home/jetson/Desktop/robot_dc/install/modbus_driver_interfaces/include/modbus_driver_interfaces/modbus_driver_interfaces/srv
[13.906s] -- Up-to-date: /home/jetson/Desktop/robot_dc/install/modbus_driver_interfaces/include/modbus_driver_interfaces/modbus_driver_interfaces/srv/detail
[13.906s] -- Installing: /home/jetson/Desktop/robot_dc/install/modbus_driver_interfaces/include/modbus_driver_interfaces/modbus_driver_interfaces/srv/detail/modbus_request__rosidl_typesupport_fastrtps_cpp.hpp
[13.906s] -- Installing: /home/jetson/Desktop/robot_dc/install/modbus_driver_interfaces/include/modbus_driver_interfaces/modbus_driver_interfaces/srv/detail/dds_fastrtps
[13.906s] -- Up-to-date: /home/jetson/Desktop/robot_dc/install/modbus_driver_interfaces/include/modbus_driver_interfaces/modbus_driver_interfaces/msg
[13.906s] -- Installing: /home/jetson/Desktop/robot_dc/install/modbus_driver_interfaces/include/modbus_driver_interfaces/modbus_driver_interfaces/msg/rosidl_typesupport_fastrtps_cpp__visibility_control.h
[13.907s] -- Up-to-date: /home/jetson/Desktop/robot_dc/install/modbus_driver_interfaces/include/modbus_driver_interfaces/modbus_driver_interfaces/msg/detail
[13.907s] -- Installing: /home/jetson/Desktop/robot_dc/install/modbus_driver_interfaces/include/modbus_driver_interfaces/modbus_driver_interfaces/msg/detail/modbus_packet__rosidl_typesupport_fastrtps_cpp.hpp
[13.907s] -- Installing: /home/jetson/Desktop/robot_dc/install/modbus_driver_interfaces/include/modbus_driver_interfaces/modbus_driver_interfaces/msg/detail/dds_fastrtps
[13.907s] -- Installing: /home/jetson/Desktop/robot_dc/install/modbus_driver_interfaces/include/modbus_driver_interfaces/modbus_driver_interfaces/msg/detail/motor_simulation_status__rosidl_typesupport_fastrtps_cpp.hpp
[13.907s] -- Installing: /home/jetson/Desktop/robot_dc/install/modbus_driver_interfaces/lib/libmodbus_driver_interfaces__rosidl_typesupport_fastrtps_cpp.so
[13.908s] -- Set runtime path of "/home/jetson/Desktop/robot_dc/install/modbus_driver_interfaces/lib/libmodbus_driver_interfaces__rosidl_typesupport_fastrtps_cpp.so" to ""
[13.908s] -- Up-to-date: /home/jetson/Desktop/robot_dc/install/modbus_driver_interfaces/include/modbus_driver_interfaces/modbus_driver_interfaces
[13.909s] -- Up-to-date: /home/jetson/Desktop/robot_dc/install/modbus_driver_interfaces/include/modbus_driver_interfaces/modbus_driver_interfaces/srv
[13.909s] -- Up-to-date: /home/jetson/Desktop/robot_dc/install/modbus_driver_interfaces/include/modbus_driver_interfaces/modbus_driver_interfaces/srv/detail
[13.909s] -- Installing: /home/jetson/Desktop/robot_dc/install/modbus_driver_interfaces/include/modbus_driver_interfaces/modbus_driver_interfaces/srv/detail/modbus_request__type_support.cpp
[13.910s] -- Installing: /home/jetson/Desktop/robot_dc/install/modbus_driver_interfaces/include/modbus_driver_interfaces/modbus_driver_interfaces/srv/detail/modbus_request__rosidl_typesupport_introspection_cpp.hpp
[13.910s] -- Up-to-date: /home/jetson/Desktop/robot_dc/install/modbus_driver_interfaces/include/modbus_driver_interfaces/modbus_driver_interfaces/msg
[13.910s] -- Up-to-date: /home/jetson/Desktop/robot_dc/install/modbus_driver_interfaces/include/modbus_driver_interfaces/modbus_driver_interfaces/msg/detail
[13.911s] -- Installing: /home/jetson/Desktop/robot_dc/install/modbus_driver_interfaces/include/modbus_driver_interfaces/modbus_driver_interfaces/msg/detail/motor_simulation_status__rosidl_typesupport_introspection_cpp.hpp
[13.911s] -- Installing: /home/jetson/Desktop/robot_dc/install/modbus_driver_interfaces/include/modbus_driver_interfaces/modbus_driver_interfaces/msg/detail/modbus_packet__rosidl_typesupport_introspection_cpp.hpp
[13.911s] -- Installing: /home/jetson/Desktop/robot_dc/install/modbus_driver_interfaces/include/modbus_driver_interfaces/modbus_driver_interfaces/msg/detail/motor_simulation_status__type_support.cpp
[13.912s] -- Installing: /home/jetson/Desktop/robot_dc/install/modbus_driver_interfaces/include/modbus_driver_interfaces/modbus_driver_interfaces/msg/detail/modbus_packet__type_support.cpp
[13.912s] -- Installing: /home/jetson/Desktop/robot_dc/install/modbus_driver_interfaces/lib/libmodbus_driver_interfaces__rosidl_typesupport_introspection_cpp.so
[13.912s] -- Set runtime path of "/home/jetson/Desktop/robot_dc/install/modbus_driver_interfaces/lib/libmodbus_driver_interfaces__rosidl_typesupport_introspection_cpp.so" to ""
[13.912s] -- Installing: /home/jetson/Desktop/robot_dc/install/modbus_driver_interfaces/lib/libmodbus_driver_interfaces__rosidl_typesupport_cpp.so
[13.913s] -- Set runtime path of "/home/jetson/Desktop/robot_dc/install/modbus_driver_interfaces/lib/libmodbus_driver_interfaces__rosidl_typesupport_cpp.so" to ""
[13.913s] -- Installing: /home/jetson/Desktop/robot_dc/install/modbus_driver_interfaces/share/modbus_driver_interfaces/environment/pythonpath.sh
[13.913s] -- Installing: /home/jetson/Desktop/robot_dc/install/modbus_driver_interfaces/share/modbus_driver_interfaces/environment/pythonpath.dsv
[13.914s] -- Installing: /home/jetson/Desktop/robot_dc/install/modbus_driver_interfaces/local/lib/python3.10/dist-packages/modbus_driver_interfaces-0.0.0-py3.10.egg-info
[13.914s] -- Installing: /home/jetson/Desktop/robot_dc/install/modbus_driver_interfaces/local/lib/python3.10/dist-packages/modbus_driver_interfaces-0.0.0-py3.10.egg-info/SOURCES.txt
[13.914s] -- Installing: /home/jetson/Desktop/robot_dc/install/modbus_driver_interfaces/local/lib/python3.10/dist-packages/modbus_driver_interfaces-0.0.0-py3.10.egg-info/top_level.txt
[13.915s] -- Installing: /home/jetson/Desktop/robot_dc/install/modbus_driver_interfaces/local/lib/python3.10/dist-packages/modbus_driver_interfaces-0.0.0-py3.10.egg-info/PKG-INFO
[13.915s] -- Installing: /home/jetson/Desktop/robot_dc/install/modbus_driver_interfaces/local/lib/python3.10/dist-packages/modbus_driver_interfaces-0.0.0-py3.10.egg-info/dependency_links.txt
[13.915s] -- Up-to-date: /home/jetson/Desktop/robot_dc/install/modbus_driver_interfaces/local/lib/python3.10/dist-packages/modbus_driver_interfaces
[13.915s] -- Installing: /home/jetson/Desktop/robot_dc/install/modbus_driver_interfaces/local/lib/python3.10/dist-packages/modbus_driver_interfaces/libmodbus_driver_interfaces__rosidl_generator_py.so
[13.916s] -- Installing: /home/jetson/Desktop/robot_dc/install/modbus_driver_interfaces/local/lib/python3.10/dist-packages/modbus_driver_interfaces/modbus_driver_interfaces_s__rosidl_typesupport_fastrtps_c.cpython-310-aarch64-linux-gnu.so
[13.916s] -- Installing: /home/jetson/Desktop/robot_dc/install/modbus_driver_interfaces/local/lib/python3.10/dist-packages/modbus_driver_interfaces/_modbus_driver_interfaces_s.ep.rosidl_typesupport_introspection_c.c
[13.916s] -- Installing: /home/jetson/Desktop/robot_dc/install/modbus_driver_interfaces/local/lib/python3.10/dist-packages/modbus_driver_interfaces/modbus_driver_interfaces_s__rosidl_typesupport_c.cpython-310-aarch64-linux-gnu.so
[13.917s] -- Installing: /home/jetson/Desktop/robot_dc/install/modbus_driver_interfaces/local/lib/python3.10/dist-packages/modbus_driver_interfaces/modbus_driver_interfaces_s__rosidl_typesupport_introspection_c.cpython-310-aarch64-linux-gnu.so
[13.917s] -- Up-to-date: /home/jetson/Desktop/robot_dc/install/modbus_driver_interfaces/local/lib/python3.10/dist-packages/modbus_driver_interfaces/srv
[13.917s] -- Installing: /home/jetson/Desktop/robot_dc/install/modbus_driver_interfaces/local/lib/python3.10/dist-packages/modbus_driver_interfaces/srv/_modbus_request.py
[13.918s] -- Installing: /home/jetson/Desktop/robot_dc/install/modbus_driver_interfaces/local/lib/python3.10/dist-packages/modbus_driver_interfaces/srv/_modbus_request_s.c
[13.918s] -- Installing: /home/jetson/Desktop/robot_dc/install/modbus_driver_interfaces/local/lib/python3.10/dist-packages/modbus_driver_interfaces/srv/__init__.py
[13.918s] -- Installing: /home/jetson/Desktop/robot_dc/install/modbus_driver_interfaces/local/lib/python3.10/dist-packages/modbus_driver_interfaces/__init__.py
[13.918s] -- Installing: /home/jetson/Desktop/robot_dc/install/modbus_driver_interfaces/local/lib/python3.10/dist-packages/modbus_driver_interfaces/_modbus_driver_interfaces_s.ep.rosidl_typesupport_c.c
[13.919s] -- Installing: /home/jetson/Desktop/robot_dc/install/modbus_driver_interfaces/local/lib/python3.10/dist-packages/modbus_driver_interfaces/_modbus_driver_interfaces_s.ep.rosidl_typesupport_fastrtps_c.c
[13.919s] -- Up-to-date: /home/jetson/Desktop/robot_dc/install/modbus_driver_interfaces/local/lib/python3.10/dist-packages/modbus_driver_interfaces/msg
[13.919s] -- Installing: /home/jetson/Desktop/robot_dc/install/modbus_driver_interfaces/local/lib/python3.10/dist-packages/modbus_driver_interfaces/msg/_motor_simulation_status_s.c
[13.919s] -- Installing: /home/jetson/Desktop/robot_dc/install/modbus_driver_interfaces/local/lib/python3.10/dist-packages/modbus_driver_interfaces/msg/_modbus_packet.py
[13.919s] -- Installing: /home/jetson/Desktop/robot_dc/install/modbus_driver_interfaces/local/lib/python3.10/dist-packages/modbus_driver_interfaces/msg/_modbus_packet_s.c
[13.920s] -- Installing: /home/jetson/Desktop/robot_dc/install/modbus_driver_interfaces/local/lib/python3.10/dist-packages/modbus_driver_interfaces/msg/__init__.py
[13.920s] -- Installing: /home/jetson/Desktop/robot_dc/install/modbus_driver_interfaces/local/lib/python3.10/dist-packages/modbus_driver_interfaces/msg/_motor_simulation_status.py
[14.009s] Listing '/home/jetson/Desktop/robot_dc/install/modbus_driver_interfaces/local/lib/python3.10/dist-packages/modbus_driver_interfaces'...
[14.009s] Compiling '/home/jetson/Desktop/robot_dc/install/modbus_driver_interfaces/local/lib/python3.10/dist-packages/modbus_driver_interfaces/__init__.py'...
[14.009s] Listing '/home/jetson/Desktop/robot_dc/install/modbus_driver_interfaces/local/lib/python3.10/dist-packages/modbus_driver_interfaces/msg'...
[14.009s] Compiling '/home/jetson/Desktop/robot_dc/install/modbus_driver_interfaces/local/lib/python3.10/dist-packages/modbus_driver_interfaces/msg/__init__.py'...
[14.009s] Compiling '/home/jetson/Desktop/robot_dc/install/modbus_driver_interfaces/local/lib/python3.10/dist-packages/modbus_driver_interfaces/msg/_modbus_packet.py'...
[14.010s] Compiling '/home/jetson/Desktop/robot_dc/install/modbus_driver_interfaces/local/lib/python3.10/dist-packages/modbus_driver_interfaces/msg/_motor_simulation_status.py'...
[14.010s] Listing '/home/jetson/Desktop/robot_dc/install/modbus_driver_interfaces/local/lib/python3.10/dist-packages/modbus_driver_interfaces/srv'...
[14.010s] Compiling '/home/jetson/Desktop/robot_dc/install/modbus_driver_interfaces/local/lib/python3.10/dist-packages/modbus_driver_interfaces/srv/__init__.py'...
[14.010s] Compiling '/home/jetson/Desktop/robot_dc/install/modbus_driver_interfaces/local/lib/python3.10/dist-packages/modbus_driver_interfaces/srv/_modbus_request.py'...
[14.021s] -- Installing: /home/jetson/Desktop/robot_dc/install/modbus_driver_interfaces/local/lib/python3.10/dist-packages/modbus_driver_interfaces/modbus_driver_interfaces_s__rosidl_typesupport_fastrtps_c.cpython-310-aarch64-linux-gnu.so
[14.022s] -- Set runtime path of "/home/jetson/Desktop/robot_dc/install/modbus_driver_interfaces/local/lib/python3.10/dist-packages/modbus_driver_interfaces/modbus_driver_interfaces_s__rosidl_typesupport_fastrtps_c.cpython-310-aarch64-linux-gnu.so" to ""
[14.022s] -- Installing: /home/jetson/Desktop/robot_dc/install/modbus_driver_interfaces/local/lib/python3.10/dist-packages/modbus_driver_interfaces/modbus_driver_interfaces_s__rosidl_typesupport_introspection_c.cpython-310-aarch64-linux-gnu.so
[14.023s] -- Set runtime path of "/home/jetson/Desktop/robot_dc/install/modbus_driver_interfaces/local/lib/python3.10/dist-packages/modbus_driver_interfaces/modbus_driver_interfaces_s__rosidl_typesupport_introspection_c.cpython-310-aarch64-linux-gnu.so" to ""
[14.023s] -- Installing: /home/jetson/Desktop/robot_dc/install/modbus_driver_interfaces/local/lib/python3.10/dist-packages/modbus_driver_interfaces/modbus_driver_interfaces_s__rosidl_typesupport_c.cpython-310-aarch64-linux-gnu.so
[14.024s] -- Set runtime path of "/home/jetson/Desktop/robot_dc/install/modbus_driver_interfaces/local/lib/python3.10/dist-packages/modbus_driver_interfaces/modbus_driver_interfaces_s__rosidl_typesupport_c.cpython-310-aarch64-linux-gnu.so" to ""
[14.024s] -- Installing: /home/jetson/Desktop/robot_dc/install/modbus_driver_interfaces/lib/libmodbus_driver_interfaces__rosidl_generator_py.so
[14.025s] -- Set runtime path of "/home/jetson/Desktop/robot_dc/install/modbus_driver_interfaces/lib/libmodbus_driver_interfaces__rosidl_generator_py.so" to ""
[14.025s] -- Installing: /home/jetson/Desktop/robot_dc/install/modbus_driver_interfaces/share/modbus_driver_interfaces/srv/ModbusRequest.idl
[14.025s] -- Installing: /home/jetson/Desktop/robot_dc/install/modbus_driver_interfaces/share/modbus_driver_interfaces/msg/ModbusPacket.idl
[14.026s] -- Installing: /home/jetson/Desktop/robot_dc/install/modbus_driver_interfaces/share/modbus_driver_interfaces/msg/MotorSimulationStatus.idl
[14.026s] -- Installing: /home/jetson/Desktop/robot_dc/install/modbus_driver_interfaces/share/modbus_driver_interfaces/srv/ModbusRequest.srv
[14.027s] -- Installing: /home/jetson/Desktop/robot_dc/install/modbus_driver_interfaces/share/modbus_driver_interfaces/srv/ModbusRequest_Request.msg
[14.027s] -- Installing: /home/jetson/Desktop/robot_dc/install/modbus_driver_interfaces/share/modbus_driver_interfaces/srv/ModbusRequest_Response.msg
[14.027s] -- Installing: /home/jetson/Desktop/robot_dc/install/modbus_driver_interfaces/share/modbus_driver_interfaces/msg/ModbusPacket.msg
[14.027s] -- Installing: /home/jetson/Desktop/robot_dc/install/modbus_driver_interfaces/share/modbus_driver_interfaces/msg/MotorSimulationStatus.msg
[14.028s] -- Installing: /home/jetson/Desktop/robot_dc/install/modbus_driver_interfaces/share/ament_index/resource_index/package_run_dependencies/modbus_driver_interfaces
[14.029s] -- Installing: /home/jetson/Desktop/robot_dc/install/modbus_driver_interfaces/share/ament_index/resource_index/parent_prefix_path/modbus_driver_interfaces
[14.029s] -- Installing: /home/jetson/Desktop/robot_dc/install/modbus_driver_interfaces/share/modbus_driver_interfaces/environment/ament_prefix_path.sh
[14.029s] -- Installing: /home/jetson/Desktop/robot_dc/install/modbus_driver_interfaces/share/modbus_driver_interfaces/environment/ament_prefix_path.dsv
[14.029s] -- Installing: /home/jetson/Desktop/robot_dc/install/modbus_driver_interfaces/share/modbus_driver_interfaces/environment/path.sh
[14.030s] -- Installing: /home/jetson/Desktop/robot_dc/install/modbus_driver_interfaces/share/modbus_driver_interfaces/environment/path.dsv
[14.030s] -- Installing: /home/jetson/Desktop/robot_dc/install/modbus_driver_interfaces/share/modbus_driver_interfaces/local_setup.bash
[14.030s] -- Installing: /home/jetson/Desktop/robot_dc/install/modbus_driver_interfaces/share/modbus_driver_interfaces/local_setup.sh
[14.031s] -- Installing: /home/jetson/Desktop/robot_dc/install/modbus_driver_interfaces/share/modbus_driver_interfaces/local_setup.zsh
[14.031s] -- Installing: /home/jetson/Desktop/robot_dc/install/modbus_driver_interfaces/share/modbus_driver_interfaces/local_setup.dsv
[14.031s] -- Installing: /home/jetson/Desktop/robot_dc/install/modbus_driver_interfaces/share/modbus_driver_interfaces/package.dsv
[14.031s] -- Installing: /home/jetson/Desktop/robot_dc/install/modbus_driver_interfaces/share/ament_index/resource_index/packages/modbus_driver_interfaces
[14.032s] -- Installing: /home/jetson/Desktop/robot_dc/install/modbus_driver_interfaces/share/modbus_driver_interfaces/cmake/export_modbus_driver_interfaces__rosidl_generator_cExport.cmake
[14.032s] -- Installing: /home/jetson/Desktop/robot_dc/install/modbus_driver_interfaces/share/modbus_driver_interfaces/cmake/export_modbus_driver_interfaces__rosidl_generator_cExport-noconfig.cmake
[14.032s] -- Installing: /home/jetson/Desktop/robot_dc/install/modbus_driver_interfaces/share/modbus_driver_interfaces/cmake/export_modbus_driver_interfaces__rosidl_typesupport_fastrtps_cExport.cmake
[14.033s] -- Installing: /home/jetson/Desktop/robot_dc/install/modbus_driver_interfaces/share/modbus_driver_interfaces/cmake/export_modbus_driver_interfaces__rosidl_typesupport_fastrtps_cExport-noconfig.cmake
[14.033s] -- Installing: /home/jetson/Desktop/robot_dc/install/modbus_driver_interfaces/share/modbus_driver_interfaces/cmake/modbus_driver_interfaces__rosidl_typesupport_introspection_cExport.cmake
[14.033s] -- Installing: /home/jetson/Desktop/robot_dc/install/modbus_driver_interfaces/share/modbus_driver_interfaces/cmake/modbus_driver_interfaces__rosidl_typesupport_introspection_cExport-noconfig.cmake
[14.034s] -- Installing: /home/jetson/Desktop/robot_dc/install/modbus_driver_interfaces/share/modbus_driver_interfaces/cmake/modbus_driver_interfaces__rosidl_typesupport_cExport.cmake
[14.034s] -- Installing: /home/jetson/Desktop/robot_dc/install/modbus_driver_interfaces/share/modbus_driver_interfaces/cmake/modbus_driver_interfaces__rosidl_typesupport_cExport-noconfig.cmake
[14.034s] -- Installing: /home/jetson/Desktop/robot_dc/install/modbus_driver_interfaces/share/modbus_driver_interfaces/cmake/export_modbus_driver_interfaces__rosidl_generator_cppExport.cmake
[14.035s] -- Installing: /home/jetson/Desktop/robot_dc/install/modbus_driver_interfaces/share/modbus_driver_interfaces/cmake/export_modbus_driver_interfaces__rosidl_typesupport_fastrtps_cppExport.cmake
[14.035s] -- Installing: /home/jetson/Desktop/robot_dc/install/modbus_driver_interfaces/share/modbus_driver_interfaces/cmake/export_modbus_driver_interfaces__rosidl_typesupport_fastrtps_cppExport-noconfig.cmake
[14.035s] -- Installing: /home/jetson/Desktop/robot_dc/install/modbus_driver_interfaces/share/modbus_driver_interfaces/cmake/modbus_driver_interfaces__rosidl_typesupport_introspection_cppExport.cmake
[14.036s] -- Installing: /home/jetson/Desktop/robot_dc/install/modbus_driver_interfaces/share/modbus_driver_interfaces/cmake/modbus_driver_interfaces__rosidl_typesupport_introspection_cppExport-noconfig.cmake
[14.036s] -- Installing: /home/jetson/Desktop/robot_dc/install/modbus_driver_interfaces/share/modbus_driver_interfaces/cmake/modbus_driver_interfaces__rosidl_typesupport_cppExport.cmake
[14.036s] -- Installing: /home/jetson/Desktop/robot_dc/install/modbus_driver_interfaces/share/modbus_driver_interfaces/cmake/modbus_driver_interfaces__rosidl_typesupport_cppExport-noconfig.cmake
[14.037s] -- Installing: /home/jetson/Desktop/robot_dc/install/modbus_driver_interfaces/share/modbus_driver_interfaces/cmake/export_modbus_driver_interfaces__rosidl_generator_pyExport.cmake
[14.037s] -- Installing: /home/jetson/Desktop/robot_dc/install/modbus_driver_interfaces/share/modbus_driver_interfaces/cmake/export_modbus_driver_interfaces__rosidl_generator_pyExport-noconfig.cmake
[14.037s] -- Installing: /home/jetson/Desktop/robot_dc/install/modbus_driver_interfaces/share/modbus_driver_interfaces/cmake/rosidl_cmake-extras.cmake
[14.038s] -- Installing: /home/jetson/Desktop/robot_dc/install/modbus_driver_interfaces/share/modbus_driver_interfaces/cmake/ament_cmake_export_include_directories-extras.cmake
[14.038s] -- Installing: /home/jetson/Desktop/robot_dc/install/modbus_driver_interfaces/share/modbus_driver_interfaces/cmake/ament_cmake_export_libraries-extras.cmake
[14.038s] -- Installing: /home/jetson/Desktop/robot_dc/install/modbus_driver_interfaces/share/modbus_driver_interfaces/cmake/ament_cmake_export_targets-extras.cmake
[14.039s] -- Installing: /home/jetson/Desktop/robot_dc/install/modbus_driver_interfaces/share/modbus_driver_interfaces/cmake/rosidl_cmake_export_typesupport_targets-extras.cmake
[14.039s] -- Installing: /home/jetson/Desktop/robot_dc/install/modbus_driver_interfaces/share/modbus_driver_interfaces/cmake/ament_cmake_export_dependencies-extras.cmake
[14.039s] -- Installing: /home/jetson/Desktop/robot_dc/install/modbus_driver_interfaces/share/modbus_driver_interfaces/cmake/rosidl_cmake_export_typesupport_libraries-extras.cmake
[14.040s] -- Installing: /home/jetson/Desktop/robot_dc/install/modbus_driver_interfaces/share/modbus_driver_interfaces/cmake/modbus_driver_interfacesConfig.cmake
[14.040s] -- Installing: /home/jetson/Desktop/robot_dc/install/modbus_driver_interfaces/share/modbus_driver_interfaces/cmake/modbus_driver_interfacesConfig-version.cmake
[14.040s] -- Installing: /home/jetson/Desktop/robot_dc/install/modbus_driver_interfaces/share/modbus_driver_interfaces/package.xml
[14.047s] Invoked command in '/home/jetson/Desktop/robot_dc/build/modbus_driver_interfaces' returned '0': /usr/bin/cmake --install /home/jetson/Desktop/robot_dc/build/modbus_driver_interfaces
