-- Found ament_cmake: 1.3.11 (/opt/ros/humble/share/ament_cmake/cmake)
-- Found rosidl_default_generators: 1.2.0 (/opt/ros/humble/share/rosidl_default_generators/cmake)
-- Using all available rosidl_typesupport_c: rosidl_typesupport_fastrtps_c;rosidl_typesupport_introspection_c
-- Found rosidl_adapter: 3.1.6 (/opt/ros/humble/share/rosidl_adapter/cmake)
-- Using all available rosidl_typesupport_cpp: rosidl_typesupport_fastrtps_cpp;rosidl_typesupport_introspection_cpp
-- Found ament_cmake_ros: 0.10.0 (/opt/ros/humble/share/ament_cmake_ros/cmake)
-- Using all available rosidl_typesupport_c: rosidl_typesupport_fastrtps_c;rosidl_typesupport_introspection_c
-- Using all available rosidl_typesupport_cpp: rosidl_typesupport_fastrtps_cpp;rosidl_typesupport_introspection_cpp
-- Found python_cmake_module: 0.10.0 (/opt/ros/humble/share/python_cmake_module/cmake)
-- Using PYTHON_EXECUTABLE: /usr/bin/python3
-- Using PYTHON_INCLUDE_DIRS: /usr/include/python3.10
-- Using PYTHON_LIBRARIES: /usr/lib/aarch64-linux-gnu/libpython3.10.so
-- Configuring done
-- Generating done
-- Build files have been written to: /home/jetson/Desktop/robot_dc/build/modbus_driver_interfaces
[  2%] [34m[1mGenerating C code for ROS interfaces[0m
[  4%] [34m[1mGenerating C++ code for ROS interfaces[0m
[  4%] Built target ament_cmake_python_copy_modbus_driver_interfaces
running egg_info
writing modbus_driver_interfaces.egg-info/PKG-INFO
writing dependency_links to modbus_driver_interfaces.egg-info/dependency_links.txt
writing top-level names to modbus_driver_interfaces.egg-info/top_level.txt
reading manifest file 'modbus_driver_interfaces.egg-info/SOURCES.txt'
writing manifest file 'modbus_driver_interfaces.egg-info/SOURCES.txt'
[  4%] Built target ament_cmake_python_build_modbus_driver_interfaces_egg
[35m[1mConsolidate compiler generated dependencies of target modbus_driver_interfaces__rosidl_generator_c[0m
[  6%] [32mBuilding C object CMakeFiles/modbus_driver_interfaces__rosidl_generator_c.dir/rosidl_generator_c/modbus_driver_interfaces/srv/detail/modbus_request__functions.c.o[0m
[  8%] [32mBuilding C object CMakeFiles/modbus_driver_interfaces__rosidl_generator_c.dir/rosidl_generator_c/modbus_driver_interfaces/msg/detail/motor_simulation_status__functions.c.o[0m
[ 10%] [32mBuilding C object CMakeFiles/modbus_driver_interfaces__rosidl_generator_c.dir/rosidl_generator_c/modbus_driver_interfaces/msg/detail/modbus_packet__functions.c.o[0m
[ 10%] Built target modbus_driver_interfaces__cpp
[ 12%] [34m[1mGenerating C++ type support dispatch for ROS interfaces[0m
[ 14%] [34m[1mGenerating C++ type support for eProsima Fast-RTPS[0m
[ 17%] [34m[1mGenerating C++ introspection for ROS interfaces[0m
[ 19%] [32m[1mLinking C shared library libmodbus_driver_interfaces__rosidl_generator_c.so[0m
[ 19%] Built target modbus_driver_interfaces__rosidl_generator_c
[ 23%] [34m[1mGenerating C type support for eProsima Fast-RTPS[0m
[ 23%] [34m[1mGenerating C introspection for ROS interfaces[0m
[ 25%] [34m[1mGenerating C type support dispatch for ROS interfaces[0m
[35m[1mConsolidate compiler generated dependencies of target modbus_driver_interfaces__rosidl_typesupport_cpp[0m
[ 27%] [32mBuilding CXX object CMakeFiles/modbus_driver_interfaces__rosidl_typesupport_cpp.dir/rosidl_typesupport_cpp/modbus_driver_interfaces/srv/modbus_request__type_support.cpp.o[0m
[35m[1mConsolidate compiler generated dependencies of target modbus_driver_interfaces__rosidl_typesupport_introspection_cpp[0m
[ 29%] [32mBuilding CXX object CMakeFiles/modbus_driver_interfaces__rosidl_typesupport_introspection_cpp.dir/rosidl_typesupport_introspection_cpp/modbus_driver_interfaces/srv/detail/modbus_request__type_support.cpp.o[0m
[35m[1mConsolidate compiler generated dependencies of target modbus_driver_interfaces__rosidl_typesupport_fastrtps_cpp[0m
[35m[1mConsolidate compiler generated dependencies of target modbus_driver_interfaces__rosidl_typesupport_c[0m
[35m[1mConsolidate compiler generated dependencies of target modbus_driver_interfaces__rosidl_typesupport_introspection_c[0m
[ 31%] [32mBuilding CXX object CMakeFiles/modbus_driver_interfaces__rosidl_typesupport_c.dir/rosidl_typesupport_c/modbus_driver_interfaces/srv/modbus_request__type_support.cpp.o[0m
[ 34%] [32mBuilding CXX object CMakeFiles/modbus_driver_interfaces__rosidl_typesupport_fastrtps_cpp.dir/rosidl_typesupport_fastrtps_cpp/modbus_driver_interfaces/srv/detail/dds_fastrtps/modbus_request__type_support.cpp.o[0m
[ 36%] [32mBuilding C object CMakeFiles/modbus_driver_interfaces__rosidl_typesupport_introspection_c.dir/rosidl_typesupport_introspection_c/modbus_driver_interfaces/srv/detail/modbus_request__type_support.c.o[0m
[ 38%] [32mBuilding CXX object CMakeFiles/modbus_driver_interfaces__rosidl_typesupport_c.dir/rosidl_typesupport_c/modbus_driver_interfaces/msg/modbus_packet__type_support.cpp.o[0m
[ 40%] [32mBuilding C object CMakeFiles/modbus_driver_interfaces__rosidl_typesupport_introspection_c.dir/rosidl_typesupport_introspection_c/modbus_driver_interfaces/msg/detail/modbus_packet__type_support.c.o[0m
[ 42%] [32mBuilding CXX object CMakeFiles/modbus_driver_interfaces__rosidl_typesupport_c.dir/rosidl_typesupport_c/modbus_driver_interfaces/msg/motor_simulation_status__type_support.cpp.o[0m
[35m[1mConsolidate compiler generated dependencies of target modbus_driver_interfaces__rosidl_typesupport_fastrtps_c[0m
[ 44%] [32mBuilding C object CMakeFiles/modbus_driver_interfaces__rosidl_typesupport_introspection_c.dir/rosidl_typesupport_introspection_c/modbus_driver_interfaces/msg/detail/motor_simulation_status__type_support.c.o[0m
[ 46%] [32m[1mLinking CXX shared library libmodbus_driver_interfaces__rosidl_typesupport_c.so[0m
[ 48%] [32mBuilding CXX object CMakeFiles/modbus_driver_interfaces__rosidl_typesupport_fastrtps_c.dir/rosidl_typesupport_fastrtps_c/modbus_driver_interfaces/srv/detail/modbus_request__type_support_c.cpp.o[0m
[ 51%] [32m[1mLinking C shared library libmodbus_driver_interfaces__rosidl_typesupport_introspection_c.so[0m
[ 53%] [32mBuilding CXX object CMakeFiles/modbus_driver_interfaces__rosidl_typesupport_cpp.dir/rosidl_typesupport_cpp/modbus_driver_interfaces/msg/modbus_packet__type_support.cpp.o[0m
[ 53%] Built target modbus_driver_interfaces__rosidl_typesupport_c
[ 55%] [32mBuilding CXX object CMakeFiles/modbus_driver_interfaces__rosidl_typesupport_fastrtps_c.dir/rosidl_typesupport_fastrtps_c/modbus_driver_interfaces/msg/detail/modbus_packet__type_support_c.cpp.o[0m
[ 55%] Built target modbus_driver_interfaces__rosidl_typesupport_introspection_c
[ 57%] [32mBuilding CXX object CMakeFiles/modbus_driver_interfaces__rosidl_typesupport_introspection_cpp.dir/rosidl_typesupport_introspection_cpp/modbus_driver_interfaces/msg/detail/modbus_packet__type_support.cpp.o[0m
[ 59%] [32mBuilding CXX object CMakeFiles/modbus_driver_interfaces__rosidl_typesupport_fastrtps_cpp.dir/rosidl_typesupport_fastrtps_cpp/modbus_driver_interfaces/msg/detail/dds_fastrtps/modbus_packet__type_support.cpp.o[0m
[ 61%] [32mBuilding CXX object CMakeFiles/modbus_driver_interfaces__rosidl_typesupport_cpp.dir/rosidl_typesupport_cpp/modbus_driver_interfaces/msg/motor_simulation_status__type_support.cpp.o[0m
[ 63%] [32mBuilding CXX object CMakeFiles/modbus_driver_interfaces__rosidl_typesupport_introspection_cpp.dir/rosidl_typesupport_introspection_cpp/modbus_driver_interfaces/msg/detail/motor_simulation_status__type_support.cpp.o[0m
[ 65%] [32mBuilding CXX object CMakeFiles/modbus_driver_interfaces__rosidl_typesupport_fastrtps_c.dir/rosidl_typesupport_fastrtps_c/modbus_driver_interfaces/msg/detail/motor_simulation_status__type_support_c.cpp.o[0m
[ 68%] [32mBuilding CXX object CMakeFiles/modbus_driver_interfaces__rosidl_typesupport_fastrtps_cpp.dir/rosidl_typesupport_fastrtps_cpp/modbus_driver_interfaces/msg/detail/dds_fastrtps/motor_simulation_status__type_support.cpp.o[0m
[ 70%] [32m[1mLinking CXX shared library libmodbus_driver_interfaces__rosidl_typesupport_cpp.so[0m
[ 70%] Built target modbus_driver_interfaces__rosidl_typesupport_cpp
[ 72%] [32m[1mLinking CXX shared library libmodbus_driver_interfaces__rosidl_typesupport_introspection_cpp.so[0m
[ 72%] Built target modbus_driver_interfaces__rosidl_typesupport_introspection_cpp
[ 74%] [32m[1mLinking CXX shared library libmodbus_driver_interfaces__rosidl_typesupport_fastrtps_c.so[0m
[ 74%] Built target modbus_driver_interfaces__rosidl_typesupport_fastrtps_c
[ 76%] [32m[1mLinking CXX shared library libmodbus_driver_interfaces__rosidl_typesupport_fastrtps_cpp.so[0m
[ 76%] Built target modbus_driver_interfaces__rosidl_typesupport_fastrtps_cpp
[ 76%] Built target modbus_driver_interfaces
[ 78%] [34m[1mGenerating Python code for ROS interfaces[0m
[ 78%] Built target modbus_driver_interfaces__py
[35m[1mConsolidate compiler generated dependencies of target modbus_driver_interfaces__rosidl_generator_py[0m
[ 85%] [32mBuilding C object CMakeFiles/modbus_driver_interfaces__rosidl_generator_py.dir/rosidl_generator_py/modbus_driver_interfaces/msg/_motor_simulation_status_s.c.o[0m
[ 85%] [32mBuilding C object CMakeFiles/modbus_driver_interfaces__rosidl_generator_py.dir/rosidl_generator_py/modbus_driver_interfaces/msg/_modbus_packet_s.c.o[0m
[ 85%] [32mBuilding C object CMakeFiles/modbus_driver_interfaces__rosidl_generator_py.dir/rosidl_generator_py/modbus_driver_interfaces/srv/_modbus_request_s.c.o[0m
[ 87%] [32m[1mLinking C shared library rosidl_generator_py/modbus_driver_interfaces/libmodbus_driver_interfaces__rosidl_generator_py.so[0m
[ 87%] Built target modbus_driver_interfaces__rosidl_generator_py
[35m[1mConsolidate compiler generated dependencies of target modbus_driver_interfaces__rosidl_typesupport_fastrtps_c__pyext[0m
[35m[1mConsolidate compiler generated dependencies of target modbus_driver_interfaces__rosidl_typesupport_introspection_c__pyext[0m
[35m[1mConsolidate compiler generated dependencies of target modbus_driver_interfaces__rosidl_typesupport_c__pyext[0m
[ 93%] [32mBuilding C object CMakeFiles/modbus_driver_interfaces__rosidl_typesupport_c__pyext.dir/rosidl_generator_py/modbus_driver_interfaces/_modbus_driver_interfaces_s.ep.rosidl_typesupport_c.c.o[0m
[ 93%] [32mBuilding C object CMakeFiles/modbus_driver_interfaces__rosidl_typesupport_fastrtps_c__pyext.dir/rosidl_generator_py/modbus_driver_interfaces/_modbus_driver_interfaces_s.ep.rosidl_typesupport_fastrtps_c.c.o[0m
[ 93%] [32mBuilding C object CMakeFiles/modbus_driver_interfaces__rosidl_typesupport_introspection_c__pyext.dir/rosidl_generator_py/modbus_driver_interfaces/_modbus_driver_interfaces_s.ep.rosidl_typesupport_introspection_c.c.o[0m
[ 95%] [32m[1mLinking C shared library rosidl_generator_py/modbus_driver_interfaces/modbus_driver_interfaces_s__rosidl_typesupport_introspection_c.cpython-310-aarch64-linux-gnu.so[0m
[ 97%] [32m[1mLinking C shared library rosidl_generator_py/modbus_driver_interfaces/modbus_driver_interfaces_s__rosidl_typesupport_c.cpython-310-aarch64-linux-gnu.so[0m
[100%] [32m[1mLinking C shared library rosidl_generator_py/modbus_driver_interfaces/modbus_driver_interfaces_s__rosidl_typesupport_fastrtps_c.cpython-310-aarch64-linux-gnu.so[0m
[100%] Built target modbus_driver_interfaces__rosidl_typesupport_introspection_c__pyext
[100%] Built target modbus_driver_interfaces__rosidl_typesupport_c__pyext
[100%] Built target modbus_driver_interfaces__rosidl_typesupport_fastrtps_c__pyext
-- Install configuration: ""
-- Up-to-date: /home/jetson/Desktop/robot_dc/install/modbus_driver_interfaces/share/ament_index/resource_index/rosidl_interfaces/modbus_driver_interfaces
-- Up-to-date: /home/jetson/Desktop/robot_dc/install/modbus_driver_interfaces/include/modbus_driver_interfaces/modbus_driver_interfaces
-- Up-to-date: /home/jetson/Desktop/robot_dc/install/modbus_driver_interfaces/include/modbus_driver_interfaces/modbus_driver_interfaces/srv
-- Up-to-date: /home/jetson/Desktop/robot_dc/install/modbus_driver_interfaces/include/modbus_driver_interfaces/modbus_driver_interfaces/srv/detail
-- Installing: /home/jetson/Desktop/robot_dc/install/modbus_driver_interfaces/include/modbus_driver_interfaces/modbus_driver_interfaces/srv/detail/modbus_request__type_support.h
-- Installing: /home/jetson/Desktop/robot_dc/install/modbus_driver_interfaces/include/modbus_driver_interfaces/modbus_driver_interfaces/srv/detail/modbus_request__functions.c
-- Installing: /home/jetson/Desktop/robot_dc/install/modbus_driver_interfaces/include/modbus_driver_interfaces/modbus_driver_interfaces/srv/detail/modbus_request__struct.h
-- Installing: /home/jetson/Desktop/robot_dc/install/modbus_driver_interfaces/include/modbus_driver_interfaces/modbus_driver_interfaces/srv/detail/modbus_request__functions.h
-- Installing: /home/jetson/Desktop/robot_dc/install/modbus_driver_interfaces/include/modbus_driver_interfaces/modbus_driver_interfaces/srv/modbus_request.h
-- Up-to-date: /home/jetson/Desktop/robot_dc/install/modbus_driver_interfaces/include/modbus_driver_interfaces/modbus_driver_interfaces/msg
-- Installing: /home/jetson/Desktop/robot_dc/install/modbus_driver_interfaces/include/modbus_driver_interfaces/modbus_driver_interfaces/msg/motor_simulation_status.h
-- Installing: /home/jetson/Desktop/robot_dc/install/modbus_driver_interfaces/include/modbus_driver_interfaces/modbus_driver_interfaces/msg/modbus_packet.h
-- Up-to-date: /home/jetson/Desktop/robot_dc/install/modbus_driver_interfaces/include/modbus_driver_interfaces/modbus_driver_interfaces/msg/rosidl_generator_c__visibility_control.h
-- Up-to-date: /home/jetson/Desktop/robot_dc/install/modbus_driver_interfaces/include/modbus_driver_interfaces/modbus_driver_interfaces/msg/detail
-- Installing: /home/jetson/Desktop/robot_dc/install/modbus_driver_interfaces/include/modbus_driver_interfaces/modbus_driver_interfaces/msg/detail/modbus_packet__functions.c
-- Installing: /home/jetson/Desktop/robot_dc/install/modbus_driver_interfaces/include/modbus_driver_interfaces/modbus_driver_interfaces/msg/detail/motor_simulation_status__functions.c
-- Installing: /home/jetson/Desktop/robot_dc/install/modbus_driver_interfaces/include/modbus_driver_interfaces/modbus_driver_interfaces/msg/detail/motor_simulation_status__struct.h
-- Installing: /home/jetson/Desktop/robot_dc/install/modbus_driver_interfaces/include/modbus_driver_interfaces/modbus_driver_interfaces/msg/detail/modbus_packet__type_support.h
-- Installing: /home/jetson/Desktop/robot_dc/install/modbus_driver_interfaces/include/modbus_driver_interfaces/modbus_driver_interfaces/msg/detail/motor_simulation_status__functions.h
-- Installing: /home/jetson/Desktop/robot_dc/install/modbus_driver_interfaces/include/modbus_driver_interfaces/modbus_driver_interfaces/msg/detail/modbus_packet__struct.h
-- Installing: /home/jetson/Desktop/robot_dc/install/modbus_driver_interfaces/include/modbus_driver_interfaces/modbus_driver_interfaces/msg/detail/modbus_packet__functions.h
-- Installing: /home/jetson/Desktop/robot_dc/install/modbus_driver_interfaces/include/modbus_driver_interfaces/modbus_driver_interfaces/msg/detail/motor_simulation_status__type_support.h
-- Up-to-date: /home/jetson/Desktop/robot_dc/install/modbus_driver_interfaces/share/modbus_driver_interfaces/environment/library_path.sh
-- Installing: /home/jetson/Desktop/robot_dc/install/modbus_driver_interfaces/share/modbus_driver_interfaces/environment/library_path.dsv
-- Installing: /home/jetson/Desktop/robot_dc/install/modbus_driver_interfaces/lib/libmodbus_driver_interfaces__rosidl_generator_c.so
-- Set runtime path of "/home/jetson/Desktop/robot_dc/install/modbus_driver_interfaces/lib/libmodbus_driver_interfaces__rosidl_generator_c.so" to ""
-- Up-to-date: /home/jetson/Desktop/robot_dc/install/modbus_driver_interfaces/include/modbus_driver_interfaces/modbus_driver_interfaces
-- Up-to-date: /home/jetson/Desktop/robot_dc/install/modbus_driver_interfaces/include/modbus_driver_interfaces/modbus_driver_interfaces/srv
-- Up-to-date: /home/jetson/Desktop/robot_dc/install/modbus_driver_interfaces/include/modbus_driver_interfaces/modbus_driver_interfaces/srv/detail
-- Installing: /home/jetson/Desktop/robot_dc/install/modbus_driver_interfaces/include/modbus_driver_interfaces/modbus_driver_interfaces/srv/detail/modbus_request__rosidl_typesupport_fastrtps_c.h
-- Up-to-date: /home/jetson/Desktop/robot_dc/install/modbus_driver_interfaces/include/modbus_driver_interfaces/modbus_driver_interfaces/msg
-- Up-to-date: /home/jetson/Desktop/robot_dc/install/modbus_driver_interfaces/include/modbus_driver_interfaces/modbus_driver_interfaces/msg/rosidl_typesupport_fastrtps_c__visibility_control.h
-- Up-to-date: /home/jetson/Desktop/robot_dc/install/modbus_driver_interfaces/include/modbus_driver_interfaces/modbus_driver_interfaces/msg/detail
-- Installing: /home/jetson/Desktop/robot_dc/install/modbus_driver_interfaces/include/modbus_driver_interfaces/modbus_driver_interfaces/msg/detail/motor_simulation_status__rosidl_typesupport_fastrtps_c.h
-- Installing: /home/jetson/Desktop/robot_dc/install/modbus_driver_interfaces/include/modbus_driver_interfaces/modbus_driver_interfaces/msg/detail/modbus_packet__rosidl_typesupport_fastrtps_c.h
-- Installing: /home/jetson/Desktop/robot_dc/install/modbus_driver_interfaces/lib/libmodbus_driver_interfaces__rosidl_typesupport_fastrtps_c.so
-- Set runtime path of "/home/jetson/Desktop/robot_dc/install/modbus_driver_interfaces/lib/libmodbus_driver_interfaces__rosidl_typesupport_fastrtps_c.so" to ""
-- Up-to-date: /home/jetson/Desktop/robot_dc/install/modbus_driver_interfaces/include/modbus_driver_interfaces/modbus_driver_interfaces
-- Up-to-date: /home/jetson/Desktop/robot_dc/install/modbus_driver_interfaces/include/modbus_driver_interfaces/modbus_driver_interfaces/srv
-- Up-to-date: /home/jetson/Desktop/robot_dc/install/modbus_driver_interfaces/include/modbus_driver_interfaces/modbus_driver_interfaces/srv/detail
-- Installing: /home/jetson/Desktop/robot_dc/install/modbus_driver_interfaces/include/modbus_driver_interfaces/modbus_driver_interfaces/srv/detail/modbus_request__rosidl_typesupport_introspection_c.h
-- Installing: /home/jetson/Desktop/robot_dc/install/modbus_driver_interfaces/include/modbus_driver_interfaces/modbus_driver_interfaces/srv/detail/modbus_request__type_support.c
-- Up-to-date: /home/jetson/Desktop/robot_dc/install/modbus_driver_interfaces/include/modbus_driver_interfaces/modbus_driver_interfaces/msg
-- Up-to-date: /home/jetson/Desktop/robot_dc/install/modbus_driver_interfaces/include/modbus_driver_interfaces/modbus_driver_interfaces/msg/rosidl_typesupport_introspection_c__visibility_control.h
-- Up-to-date: /home/jetson/Desktop/robot_dc/install/modbus_driver_interfaces/include/modbus_driver_interfaces/modbus_driver_interfaces/msg/detail
-- Installing: /home/jetson/Desktop/robot_dc/install/modbus_driver_interfaces/include/modbus_driver_interfaces/modbus_driver_interfaces/msg/detail/modbus_packet__rosidl_typesupport_introspection_c.h
-- Installing: /home/jetson/Desktop/robot_dc/install/modbus_driver_interfaces/include/modbus_driver_interfaces/modbus_driver_interfaces/msg/detail/motor_simulation_status__type_support.c
-- Installing: /home/jetson/Desktop/robot_dc/install/modbus_driver_interfaces/include/modbus_driver_interfaces/modbus_driver_interfaces/msg/detail/motor_simulation_status__rosidl_typesupport_introspection_c.h
-- Installing: /home/jetson/Desktop/robot_dc/install/modbus_driver_interfaces/include/modbus_driver_interfaces/modbus_driver_interfaces/msg/detail/modbus_packet__type_support.c
-- Installing: /home/jetson/Desktop/robot_dc/install/modbus_driver_interfaces/lib/libmodbus_driver_interfaces__rosidl_typesupport_introspection_c.so
-- Set runtime path of "/home/jetson/Desktop/robot_dc/install/modbus_driver_interfaces/lib/libmodbus_driver_interfaces__rosidl_typesupport_introspection_c.so" to ""
-- Installing: /home/jetson/Desktop/robot_dc/install/modbus_driver_interfaces/lib/libmodbus_driver_interfaces__rosidl_typesupport_c.so
-- Set runtime path of "/home/jetson/Desktop/robot_dc/install/modbus_driver_interfaces/lib/libmodbus_driver_interfaces__rosidl_typesupport_c.so" to ""
-- Up-to-date: /home/jetson/Desktop/robot_dc/install/modbus_driver_interfaces/include/modbus_driver_interfaces/modbus_driver_interfaces
-- Up-to-date: /home/jetson/Desktop/robot_dc/install/modbus_driver_interfaces/include/modbus_driver_interfaces/modbus_driver_interfaces/srv
-- Installing: /home/jetson/Desktop/robot_dc/install/modbus_driver_interfaces/include/modbus_driver_interfaces/modbus_driver_interfaces/srv/modbus_request.hpp
-- Up-to-date: /home/jetson/Desktop/robot_dc/install/modbus_driver_interfaces/include/modbus_driver_interfaces/modbus_driver_interfaces/srv/detail
-- Installing: /home/jetson/Desktop/robot_dc/install/modbus_driver_interfaces/include/modbus_driver_interfaces/modbus_driver_interfaces/srv/detail/modbus_request__struct.hpp
-- Installing: /home/jetson/Desktop/robot_dc/install/modbus_driver_interfaces/include/modbus_driver_interfaces/modbus_driver_interfaces/srv/detail/modbus_request__type_support.hpp
-- Installing: /home/jetson/Desktop/robot_dc/install/modbus_driver_interfaces/include/modbus_driver_interfaces/modbus_driver_interfaces/srv/detail/modbus_request__builder.hpp
-- Installing: /home/jetson/Desktop/robot_dc/install/modbus_driver_interfaces/include/modbus_driver_interfaces/modbus_driver_interfaces/srv/detail/modbus_request__traits.hpp
-- Up-to-date: /home/jetson/Desktop/robot_dc/install/modbus_driver_interfaces/include/modbus_driver_interfaces/modbus_driver_interfaces/msg
-- Installing: /home/jetson/Desktop/robot_dc/install/modbus_driver_interfaces/include/modbus_driver_interfaces/modbus_driver_interfaces/msg/motor_simulation_status.hpp
-- Up-to-date: /home/jetson/Desktop/robot_dc/install/modbus_driver_interfaces/include/modbus_driver_interfaces/modbus_driver_interfaces/msg/rosidl_generator_cpp__visibility_control.hpp
-- Installing: /home/jetson/Desktop/robot_dc/install/modbus_driver_interfaces/include/modbus_driver_interfaces/modbus_driver_interfaces/msg/modbus_packet.hpp
-- Up-to-date: /home/jetson/Desktop/robot_dc/install/modbus_driver_interfaces/include/modbus_driver_interfaces/modbus_driver_interfaces/msg/detail
-- Installing: /home/jetson/Desktop/robot_dc/install/modbus_driver_interfaces/include/modbus_driver_interfaces/modbus_driver_interfaces/msg/detail/motor_simulation_status__type_support.hpp
-- Installing: /home/jetson/Desktop/robot_dc/install/modbus_driver_interfaces/include/modbus_driver_interfaces/modbus_driver_interfaces/msg/detail/modbus_packet__traits.hpp
-- Installing: /home/jetson/Desktop/robot_dc/install/modbus_driver_interfaces/include/modbus_driver_interfaces/modbus_driver_interfaces/msg/detail/motor_simulation_status__traits.hpp
-- Installing: /home/jetson/Desktop/robot_dc/install/modbus_driver_interfaces/include/modbus_driver_interfaces/modbus_driver_interfaces/msg/detail/motor_simulation_status__struct.hpp
-- Installing: /home/jetson/Desktop/robot_dc/install/modbus_driver_interfaces/include/modbus_driver_interfaces/modbus_driver_interfaces/msg/detail/modbus_packet__type_support.hpp
-- Installing: /home/jetson/Desktop/robot_dc/install/modbus_driver_interfaces/include/modbus_driver_interfaces/modbus_driver_interfaces/msg/detail/motor_simulation_status__builder.hpp
-- Installing: /home/jetson/Desktop/robot_dc/install/modbus_driver_interfaces/include/modbus_driver_interfaces/modbus_driver_interfaces/msg/detail/modbus_packet__struct.hpp
-- Installing: /home/jetson/Desktop/robot_dc/install/modbus_driver_interfaces/include/modbus_driver_interfaces/modbus_driver_interfaces/msg/detail/modbus_packet__builder.hpp
-- Up-to-date: /home/jetson/Desktop/robot_dc/install/modbus_driver_interfaces/include/modbus_driver_interfaces/modbus_driver_interfaces
-- Up-to-date: /home/jetson/Desktop/robot_dc/install/modbus_driver_interfaces/include/modbus_driver_interfaces/modbus_driver_interfaces/srv
-- Up-to-date: /home/jetson/Desktop/robot_dc/install/modbus_driver_interfaces/include/modbus_driver_interfaces/modbus_driver_interfaces/srv/detail
-- Installing: /home/jetson/Desktop/robot_dc/install/modbus_driver_interfaces/include/modbus_driver_interfaces/modbus_driver_interfaces/srv/detail/modbus_request__rosidl_typesupport_fastrtps_cpp.hpp
-- Up-to-date: /home/jetson/Desktop/robot_dc/install/modbus_driver_interfaces/include/modbus_driver_interfaces/modbus_driver_interfaces/srv/detail/dds_fastrtps
-- Up-to-date: /home/jetson/Desktop/robot_dc/install/modbus_driver_interfaces/include/modbus_driver_interfaces/modbus_driver_interfaces/msg
-- Up-to-date: /home/jetson/Desktop/robot_dc/install/modbus_driver_interfaces/include/modbus_driver_interfaces/modbus_driver_interfaces/msg/rosidl_typesupport_fastrtps_cpp__visibility_control.h
-- Up-to-date: /home/jetson/Desktop/robot_dc/install/modbus_driver_interfaces/include/modbus_driver_interfaces/modbus_driver_interfaces/msg/detail
-- Installing: /home/jetson/Desktop/robot_dc/install/modbus_driver_interfaces/include/modbus_driver_interfaces/modbus_driver_interfaces/msg/detail/modbus_packet__rosidl_typesupport_fastrtps_cpp.hpp
-- Up-to-date: /home/jetson/Desktop/robot_dc/install/modbus_driver_interfaces/include/modbus_driver_interfaces/modbus_driver_interfaces/msg/detail/dds_fastrtps
-- Installing: /home/jetson/Desktop/robot_dc/install/modbus_driver_interfaces/include/modbus_driver_interfaces/modbus_driver_interfaces/msg/detail/motor_simulation_status__rosidl_typesupport_fastrtps_cpp.hpp
-- Installing: /home/jetson/Desktop/robot_dc/install/modbus_driver_interfaces/lib/libmodbus_driver_interfaces__rosidl_typesupport_fastrtps_cpp.so
-- Set runtime path of "/home/jetson/Desktop/robot_dc/install/modbus_driver_interfaces/lib/libmodbus_driver_interfaces__rosidl_typesupport_fastrtps_cpp.so" to ""
-- Up-to-date: /home/jetson/Desktop/robot_dc/install/modbus_driver_interfaces/include/modbus_driver_interfaces/modbus_driver_interfaces
-- Up-to-date: /home/jetson/Desktop/robot_dc/install/modbus_driver_interfaces/include/modbus_driver_interfaces/modbus_driver_interfaces/srv
-- Up-to-date: /home/jetson/Desktop/robot_dc/install/modbus_driver_interfaces/include/modbus_driver_interfaces/modbus_driver_interfaces/srv/detail
-- Installing: /home/jetson/Desktop/robot_dc/install/modbus_driver_interfaces/include/modbus_driver_interfaces/modbus_driver_interfaces/srv/detail/modbus_request__type_support.cpp
-- Installing: /home/jetson/Desktop/robot_dc/install/modbus_driver_interfaces/include/modbus_driver_interfaces/modbus_driver_interfaces/srv/detail/modbus_request__rosidl_typesupport_introspection_cpp.hpp
-- Up-to-date: /home/jetson/Desktop/robot_dc/install/modbus_driver_interfaces/include/modbus_driver_interfaces/modbus_driver_interfaces/msg
-- Up-to-date: /home/jetson/Desktop/robot_dc/install/modbus_driver_interfaces/include/modbus_driver_interfaces/modbus_driver_interfaces/msg/detail
-- Installing: /home/jetson/Desktop/robot_dc/install/modbus_driver_interfaces/include/modbus_driver_interfaces/modbus_driver_interfaces/msg/detail/motor_simulation_status__rosidl_typesupport_introspection_cpp.hpp
-- Installing: /home/jetson/Desktop/robot_dc/install/modbus_driver_interfaces/include/modbus_driver_interfaces/modbus_driver_interfaces/msg/detail/modbus_packet__rosidl_typesupport_introspection_cpp.hpp
-- Installing: /home/jetson/Desktop/robot_dc/install/modbus_driver_interfaces/include/modbus_driver_interfaces/modbus_driver_interfaces/msg/detail/motor_simulation_status__type_support.cpp
-- Installing: /home/jetson/Desktop/robot_dc/install/modbus_driver_interfaces/include/modbus_driver_interfaces/modbus_driver_interfaces/msg/detail/modbus_packet__type_support.cpp
-- Installing: /home/jetson/Desktop/robot_dc/install/modbus_driver_interfaces/lib/libmodbus_driver_interfaces__rosidl_typesupport_introspection_cpp.so
-- Set runtime path of "/home/jetson/Desktop/robot_dc/install/modbus_driver_interfaces/lib/libmodbus_driver_interfaces__rosidl_typesupport_introspection_cpp.so" to ""
-- Installing: /home/jetson/Desktop/robot_dc/install/modbus_driver_interfaces/lib/libmodbus_driver_interfaces__rosidl_typesupport_cpp.so
-- Set runtime path of "/home/jetson/Desktop/robot_dc/install/modbus_driver_interfaces/lib/libmodbus_driver_interfaces__rosidl_typesupport_cpp.so" to ""
-- Up-to-date: /home/jetson/Desktop/robot_dc/install/modbus_driver_interfaces/share/modbus_driver_interfaces/environment/pythonpath.sh
-- Installing: /home/jetson/Desktop/robot_dc/install/modbus_driver_interfaces/share/modbus_driver_interfaces/environment/pythonpath.dsv
-- Up-to-date: /home/jetson/Desktop/robot_dc/install/modbus_driver_interfaces/local/lib/python3.10/dist-packages/modbus_driver_interfaces-0.0.0-py3.10.egg-info
-- Installing: /home/jetson/Desktop/robot_dc/install/modbus_driver_interfaces/local/lib/python3.10/dist-packages/modbus_driver_interfaces-0.0.0-py3.10.egg-info/SOURCES.txt
-- Installing: /home/jetson/Desktop/robot_dc/install/modbus_driver_interfaces/local/lib/python3.10/dist-packages/modbus_driver_interfaces-0.0.0-py3.10.egg-info/top_level.txt
-- Installing: /home/jetson/Desktop/robot_dc/install/modbus_driver_interfaces/local/lib/python3.10/dist-packages/modbus_driver_interfaces-0.0.0-py3.10.egg-info/PKG-INFO
-- Installing: /home/jetson/Desktop/robot_dc/install/modbus_driver_interfaces/local/lib/python3.10/dist-packages/modbus_driver_interfaces-0.0.0-py3.10.egg-info/dependency_links.txt
-- Up-to-date: /home/jetson/Desktop/robot_dc/install/modbus_driver_interfaces/local/lib/python3.10/dist-packages/modbus_driver_interfaces
-- Installing: /home/jetson/Desktop/robot_dc/install/modbus_driver_interfaces/local/lib/python3.10/dist-packages/modbus_driver_interfaces/libmodbus_driver_interfaces__rosidl_generator_py.so
-- Installing: /home/jetson/Desktop/robot_dc/install/modbus_driver_interfaces/local/lib/python3.10/dist-packages/modbus_driver_interfaces/modbus_driver_interfaces_s__rosidl_typesupport_fastrtps_c.cpython-310-aarch64-linux-gnu.so
-- Installing: /home/jetson/Desktop/robot_dc/install/modbus_driver_interfaces/local/lib/python3.10/dist-packages/modbus_driver_interfaces/_modbus_driver_interfaces_s.ep.rosidl_typesupport_introspection_c.c
-- Installing: /home/jetson/Desktop/robot_dc/install/modbus_driver_interfaces/local/lib/python3.10/dist-packages/modbus_driver_interfaces/modbus_driver_interfaces_s__rosidl_typesupport_c.cpython-310-aarch64-linux-gnu.so
-- Installing: /home/jetson/Desktop/robot_dc/install/modbus_driver_interfaces/local/lib/python3.10/dist-packages/modbus_driver_interfaces/modbus_driver_interfaces_s__rosidl_typesupport_introspection_c.cpython-310-aarch64-linux-gnu.so
-- Up-to-date: /home/jetson/Desktop/robot_dc/install/modbus_driver_interfaces/local/lib/python3.10/dist-packages/modbus_driver_interfaces/srv
-- Installing: /home/jetson/Desktop/robot_dc/install/modbus_driver_interfaces/local/lib/python3.10/dist-packages/modbus_driver_interfaces/srv/_modbus_request.py
-- Installing: /home/jetson/Desktop/robot_dc/install/modbus_driver_interfaces/local/lib/python3.10/dist-packages/modbus_driver_interfaces/srv/_modbus_request_s.c
-- Installing: /home/jetson/Desktop/robot_dc/install/modbus_driver_interfaces/local/lib/python3.10/dist-packages/modbus_driver_interfaces/srv/__init__.py
-- Installing: /home/jetson/Desktop/robot_dc/install/modbus_driver_interfaces/local/lib/python3.10/dist-packages/modbus_driver_interfaces/__init__.py
-- Installing: /home/jetson/Desktop/robot_dc/install/modbus_driver_interfaces/local/lib/python3.10/dist-packages/modbus_driver_interfaces/_modbus_driver_interfaces_s.ep.rosidl_typesupport_c.c
-- Installing: /home/jetson/Desktop/robot_dc/install/modbus_driver_interfaces/local/lib/python3.10/dist-packages/modbus_driver_interfaces/_modbus_driver_interfaces_s.ep.rosidl_typesupport_fastrtps_c.c
-- Up-to-date: /home/jetson/Desktop/robot_dc/install/modbus_driver_interfaces/local/lib/python3.10/dist-packages/modbus_driver_interfaces/msg
-- Installing: /home/jetson/Desktop/robot_dc/install/modbus_driver_interfaces/local/lib/python3.10/dist-packages/modbus_driver_interfaces/msg/_motor_simulation_status_s.c
-- Installing: /home/jetson/Desktop/robot_dc/install/modbus_driver_interfaces/local/lib/python3.10/dist-packages/modbus_driver_interfaces/msg/_modbus_packet.py
-- Installing: /home/jetson/Desktop/robot_dc/install/modbus_driver_interfaces/local/lib/python3.10/dist-packages/modbus_driver_interfaces/msg/_modbus_packet_s.c
-- Installing: /home/jetson/Desktop/robot_dc/install/modbus_driver_interfaces/local/lib/python3.10/dist-packages/modbus_driver_interfaces/msg/__init__.py
-- Installing: /home/jetson/Desktop/robot_dc/install/modbus_driver_interfaces/local/lib/python3.10/dist-packages/modbus_driver_interfaces/msg/_motor_simulation_status.py
Listing '/home/jetson/Desktop/robot_dc/install/modbus_driver_interfaces/local/lib/python3.10/dist-packages/modbus_driver_interfaces'...
Compiling '/home/jetson/Desktop/robot_dc/install/modbus_driver_interfaces/local/lib/python3.10/dist-packages/modbus_driver_interfaces/__init__.py'...
Listing '/home/jetson/Desktop/robot_dc/install/modbus_driver_interfaces/local/lib/python3.10/dist-packages/modbus_driver_interfaces/msg'...
Compiling '/home/jetson/Desktop/robot_dc/install/modbus_driver_interfaces/local/lib/python3.10/dist-packages/modbus_driver_interfaces/msg/__init__.py'...
Compiling '/home/jetson/Desktop/robot_dc/install/modbus_driver_interfaces/local/lib/python3.10/dist-packages/modbus_driver_interfaces/msg/_modbus_packet.py'...
Compiling '/home/jetson/Desktop/robot_dc/install/modbus_driver_interfaces/local/lib/python3.10/dist-packages/modbus_driver_interfaces/msg/_motor_simulation_status.py'...
Listing '/home/jetson/Desktop/robot_dc/install/modbus_driver_interfaces/local/lib/python3.10/dist-packages/modbus_driver_interfaces/srv'...
Compiling '/home/jetson/Desktop/robot_dc/install/modbus_driver_interfaces/local/lib/python3.10/dist-packages/modbus_driver_interfaces/srv/__init__.py'...
Compiling '/home/jetson/Desktop/robot_dc/install/modbus_driver_interfaces/local/lib/python3.10/dist-packages/modbus_driver_interfaces/srv/_modbus_request.py'...
-- Installing: /home/jetson/Desktop/robot_dc/install/modbus_driver_interfaces/local/lib/python3.10/dist-packages/modbus_driver_interfaces/modbus_driver_interfaces_s__rosidl_typesupport_fastrtps_c.cpython-310-aarch64-linux-gnu.so
-- Set runtime path of "/home/jetson/Desktop/robot_dc/install/modbus_driver_interfaces/local/lib/python3.10/dist-packages/modbus_driver_interfaces/modbus_driver_interfaces_s__rosidl_typesupport_fastrtps_c.cpython-310-aarch64-linux-gnu.so" to ""
-- Installing: /home/jetson/Desktop/robot_dc/install/modbus_driver_interfaces/local/lib/python3.10/dist-packages/modbus_driver_interfaces/modbus_driver_interfaces_s__rosidl_typesupport_introspection_c.cpython-310-aarch64-linux-gnu.so
-- Set runtime path of "/home/jetson/Desktop/robot_dc/install/modbus_driver_interfaces/local/lib/python3.10/dist-packages/modbus_driver_interfaces/modbus_driver_interfaces_s__rosidl_typesupport_introspection_c.cpython-310-aarch64-linux-gnu.so" to ""
-- Installing: /home/jetson/Desktop/robot_dc/install/modbus_driver_interfaces/local/lib/python3.10/dist-packages/modbus_driver_interfaces/modbus_driver_interfaces_s__rosidl_typesupport_c.cpython-310-aarch64-linux-gnu.so
-- Set runtime path of "/home/jetson/Desktop/robot_dc/install/modbus_driver_interfaces/local/lib/python3.10/dist-packages/modbus_driver_interfaces/modbus_driver_interfaces_s__rosidl_typesupport_c.cpython-310-aarch64-linux-gnu.so" to ""
-- Installing: /home/jetson/Desktop/robot_dc/install/modbus_driver_interfaces/lib/libmodbus_driver_interfaces__rosidl_generator_py.so
-- Set runtime path of "/home/jetson/Desktop/robot_dc/install/modbus_driver_interfaces/lib/libmodbus_driver_interfaces__rosidl_generator_py.so" to ""
-- Installing: /home/jetson/Desktop/robot_dc/install/modbus_driver_interfaces/share/modbus_driver_interfaces/srv/ModbusRequest.idl
-- Up-to-date: /home/jetson/Desktop/robot_dc/install/modbus_driver_interfaces/share/modbus_driver_interfaces/msg/ModbusPacket.idl
-- Up-to-date: /home/jetson/Desktop/robot_dc/install/modbus_driver_interfaces/share/modbus_driver_interfaces/msg/MotorSimulationStatus.idl
-- Installing: /home/jetson/Desktop/robot_dc/install/modbus_driver_interfaces/share/modbus_driver_interfaces/srv/ModbusRequest.srv
-- Installing: /home/jetson/Desktop/robot_dc/install/modbus_driver_interfaces/share/modbus_driver_interfaces/srv/ModbusRequest_Request.msg
-- Installing: /home/jetson/Desktop/robot_dc/install/modbus_driver_interfaces/share/modbus_driver_interfaces/srv/ModbusRequest_Response.msg
-- Up-to-date: /home/jetson/Desktop/robot_dc/install/modbus_driver_interfaces/share/modbus_driver_interfaces/msg/ModbusPacket.msg
-- Up-to-date: /home/jetson/Desktop/robot_dc/install/modbus_driver_interfaces/share/modbus_driver_interfaces/msg/MotorSimulationStatus.msg
-- Up-to-date: /home/jetson/Desktop/robot_dc/install/modbus_driver_interfaces/share/ament_index/resource_index/package_run_dependencies/modbus_driver_interfaces
-- Installing: /home/jetson/Desktop/robot_dc/install/modbus_driver_interfaces/share/ament_index/resource_index/parent_prefix_path/modbus_driver_interfaces
-- Up-to-date: /home/jetson/Desktop/robot_dc/install/modbus_driver_interfaces/share/modbus_driver_interfaces/environment/ament_prefix_path.sh
-- Installing: /home/jetson/Desktop/robot_dc/install/modbus_driver_interfaces/share/modbus_driver_interfaces/environment/ament_prefix_path.dsv
-- Up-to-date: /home/jetson/Desktop/robot_dc/install/modbus_driver_interfaces/share/modbus_driver_interfaces/environment/path.sh
-- Installing: /home/jetson/Desktop/robot_dc/install/modbus_driver_interfaces/share/modbus_driver_interfaces/environment/path.dsv
-- Up-to-date: /home/jetson/Desktop/robot_dc/install/modbus_driver_interfaces/share/modbus_driver_interfaces/local_setup.bash
-- Up-to-date: /home/jetson/Desktop/robot_dc/install/modbus_driver_interfaces/share/modbus_driver_interfaces/local_setup.sh
-- Up-to-date: /home/jetson/Desktop/robot_dc/install/modbus_driver_interfaces/share/modbus_driver_interfaces/local_setup.zsh
-- Installing: /home/jetson/Desktop/robot_dc/install/modbus_driver_interfaces/share/modbus_driver_interfaces/local_setup.dsv
-- Installing: /home/jetson/Desktop/robot_dc/install/modbus_driver_interfaces/share/modbus_driver_interfaces/package.dsv
-- Up-to-date: /home/jetson/Desktop/robot_dc/install/modbus_driver_interfaces/share/ament_index/resource_index/packages/modbus_driver_interfaces
-- Up-to-date: /home/jetson/Desktop/robot_dc/install/modbus_driver_interfaces/share/modbus_driver_interfaces/cmake/export_modbus_driver_interfaces__rosidl_generator_cExport.cmake
-- Up-to-date: /home/jetson/Desktop/robot_dc/install/modbus_driver_interfaces/share/modbus_driver_interfaces/cmake/export_modbus_driver_interfaces__rosidl_generator_cExport-noconfig.cmake
-- Up-to-date: /home/jetson/Desktop/robot_dc/install/modbus_driver_interfaces/share/modbus_driver_interfaces/cmake/export_modbus_driver_interfaces__rosidl_typesupport_fastrtps_cExport.cmake
-- Up-to-date: /home/jetson/Desktop/robot_dc/install/modbus_driver_interfaces/share/modbus_driver_interfaces/cmake/export_modbus_driver_interfaces__rosidl_typesupport_fastrtps_cExport-noconfig.cmake
-- Up-to-date: /home/jetson/Desktop/robot_dc/install/modbus_driver_interfaces/share/modbus_driver_interfaces/cmake/modbus_driver_interfaces__rosidl_typesupport_introspection_cExport.cmake
-- Up-to-date: /home/jetson/Desktop/robot_dc/install/modbus_driver_interfaces/share/modbus_driver_interfaces/cmake/modbus_driver_interfaces__rosidl_typesupport_introspection_cExport-noconfig.cmake
-- Up-to-date: /home/jetson/Desktop/robot_dc/install/modbus_driver_interfaces/share/modbus_driver_interfaces/cmake/modbus_driver_interfaces__rosidl_typesupport_cExport.cmake
-- Up-to-date: /home/jetson/Desktop/robot_dc/install/modbus_driver_interfaces/share/modbus_driver_interfaces/cmake/modbus_driver_interfaces__rosidl_typesupport_cExport-noconfig.cmake
-- Up-to-date: /home/jetson/Desktop/robot_dc/install/modbus_driver_interfaces/share/modbus_driver_interfaces/cmake/export_modbus_driver_interfaces__rosidl_generator_cppExport.cmake
-- Up-to-date: /home/jetson/Desktop/robot_dc/install/modbus_driver_interfaces/share/modbus_driver_interfaces/cmake/export_modbus_driver_interfaces__rosidl_typesupport_fastrtps_cppExport.cmake
-- Up-to-date: /home/jetson/Desktop/robot_dc/install/modbus_driver_interfaces/share/modbus_driver_interfaces/cmake/export_modbus_driver_interfaces__rosidl_typesupport_fastrtps_cppExport-noconfig.cmake
-- Up-to-date: /home/jetson/Desktop/robot_dc/install/modbus_driver_interfaces/share/modbus_driver_interfaces/cmake/modbus_driver_interfaces__rosidl_typesupport_introspection_cppExport.cmake
-- Up-to-date: /home/jetson/Desktop/robot_dc/install/modbus_driver_interfaces/share/modbus_driver_interfaces/cmake/modbus_driver_interfaces__rosidl_typesupport_introspection_cppExport-noconfig.cmake
-- Up-to-date: /home/jetson/Desktop/robot_dc/install/modbus_driver_interfaces/share/modbus_driver_interfaces/cmake/modbus_driver_interfaces__rosidl_typesupport_cppExport.cmake
-- Up-to-date: /home/jetson/Desktop/robot_dc/install/modbus_driver_interfaces/share/modbus_driver_interfaces/cmake/modbus_driver_interfaces__rosidl_typesupport_cppExport-noconfig.cmake
-- Up-to-date: /home/jetson/Desktop/robot_dc/install/modbus_driver_interfaces/share/modbus_driver_interfaces/cmake/export_modbus_driver_interfaces__rosidl_generator_pyExport.cmake
-- Up-to-date: /home/jetson/Desktop/robot_dc/install/modbus_driver_interfaces/share/modbus_driver_interfaces/cmake/export_modbus_driver_interfaces__rosidl_generator_pyExport-noconfig.cmake
-- Up-to-date: /home/jetson/Desktop/robot_dc/install/modbus_driver_interfaces/share/modbus_driver_interfaces/cmake/rosidl_cmake-extras.cmake
-- Up-to-date: /home/jetson/Desktop/robot_dc/install/modbus_driver_interfaces/share/modbus_driver_interfaces/cmake/ament_cmake_export_include_directories-extras.cmake
-- Up-to-date: /home/jetson/Desktop/robot_dc/install/modbus_driver_interfaces/share/modbus_driver_interfaces/cmake/ament_cmake_export_libraries-extras.cmake
-- Up-to-date: /home/jetson/Desktop/robot_dc/install/modbus_driver_interfaces/share/modbus_driver_interfaces/cmake/ament_cmake_export_targets-extras.cmake
-- Up-to-date: /home/jetson/Desktop/robot_dc/install/modbus_driver_interfaces/share/modbus_driver_interfaces/cmake/rosidl_cmake_export_typesupport_targets-extras.cmake
-- Up-to-date: /home/jetson/Desktop/robot_dc/install/modbus_driver_interfaces/share/modbus_driver_interfaces/cmake/ament_cmake_export_dependencies-extras.cmake
-- Up-to-date: /home/jetson/Desktop/robot_dc/install/modbus_driver_interfaces/share/modbus_driver_interfaces/cmake/rosidl_cmake_export_typesupport_libraries-extras.cmake
-- Up-to-date: /home/jetson/Desktop/robot_dc/install/modbus_driver_interfaces/share/modbus_driver_interfaces/cmake/modbus_driver_interfacesConfig.cmake
-- Up-to-date: /home/jetson/Desktop/robot_dc/install/modbus_driver_interfaces/share/modbus_driver_interfaces/cmake/modbus_driver_interfacesConfig-version.cmake
-- Up-to-date: /home/jetson/Desktop/robot_dc/install/modbus_driver_interfaces/share/modbus_driver_interfaces/package.xml
