[0.665s] Invoking command in '/home/jetson/Desktop/robot_dc/build/modbus_driver_interfaces': /usr/bin/cmake --build /home/jetson/Desktop/robot_dc/build/modbus_driver_interfaces -- -j6 -l6
[1.313s] -- Found ament_cmake: 1.3.11 (/opt/ros/humble/share/ament_cmake/cmake)
[1.314s] -- Found rosidl_default_generators: 1.2.0 (/opt/ros/humble/share/rosidl_default_generators/cmake)
[1.316s] -- Using all available rosidl_typesupport_c: rosidl_typesupport_fastrtps_c;rosidl_typesupport_introspection_c
[1.316s] -- Found rosidl_adapter: 3.1.6 (/opt/ros/humble/share/rosidl_adapter/cmake)
[1.316s] -- Using all available rosidl_typesupport_cpp: rosidl_typesupport_fastrtps_cpp;rosidl_typesupport_introspection_cpp
[1.831s] -- Found ament_cmake_ros: 0.10.0 (/opt/ros/humble/share/ament_cmake_ros/cmake)
[2.292s] -- Using all available rosidl_typesupport_c: rosidl_typesupport_fastrtps_c;rosidl_typesupport_introspection_c
[2.908s] -- Using all available rosidl_typesupport_cpp: rosidl_typesupport_fastrtps_cpp;rosidl_typesupport_introspection_cpp
[2.965s] -- Found python_cmake_module: 0.10.0 (/opt/ros/humble/share/python_cmake_module/cmake)
[3.022s] -- Using PYTHON_EXECUTABLE: /usr/bin/python3
[3.022s] -- Using PYTHON_INCLUDE_DIRS: /usr/include/python3.10
[3.022s] -- Using PYTHON_LIBRARIES: /usr/lib/aarch64-linux-gnu/libpython3.10.so
[3.061s] -- Configuring done
[3.132s] -- Generating done
[3.157s] -- Build files have been written to: /home/jetson/Desktop/robot_dc/build/modbus_driver_interfaces
[3.212s] [  2%] [34m[1mGenerating C code for ROS interfaces[0m
[3.249s] [  4%] [34m[1mGenerating C++ code for ROS interfaces[0m
[3.262s] [  4%] Built target ament_cmake_python_copy_modbus_driver_interfaces
[4.013s] running egg_info
[4.014s] writing modbus_driver_interfaces.egg-info/PKG-INFO
[4.015s] writing dependency_links to modbus_driver_interfaces.egg-info/dependency_links.txt
[4.015s] writing top-level names to modbus_driver_interfaces.egg-info/top_level.txt
[4.021s] reading manifest file 'modbus_driver_interfaces.egg-info/SOURCES.txt'
[4.023s] writing manifest file 'modbus_driver_interfaces.egg-info/SOURCES.txt'
[4.099s] [  4%] Built target ament_cmake_python_build_modbus_driver_interfaces_egg
[4.225s] [35m[1mConsolidate compiler generated dependencies of target modbus_driver_interfaces__rosidl_generator_c[0m
[4.250s] [  6%] [32mBuilding C object CMakeFiles/modbus_driver_interfaces__rosidl_generator_c.dir/rosidl_generator_c/modbus_driver_interfaces/srv/detail/modbus_request__functions.c.o[0m
[4.279s] [  8%] [32mBuilding C object CMakeFiles/modbus_driver_interfaces__rosidl_generator_c.dir/rosidl_generator_c/modbus_driver_interfaces/msg/detail/motor_simulation_status__functions.c.o[0m
[4.280s] [ 10%] [32mBuilding C object CMakeFiles/modbus_driver_interfaces__rosidl_generator_c.dir/rosidl_generator_c/modbus_driver_interfaces/msg/detail/modbus_packet__functions.c.o[0m
[4.297s] [ 10%] Built target modbus_driver_interfaces__cpp
[4.320s] [ 12%] [34m[1mGenerating C++ type support dispatch for ROS interfaces[0m
[4.328s] [ 14%] [34m[1mGenerating C++ type support for eProsima Fast-RTPS[0m
[4.342s] [ 17%] [34m[1mGenerating C++ introspection for ROS interfaces[0m
[4.428s] [ 19%] [32m[1mLinking C shared library libmodbus_driver_interfaces__rosidl_generator_c.so[0m
[4.515s] [ 19%] Built target modbus_driver_interfaces__rosidl_generator_c
[4.541s] [ 23%] [34m[1mGenerating C type support for eProsima Fast-RTPS[0m
[4.541s] [ 23%] [34m[1mGenerating C introspection for ROS interfaces[0m
[4.594s] [ 25%] [34m[1mGenerating C type support dispatch for ROS interfaces[0m
[5.299s] [35m[1mConsolidate compiler generated dependencies of target modbus_driver_interfaces__rosidl_typesupport_cpp[0m
[5.356s] [ 27%] [32mBuilding CXX object CMakeFiles/modbus_driver_interfaces__rosidl_typesupport_cpp.dir/rosidl_typesupport_cpp/modbus_driver_interfaces/srv/modbus_request__type_support.cpp.o[0m
[5.380s] [35m[1mConsolidate compiler generated dependencies of target modbus_driver_interfaces__rosidl_typesupport_introspection_cpp[0m
[5.452s] [ 29%] [32mBuilding CXX object CMakeFiles/modbus_driver_interfaces__rosidl_typesupport_introspection_cpp.dir/rosidl_typesupport_introspection_cpp/modbus_driver_interfaces/srv/detail/modbus_request__type_support.cpp.o[0m
[5.550s] [35m[1mConsolidate compiler generated dependencies of target modbus_driver_interfaces__rosidl_typesupport_fastrtps_cpp[0m
[5.554s] [35m[1mConsolidate compiler generated dependencies of target modbus_driver_interfaces__rosidl_typesupport_c[0m
[5.580s] [35m[1mConsolidate compiler generated dependencies of target modbus_driver_interfaces__rosidl_typesupport_introspection_c[0m
[5.594s] [ 31%] [32mBuilding CXX object CMakeFiles/modbus_driver_interfaces__rosidl_typesupport_c.dir/rosidl_typesupport_c/modbus_driver_interfaces/srv/modbus_request__type_support.cpp.o[0m
[5.626s] [ 34%] [32mBuilding CXX object CMakeFiles/modbus_driver_interfaces__rosidl_typesupport_fastrtps_cpp.dir/rosidl_typesupport_fastrtps_cpp/modbus_driver_interfaces/srv/detail/dds_fastrtps/modbus_request__type_support.cpp.o[0m
[5.633s] [ 36%] [32mBuilding C object CMakeFiles/modbus_driver_interfaces__rosidl_typesupport_introspection_c.dir/rosidl_typesupport_introspection_c/modbus_driver_interfaces/srv/detail/modbus_request__type_support.c.o[0m
[5.713s] [ 38%] [32mBuilding CXX object CMakeFiles/modbus_driver_interfaces__rosidl_typesupport_c.dir/rosidl_typesupport_c/modbus_driver_interfaces/msg/modbus_packet__type_support.cpp.o[0m
[5.776s] [ 40%] [32mBuilding C object CMakeFiles/modbus_driver_interfaces__rosidl_typesupport_introspection_c.dir/rosidl_typesupport_introspection_c/modbus_driver_interfaces/msg/detail/modbus_packet__type_support.c.o[0m
[5.838s] [ 42%] [32mBuilding CXX object CMakeFiles/modbus_driver_interfaces__rosidl_typesupport_c.dir/rosidl_typesupport_c/modbus_driver_interfaces/msg/motor_simulation_status__type_support.cpp.o[0m
[5.899s] [35m[1mConsolidate compiler generated dependencies of target modbus_driver_interfaces__rosidl_typesupport_fastrtps_c[0m
[5.907s] [ 44%] [32mBuilding C object CMakeFiles/modbus_driver_interfaces__rosidl_typesupport_introspection_c.dir/rosidl_typesupport_introspection_c/modbus_driver_interfaces/msg/detail/motor_simulation_status__type_support.c.o[0m
[5.984s] [ 46%] [32m[1mLinking CXX shared library libmodbus_driver_interfaces__rosidl_typesupport_c.so[0m
[5.998s] [ 48%] [32mBuilding CXX object CMakeFiles/modbus_driver_interfaces__rosidl_typesupport_fastrtps_c.dir/rosidl_typesupport_fastrtps_c/modbus_driver_interfaces/srv/detail/modbus_request__type_support_c.cpp.o[0m
[6.084s] [ 51%] [32m[1mLinking C shared library libmodbus_driver_interfaces__rosidl_typesupport_introspection_c.so[0m
[6.184s] [ 53%] [32mBuilding CXX object CMakeFiles/modbus_driver_interfaces__rosidl_typesupport_cpp.dir/rosidl_typesupport_cpp/modbus_driver_interfaces/msg/modbus_packet__type_support.cpp.o[0m
[6.201s] [ 53%] Built target modbus_driver_interfaces__rosidl_typesupport_c
[6.260s] [ 55%] [32mBuilding CXX object CMakeFiles/modbus_driver_interfaces__rosidl_typesupport_fastrtps_c.dir/rosidl_typesupport_fastrtps_c/modbus_driver_interfaces/msg/detail/modbus_packet__type_support_c.cpp.o[0m
[6.280s] [ 55%] Built target modbus_driver_interfaces__rosidl_typesupport_introspection_c
[6.340s] [ 57%] [32mBuilding CXX object CMakeFiles/modbus_driver_interfaces__rosidl_typesupport_introspection_cpp.dir/rosidl_typesupport_introspection_cpp/modbus_driver_interfaces/msg/detail/modbus_packet__type_support.cpp.o[0m
[7.019s] [ 59%] [32mBuilding CXX object CMakeFiles/modbus_driver_interfaces__rosidl_typesupport_fastrtps_cpp.dir/rosidl_typesupport_fastrtps_cpp/modbus_driver_interfaces/msg/detail/dds_fastrtps/modbus_packet__type_support.cpp.o[0m
[7.116s] [ 61%] [32mBuilding CXX object CMakeFiles/modbus_driver_interfaces__rosidl_typesupport_cpp.dir/rosidl_typesupport_cpp/modbus_driver_interfaces/msg/motor_simulation_status__type_support.cpp.o[0m
[7.172s] [ 63%] [32mBuilding CXX object CMakeFiles/modbus_driver_interfaces__rosidl_typesupport_introspection_cpp.dir/rosidl_typesupport_introspection_cpp/modbus_driver_interfaces/msg/detail/motor_simulation_status__type_support.cpp.o[0m
[7.413s] [ 65%] [32mBuilding CXX object CMakeFiles/modbus_driver_interfaces__rosidl_typesupport_fastrtps_c.dir/rosidl_typesupport_fastrtps_c/modbus_driver_interfaces/msg/detail/motor_simulation_status__type_support_c.cpp.o[0m
[7.798s] [ 68%] [32mBuilding CXX object CMakeFiles/modbus_driver_interfaces__rosidl_typesupport_fastrtps_cpp.dir/rosidl_typesupport_fastrtps_cpp/modbus_driver_interfaces/msg/detail/dds_fastrtps/motor_simulation_status__type_support.cpp.o[0m
[8.058s] [ 70%] [32m[1mLinking CXX shared library libmodbus_driver_interfaces__rosidl_typesupport_cpp.so[0m
[8.311s] [ 70%] Built target modbus_driver_interfaces__rosidl_typesupport_cpp
[8.386s] [ 72%] [32m[1mLinking CXX shared library libmodbus_driver_interfaces__rosidl_typesupport_introspection_cpp.so[0m
[8.565s] [ 72%] Built target modbus_driver_interfaces__rosidl_typesupport_introspection_cpp
[8.657s] [ 74%] [32m[1mLinking CXX shared library libmodbus_driver_interfaces__rosidl_typesupport_fastrtps_c.so[0m
[8.821s] [ 74%] Built target modbus_driver_interfaces__rosidl_typesupport_fastrtps_c
[8.960s] [ 76%] [32m[1mLinking CXX shared library libmodbus_driver_interfaces__rosidl_typesupport_fastrtps_cpp.so[0m
[9.114s] [ 76%] Built target modbus_driver_interfaces__rosidl_typesupport_fastrtps_cpp
[9.156s] [ 76%] Built target modbus_driver_interfaces
[9.199s] [ 78%] [34m[1mGenerating Python code for ROS interfaces[0m
[10.522s] [ 78%] Built target modbus_driver_interfaces__py
[10.545s] [35m[1mConsolidate compiler generated dependencies of target modbus_driver_interfaces__rosidl_generator_py[0m
[10.579s] [ 85%] [32mBuilding C object CMakeFiles/modbus_driver_interfaces__rosidl_generator_py.dir/rosidl_generator_py/modbus_driver_interfaces/msg/_motor_simulation_status_s.c.o[0m
[10.579s] [ 85%] [32mBuilding C object CMakeFiles/modbus_driver_interfaces__rosidl_generator_py.dir/rosidl_generator_py/modbus_driver_interfaces/msg/_modbus_packet_s.c.o[0m
[10.579s] [ 85%] [32mBuilding C object CMakeFiles/modbus_driver_interfaces__rosidl_generator_py.dir/rosidl_generator_py/modbus_driver_interfaces/srv/_modbus_request_s.c.o[0m
[10.849s] [ 87%] [32m[1mLinking C shared library rosidl_generator_py/modbus_driver_interfaces/libmodbus_driver_interfaces__rosidl_generator_py.so[0m
[10.927s] [ 87%] Built target modbus_driver_interfaces__rosidl_generator_py
[10.948s] [35m[1mConsolidate compiler generated dependencies of target modbus_driver_interfaces__rosidl_typesupport_fastrtps_c__pyext[0m
[10.948s] [35m[1mConsolidate compiler generated dependencies of target modbus_driver_interfaces__rosidl_typesupport_introspection_c__pyext[0m
[10.949s] [35m[1mConsolidate compiler generated dependencies of target modbus_driver_interfaces__rosidl_typesupport_c__pyext[0m
[10.979s] [ 93%] [32mBuilding C object CMakeFiles/modbus_driver_interfaces__rosidl_typesupport_c__pyext.dir/rosidl_generator_py/modbus_driver_interfaces/_modbus_driver_interfaces_s.ep.rosidl_typesupport_c.c.o[0m
[10.979s] [ 93%] [32mBuilding C object CMakeFiles/modbus_driver_interfaces__rosidl_typesupport_fastrtps_c__pyext.dir/rosidl_generator_py/modbus_driver_interfaces/_modbus_driver_interfaces_s.ep.rosidl_typesupport_fastrtps_c.c.o[0m
[10.980s] [ 93%] [32mBuilding C object CMakeFiles/modbus_driver_interfaces__rosidl_typesupport_introspection_c__pyext.dir/rosidl_generator_py/modbus_driver_interfaces/_modbus_driver_interfaces_s.ep.rosidl_typesupport_introspection_c.c.o[0m
[11.200s] [ 95%] [32m[1mLinking C shared library rosidl_generator_py/modbus_driver_interfaces/modbus_driver_interfaces_s__rosidl_typesupport_introspection_c.cpython-310-aarch64-linux-gnu.so[0m
[11.203s] [ 97%] [32m[1mLinking C shared library rosidl_generator_py/modbus_driver_interfaces/modbus_driver_interfaces_s__rosidl_typesupport_c.cpython-310-aarch64-linux-gnu.so[0m
[11.214s] [100%] [32m[1mLinking C shared library rosidl_generator_py/modbus_driver_interfaces/modbus_driver_interfaces_s__rosidl_typesupport_fastrtps_c.cpython-310-aarch64-linux-gnu.so[0m
[11.268s] [100%] Built target modbus_driver_interfaces__rosidl_typesupport_introspection_c__pyext
[11.275s] [100%] Built target modbus_driver_interfaces__rosidl_typesupport_c__pyext
[11.288s] [100%] Built target modbus_driver_interfaces__rosidl_typesupport_fastrtps_c__pyext
[11.313s] Invoked command in '/home/jetson/Desktop/robot_dc/build/modbus_driver_interfaces' returned '0': /usr/bin/cmake --build /home/jetson/Desktop/robot_dc/build/modbus_driver_interfaces -- -j6 -l6
[11.334s] Invoking command in '/home/jetson/Desktop/robot_dc/build/modbus_driver_interfaces': /usr/bin/cmake --install /home/jetson/Desktop/robot_dc/build/modbus_driver_interfaces
[11.351s] -- Install configuration: ""
[11.351s] -- Up-to-date: /home/jetson/Desktop/robot_dc/install/modbus_driver_interfaces/share/ament_index/resource_index/rosidl_interfaces/modbus_driver_interfaces
[11.351s] -- Up-to-date: /home/jetson/Desktop/robot_dc/install/modbus_driver_interfaces/include/modbus_driver_interfaces/modbus_driver_interfaces
[11.351s] -- Up-to-date: /home/jetson/Desktop/robot_dc/install/modbus_driver_interfaces/include/modbus_driver_interfaces/modbus_driver_interfaces/srv
[11.351s] -- Up-to-date: /home/jetson/Desktop/robot_dc/install/modbus_driver_interfaces/include/modbus_driver_interfaces/modbus_driver_interfaces/srv/detail
[11.352s] -- Installing: /home/jetson/Desktop/robot_dc/install/modbus_driver_interfaces/include/modbus_driver_interfaces/modbus_driver_interfaces/srv/detail/modbus_request__type_support.h
[11.352s] -- Installing: /home/jetson/Desktop/robot_dc/install/modbus_driver_interfaces/include/modbus_driver_interfaces/modbus_driver_interfaces/srv/detail/modbus_request__functions.c
[11.352s] -- Installing: /home/jetson/Desktop/robot_dc/install/modbus_driver_interfaces/include/modbus_driver_interfaces/modbus_driver_interfaces/srv/detail/modbus_request__struct.h
[11.352s] -- Installing: /home/jetson/Desktop/robot_dc/install/modbus_driver_interfaces/include/modbus_driver_interfaces/modbus_driver_interfaces/srv/detail/modbus_request__functions.h
[11.352s] -- Installing: /home/jetson/Desktop/robot_dc/install/modbus_driver_interfaces/include/modbus_driver_interfaces/modbus_driver_interfaces/srv/modbus_request.h
[11.353s] -- Up-to-date: /home/jetson/Desktop/robot_dc/install/modbus_driver_interfaces/include/modbus_driver_interfaces/modbus_driver_interfaces/msg
[11.353s] -- Installing: /home/jetson/Desktop/robot_dc/install/modbus_driver_interfaces/include/modbus_driver_interfaces/modbus_driver_interfaces/msg/motor_simulation_status.h
[11.353s] -- Installing: /home/jetson/Desktop/robot_dc/install/modbus_driver_interfaces/include/modbus_driver_interfaces/modbus_driver_interfaces/msg/modbus_packet.h
[11.353s] -- Up-to-date: /home/jetson/Desktop/robot_dc/install/modbus_driver_interfaces/include/modbus_driver_interfaces/modbus_driver_interfaces/msg/rosidl_generator_c__visibility_control.h
[11.353s] -- Up-to-date: /home/jetson/Desktop/robot_dc/install/modbus_driver_interfaces/include/modbus_driver_interfaces/modbus_driver_interfaces/msg/detail
[11.354s] -- Installing: /home/jetson/Desktop/robot_dc/install/modbus_driver_interfaces/include/modbus_driver_interfaces/modbus_driver_interfaces/msg/detail/modbus_packet__functions.c
[11.354s] -- Installing: /home/jetson/Desktop/robot_dc/install/modbus_driver_interfaces/include/modbus_driver_interfaces/modbus_driver_interfaces/msg/detail/motor_simulation_status__functions.c
[11.354s] -- Installing: /home/jetson/Desktop/robot_dc/install/modbus_driver_interfaces/include/modbus_driver_interfaces/modbus_driver_interfaces/msg/detail/motor_simulation_status__struct.h
[11.354s] -- Installing: /home/jetson/Desktop/robot_dc/install/modbus_driver_interfaces/include/modbus_driver_interfaces/modbus_driver_interfaces/msg/detail/modbus_packet__type_support.h
[11.355s] -- Installing: /home/jetson/Desktop/robot_dc/install/modbus_driver_interfaces/include/modbus_driver_interfaces/modbus_driver_interfaces/msg/detail/motor_simulation_status__functions.h
[11.355s] -- Installing: /home/jetson/Desktop/robot_dc/install/modbus_driver_interfaces/include/modbus_driver_interfaces/modbus_driver_interfaces/msg/detail/modbus_packet__struct.h
[11.355s] -- Installing: /home/jetson/Desktop/robot_dc/install/modbus_driver_interfaces/include/modbus_driver_interfaces/modbus_driver_interfaces/msg/detail/modbus_packet__functions.h
[11.356s] -- Installing: /home/jetson/Desktop/robot_dc/install/modbus_driver_interfaces/include/modbus_driver_interfaces/modbus_driver_interfaces/msg/detail/motor_simulation_status__type_support.h
[11.356s] -- Up-to-date: /home/jetson/Desktop/robot_dc/install/modbus_driver_interfaces/share/modbus_driver_interfaces/environment/library_path.sh
[11.356s] -- Installing: /home/jetson/Desktop/robot_dc/install/modbus_driver_interfaces/share/modbus_driver_interfaces/environment/library_path.dsv
[11.357s] -- Installing: /home/jetson/Desktop/robot_dc/install/modbus_driver_interfaces/lib/libmodbus_driver_interfaces__rosidl_generator_c.so
[11.358s] -- Set runtime path of "/home/jetson/Desktop/robot_dc/install/modbus_driver_interfaces/lib/libmodbus_driver_interfaces__rosidl_generator_c.so" to ""
[11.358s] -- Up-to-date: /home/jetson/Desktop/robot_dc/install/modbus_driver_interfaces/include/modbus_driver_interfaces/modbus_driver_interfaces
[11.358s] -- Up-to-date: /home/jetson/Desktop/robot_dc/install/modbus_driver_interfaces/include/modbus_driver_interfaces/modbus_driver_interfaces/srv
[11.358s] -- Up-to-date: /home/jetson/Desktop/robot_dc/install/modbus_driver_interfaces/include/modbus_driver_interfaces/modbus_driver_interfaces/srv/detail
[11.358s] -- Installing: /home/jetson/Desktop/robot_dc/install/modbus_driver_interfaces/include/modbus_driver_interfaces/modbus_driver_interfaces/srv/detail/modbus_request__rosidl_typesupport_fastrtps_c.h
[11.359s] -- Up-to-date: /home/jetson/Desktop/robot_dc/install/modbus_driver_interfaces/include/modbus_driver_interfaces/modbus_driver_interfaces/msg
[11.359s] -- Up-to-date: /home/jetson/Desktop/robot_dc/install/modbus_driver_interfaces/include/modbus_driver_interfaces/modbus_driver_interfaces/msg/rosidl_typesupport_fastrtps_c__visibility_control.h
[11.359s] -- Up-to-date: /home/jetson/Desktop/robot_dc/install/modbus_driver_interfaces/include/modbus_driver_interfaces/modbus_driver_interfaces/msg/detail
[11.359s] -- Installing: /home/jetson/Desktop/robot_dc/install/modbus_driver_interfaces/include/modbus_driver_interfaces/modbus_driver_interfaces/msg/detail/motor_simulation_status__rosidl_typesupport_fastrtps_c.h
[11.359s] -- Installing: /home/jetson/Desktop/robot_dc/install/modbus_driver_interfaces/include/modbus_driver_interfaces/modbus_driver_interfaces/msg/detail/modbus_packet__rosidl_typesupport_fastrtps_c.h
[11.360s] -- Installing: /home/jetson/Desktop/robot_dc/install/modbus_driver_interfaces/lib/libmodbus_driver_interfaces__rosidl_typesupport_fastrtps_c.so
[11.361s] -- Set runtime path of "/home/jetson/Desktop/robot_dc/install/modbus_driver_interfaces/lib/libmodbus_driver_interfaces__rosidl_typesupport_fastrtps_c.so" to ""
[11.361s] -- Up-to-date: /home/jetson/Desktop/robot_dc/install/modbus_driver_interfaces/include/modbus_driver_interfaces/modbus_driver_interfaces
[11.361s] -- Up-to-date: /home/jetson/Desktop/robot_dc/install/modbus_driver_interfaces/include/modbus_driver_interfaces/modbus_driver_interfaces/srv
[11.362s] -- Up-to-date: /home/jetson/Desktop/robot_dc/install/modbus_driver_interfaces/include/modbus_driver_interfaces/modbus_driver_interfaces/srv/detail
[11.362s] -- Installing: /home/jetson/Desktop/robot_dc/install/modbus_driver_interfaces/include/modbus_driver_interfaces/modbus_driver_interfaces/srv/detail/modbus_request__rosidl_typesupport_introspection_c.h
[11.362s] -- Installing: /home/jetson/Desktop/robot_dc/install/modbus_driver_interfaces/include/modbus_driver_interfaces/modbus_driver_interfaces/srv/detail/modbus_request__type_support.c
[11.362s] -- Up-to-date: /home/jetson/Desktop/robot_dc/install/modbus_driver_interfaces/include/modbus_driver_interfaces/modbus_driver_interfaces/msg
[11.362s] -- Up-to-date: /home/jetson/Desktop/robot_dc/install/modbus_driver_interfaces/include/modbus_driver_interfaces/modbus_driver_interfaces/msg/rosidl_typesupport_introspection_c__visibility_control.h
[11.362s] -- Up-to-date: /home/jetson/Desktop/robot_dc/install/modbus_driver_interfaces/include/modbus_driver_interfaces/modbus_driver_interfaces/msg/detail
[11.363s] -- Installing: /home/jetson/Desktop/robot_dc/install/modbus_driver_interfaces/include/modbus_driver_interfaces/modbus_driver_interfaces/msg/detail/modbus_packet__rosidl_typesupport_introspection_c.h
[11.363s] -- Installing: /home/jetson/Desktop/robot_dc/install/modbus_driver_interfaces/include/modbus_driver_interfaces/modbus_driver_interfaces/msg/detail/motor_simulation_status__type_support.c
[11.363s] -- Installing: /home/jetson/Desktop/robot_dc/install/modbus_driver_interfaces/include/modbus_driver_interfaces/modbus_driver_interfaces/msg/detail/motor_simulation_status__rosidl_typesupport_introspection_c.h
[11.363s] -- Installing: /home/jetson/Desktop/robot_dc/install/modbus_driver_interfaces/include/modbus_driver_interfaces/modbus_driver_interfaces/msg/detail/modbus_packet__type_support.c
[11.364s] -- Installing: /home/jetson/Desktop/robot_dc/install/modbus_driver_interfaces/lib/libmodbus_driver_interfaces__rosidl_typesupport_introspection_c.so
[11.364s] -- Set runtime path of "/home/jetson/Desktop/robot_dc/install/modbus_driver_interfaces/lib/libmodbus_driver_interfaces__rosidl_typesupport_introspection_c.so" to ""
[11.365s] -- Installing: /home/jetson/Desktop/robot_dc/install/modbus_driver_interfaces/lib/libmodbus_driver_interfaces__rosidl_typesupport_c.so
[11.365s] -- Set runtime path of "/home/jetson/Desktop/robot_dc/install/modbus_driver_interfaces/lib/libmodbus_driver_interfaces__rosidl_typesupport_c.so" to ""
[11.366s] -- Up-to-date: /home/jetson/Desktop/robot_dc/install/modbus_driver_interfaces/include/modbus_driver_interfaces/modbus_driver_interfaces
[11.366s] -- Up-to-date: /home/jetson/Desktop/robot_dc/install/modbus_driver_interfaces/include/modbus_driver_interfaces/modbus_driver_interfaces/srv
[11.366s] -- Installing: /home/jetson/Desktop/robot_dc/install/modbus_driver_interfaces/include/modbus_driver_interfaces/modbus_driver_interfaces/srv/modbus_request.hpp
[11.366s] -- Up-to-date: /home/jetson/Desktop/robot_dc/install/modbus_driver_interfaces/include/modbus_driver_interfaces/modbus_driver_interfaces/srv/detail
[11.366s] -- Installing: /home/jetson/Desktop/robot_dc/install/modbus_driver_interfaces/include/modbus_driver_interfaces/modbus_driver_interfaces/srv/detail/modbus_request__struct.hpp
[11.366s] -- Installing: /home/jetson/Desktop/robot_dc/install/modbus_driver_interfaces/include/modbus_driver_interfaces/modbus_driver_interfaces/srv/detail/modbus_request__type_support.hpp
[11.367s] -- Installing: /home/jetson/Desktop/robot_dc/install/modbus_driver_interfaces/include/modbus_driver_interfaces/modbus_driver_interfaces/srv/detail/modbus_request__builder.hpp
[11.367s] -- Installing: /home/jetson/Desktop/robot_dc/install/modbus_driver_interfaces/include/modbus_driver_interfaces/modbus_driver_interfaces/srv/detail/modbus_request__traits.hpp
[11.367s] -- Up-to-date: /home/jetson/Desktop/robot_dc/install/modbus_driver_interfaces/include/modbus_driver_interfaces/modbus_driver_interfaces/msg
[11.367s] -- Installing: /home/jetson/Desktop/robot_dc/install/modbus_driver_interfaces/include/modbus_driver_interfaces/modbus_driver_interfaces/msg/motor_simulation_status.hpp
[11.368s] -- Up-to-date: /home/jetson/Desktop/robot_dc/install/modbus_driver_interfaces/include/modbus_driver_interfaces/modbus_driver_interfaces/msg/rosidl_generator_cpp__visibility_control.hpp
[11.368s] -- Installing: /home/jetson/Desktop/robot_dc/install/modbus_driver_interfaces/include/modbus_driver_interfaces/modbus_driver_interfaces/msg/modbus_packet.hpp
[11.368s] -- Up-to-date: /home/jetson/Desktop/robot_dc/install/modbus_driver_interfaces/include/modbus_driver_interfaces/modbus_driver_interfaces/msg/detail
[11.368s] -- Installing: /home/jetson/Desktop/robot_dc/install/modbus_driver_interfaces/include/modbus_driver_interfaces/modbus_driver_interfaces/msg/detail/motor_simulation_status__type_support.hpp
[11.368s] -- Installing: /home/jetson/Desktop/robot_dc/install/modbus_driver_interfaces/include/modbus_driver_interfaces/modbus_driver_interfaces/msg/detail/modbus_packet__traits.hpp
[11.369s] -- Installing: /home/jetson/Desktop/robot_dc/install/modbus_driver_interfaces/include/modbus_driver_interfaces/modbus_driver_interfaces/msg/detail/motor_simulation_status__traits.hpp
[11.369s] -- Installing: /home/jetson/Desktop/robot_dc/install/modbus_driver_interfaces/include/modbus_driver_interfaces/modbus_driver_interfaces/msg/detail/motor_simulation_status__struct.hpp
[11.369s] -- Installing: /home/jetson/Desktop/robot_dc/install/modbus_driver_interfaces/include/modbus_driver_interfaces/modbus_driver_interfaces/msg/detail/modbus_packet__type_support.hpp
[11.369s] -- Installing: /home/jetson/Desktop/robot_dc/install/modbus_driver_interfaces/include/modbus_driver_interfaces/modbus_driver_interfaces/msg/detail/motor_simulation_status__builder.hpp
[11.370s] -- Installing: /home/jetson/Desktop/robot_dc/install/modbus_driver_interfaces/include/modbus_driver_interfaces/modbus_driver_interfaces/msg/detail/modbus_packet__struct.hpp
[11.370s] -- Installing: /home/jetson/Desktop/robot_dc/install/modbus_driver_interfaces/include/modbus_driver_interfaces/modbus_driver_interfaces/msg/detail/modbus_packet__builder.hpp
[11.370s] -- Up-to-date: /home/jetson/Desktop/robot_dc/install/modbus_driver_interfaces/include/modbus_driver_interfaces/modbus_driver_interfaces
[11.371s] -- Up-to-date: /home/jetson/Desktop/robot_dc/install/modbus_driver_interfaces/include/modbus_driver_interfaces/modbus_driver_interfaces/srv
[11.371s] -- Up-to-date: /home/jetson/Desktop/robot_dc/install/modbus_driver_interfaces/include/modbus_driver_interfaces/modbus_driver_interfaces/srv/detail
[11.371s] -- Installing: /home/jetson/Desktop/robot_dc/install/modbus_driver_interfaces/include/modbus_driver_interfaces/modbus_driver_interfaces/srv/detail/modbus_request__rosidl_typesupport_fastrtps_cpp.hpp
[11.371s] -- Up-to-date: /home/jetson/Desktop/robot_dc/install/modbus_driver_interfaces/include/modbus_driver_interfaces/modbus_driver_interfaces/srv/detail/dds_fastrtps
[11.371s] -- Up-to-date: /home/jetson/Desktop/robot_dc/install/modbus_driver_interfaces/include/modbus_driver_interfaces/modbus_driver_interfaces/msg
[11.372s] -- Up-to-date: /home/jetson/Desktop/robot_dc/install/modbus_driver_interfaces/include/modbus_driver_interfaces/modbus_driver_interfaces/msg/rosidl_typesupport_fastrtps_cpp__visibility_control.h
[11.372s] -- Up-to-date: /home/jetson/Desktop/robot_dc/install/modbus_driver_interfaces/include/modbus_driver_interfaces/modbus_driver_interfaces/msg/detail
[11.372s] -- Installing: /home/jetson/Desktop/robot_dc/install/modbus_driver_interfaces/include/modbus_driver_interfaces/modbus_driver_interfaces/msg/detail/modbus_packet__rosidl_typesupport_fastrtps_cpp.hpp
[11.372s] -- Up-to-date: /home/jetson/Desktop/robot_dc/install/modbus_driver_interfaces/include/modbus_driver_interfaces/modbus_driver_interfaces/msg/detail/dds_fastrtps
[11.372s] -- Installing: /home/jetson/Desktop/robot_dc/install/modbus_driver_interfaces/include/modbus_driver_interfaces/modbus_driver_interfaces/msg/detail/motor_simulation_status__rosidl_typesupport_fastrtps_cpp.hpp
[11.372s] -- Installing: /home/jetson/Desktop/robot_dc/install/modbus_driver_interfaces/lib/libmodbus_driver_interfaces__rosidl_typesupport_fastrtps_cpp.so
[11.373s] -- Set runtime path of "/home/jetson/Desktop/robot_dc/install/modbus_driver_interfaces/lib/libmodbus_driver_interfaces__rosidl_typesupport_fastrtps_cpp.so" to ""
[11.373s] -- Up-to-date: /home/jetson/Desktop/robot_dc/install/modbus_driver_interfaces/include/modbus_driver_interfaces/modbus_driver_interfaces
[11.374s] -- Up-to-date: /home/jetson/Desktop/robot_dc/install/modbus_driver_interfaces/include/modbus_driver_interfaces/modbus_driver_interfaces/srv
[11.374s] -- Up-to-date: /home/jetson/Desktop/robot_dc/install/modbus_driver_interfaces/include/modbus_driver_interfaces/modbus_driver_interfaces/srv/detail
[11.374s] -- Installing: /home/jetson/Desktop/robot_dc/install/modbus_driver_interfaces/include/modbus_driver_interfaces/modbus_driver_interfaces/srv/detail/modbus_request__type_support.cpp
[11.374s] -- Installing: /home/jetson/Desktop/robot_dc/install/modbus_driver_interfaces/include/modbus_driver_interfaces/modbus_driver_interfaces/srv/detail/modbus_request__rosidl_typesupport_introspection_cpp.hpp
[11.374s] -- Up-to-date: /home/jetson/Desktop/robot_dc/install/modbus_driver_interfaces/include/modbus_driver_interfaces/modbus_driver_interfaces/msg
[11.375s] -- Up-to-date: /home/jetson/Desktop/robot_dc/install/modbus_driver_interfaces/include/modbus_driver_interfaces/modbus_driver_interfaces/msg/detail
[11.375s] -- Installing: /home/jetson/Desktop/robot_dc/install/modbus_driver_interfaces/include/modbus_driver_interfaces/modbus_driver_interfaces/msg/detail/motor_simulation_status__rosidl_typesupport_introspection_cpp.hpp
[11.375s] -- Installing: /home/jetson/Desktop/robot_dc/install/modbus_driver_interfaces/include/modbus_driver_interfaces/modbus_driver_interfaces/msg/detail/modbus_packet__rosidl_typesupport_introspection_cpp.hpp
[11.375s] -- Installing: /home/jetson/Desktop/robot_dc/install/modbus_driver_interfaces/include/modbus_driver_interfaces/modbus_driver_interfaces/msg/detail/motor_simulation_status__type_support.cpp
[11.375s] -- Installing: /home/jetson/Desktop/robot_dc/install/modbus_driver_interfaces/include/modbus_driver_interfaces/modbus_driver_interfaces/msg/detail/modbus_packet__type_support.cpp
[11.376s] -- Installing: /home/jetson/Desktop/robot_dc/install/modbus_driver_interfaces/lib/libmodbus_driver_interfaces__rosidl_typesupport_introspection_cpp.so
[11.377s] -- Set runtime path of "/home/jetson/Desktop/robot_dc/install/modbus_driver_interfaces/lib/libmodbus_driver_interfaces__rosidl_typesupport_introspection_cpp.so" to ""
[11.377s] -- Installing: /home/jetson/Desktop/robot_dc/install/modbus_driver_interfaces/lib/libmodbus_driver_interfaces__rosidl_typesupport_cpp.so
[11.378s] -- Set runtime path of "/home/jetson/Desktop/robot_dc/install/modbus_driver_interfaces/lib/libmodbus_driver_interfaces__rosidl_typesupport_cpp.so" to ""
[11.378s] -- Up-to-date: /home/jetson/Desktop/robot_dc/install/modbus_driver_interfaces/share/modbus_driver_interfaces/environment/pythonpath.sh
[11.378s] -- Installing: /home/jetson/Desktop/robot_dc/install/modbus_driver_interfaces/share/modbus_driver_interfaces/environment/pythonpath.dsv
[11.378s] -- Up-to-date: /home/jetson/Desktop/robot_dc/install/modbus_driver_interfaces/local/lib/python3.10/dist-packages/modbus_driver_interfaces-0.0.0-py3.10.egg-info
[11.378s] -- Installing: /home/jetson/Desktop/robot_dc/install/modbus_driver_interfaces/local/lib/python3.10/dist-packages/modbus_driver_interfaces-0.0.0-py3.10.egg-info/SOURCES.txt
[11.379s] -- Installing: /home/jetson/Desktop/robot_dc/install/modbus_driver_interfaces/local/lib/python3.10/dist-packages/modbus_driver_interfaces-0.0.0-py3.10.egg-info/top_level.txt
[11.379s] -- Installing: /home/jetson/Desktop/robot_dc/install/modbus_driver_interfaces/local/lib/python3.10/dist-packages/modbus_driver_interfaces-0.0.0-py3.10.egg-info/PKG-INFO
[11.379s] -- Installing: /home/jetson/Desktop/robot_dc/install/modbus_driver_interfaces/local/lib/python3.10/dist-packages/modbus_driver_interfaces-0.0.0-py3.10.egg-info/dependency_links.txt
[11.380s] -- Up-to-date: /home/jetson/Desktop/robot_dc/install/modbus_driver_interfaces/local/lib/python3.10/dist-packages/modbus_driver_interfaces
[11.380s] -- Installing: /home/jetson/Desktop/robot_dc/install/modbus_driver_interfaces/local/lib/python3.10/dist-packages/modbus_driver_interfaces/libmodbus_driver_interfaces__rosidl_generator_py.so
[11.380s] -- Installing: /home/jetson/Desktop/robot_dc/install/modbus_driver_interfaces/local/lib/python3.10/dist-packages/modbus_driver_interfaces/modbus_driver_interfaces_s__rosidl_typesupport_fastrtps_c.cpython-310-aarch64-linux-gnu.so
[11.380s] -- Installing: /home/jetson/Desktop/robot_dc/install/modbus_driver_interfaces/local/lib/python3.10/dist-packages/modbus_driver_interfaces/_modbus_driver_interfaces_s.ep.rosidl_typesupport_introspection_c.c
[11.381s] -- Installing: /home/jetson/Desktop/robot_dc/install/modbus_driver_interfaces/local/lib/python3.10/dist-packages/modbus_driver_interfaces/modbus_driver_interfaces_s__rosidl_typesupport_c.cpython-310-aarch64-linux-gnu.so
[11.381s] -- Installing: /home/jetson/Desktop/robot_dc/install/modbus_driver_interfaces/local/lib/python3.10/dist-packages/modbus_driver_interfaces/modbus_driver_interfaces_s__rosidl_typesupport_introspection_c.cpython-310-aarch64-linux-gnu.so
[11.382s] -- Up-to-date: /home/jetson/Desktop/robot_dc/install/modbus_driver_interfaces/local/lib/python3.10/dist-packages/modbus_driver_interfaces/srv
[11.382s] -- Installing: /home/jetson/Desktop/robot_dc/install/modbus_driver_interfaces/local/lib/python3.10/dist-packages/modbus_driver_interfaces/srv/_modbus_request.py
[11.382s] -- Installing: /home/jetson/Desktop/robot_dc/install/modbus_driver_interfaces/local/lib/python3.10/dist-packages/modbus_driver_interfaces/srv/_modbus_request_s.c
[11.382s] -- Installing: /home/jetson/Desktop/robot_dc/install/modbus_driver_interfaces/local/lib/python3.10/dist-packages/modbus_driver_interfaces/srv/__init__.py
[11.383s] -- Installing: /home/jetson/Desktop/robot_dc/install/modbus_driver_interfaces/local/lib/python3.10/dist-packages/modbus_driver_interfaces/__init__.py
[11.383s] -- Installing: /home/jetson/Desktop/robot_dc/install/modbus_driver_interfaces/local/lib/python3.10/dist-packages/modbus_driver_interfaces/_modbus_driver_interfaces_s.ep.rosidl_typesupport_c.c
[11.383s] -- Installing: /home/jetson/Desktop/robot_dc/install/modbus_driver_interfaces/local/lib/python3.10/dist-packages/modbus_driver_interfaces/_modbus_driver_interfaces_s.ep.rosidl_typesupport_fastrtps_c.c
[11.384s] -- Up-to-date: /home/jetson/Desktop/robot_dc/install/modbus_driver_interfaces/local/lib/python3.10/dist-packages/modbus_driver_interfaces/msg
[11.384s] -- Installing: /home/jetson/Desktop/robot_dc/install/modbus_driver_interfaces/local/lib/python3.10/dist-packages/modbus_driver_interfaces/msg/_motor_simulation_status_s.c
[11.384s] -- Installing: /home/jetson/Desktop/robot_dc/install/modbus_driver_interfaces/local/lib/python3.10/dist-packages/modbus_driver_interfaces/msg/_modbus_packet.py
[11.384s] -- Installing: /home/jetson/Desktop/robot_dc/install/modbus_driver_interfaces/local/lib/python3.10/dist-packages/modbus_driver_interfaces/msg/_modbus_packet_s.c
[11.385s] -- Installing: /home/jetson/Desktop/robot_dc/install/modbus_driver_interfaces/local/lib/python3.10/dist-packages/modbus_driver_interfaces/msg/__init__.py
[11.385s] -- Installing: /home/jetson/Desktop/robot_dc/install/modbus_driver_interfaces/local/lib/python3.10/dist-packages/modbus_driver_interfaces/msg/_motor_simulation_status.py
[11.481s] Listing '/home/jetson/Desktop/robot_dc/install/modbus_driver_interfaces/local/lib/python3.10/dist-packages/modbus_driver_interfaces'...
[11.481s] Compiling '/home/jetson/Desktop/robot_dc/install/modbus_driver_interfaces/local/lib/python3.10/dist-packages/modbus_driver_interfaces/__init__.py'...
[11.481s] Listing '/home/jetson/Desktop/robot_dc/install/modbus_driver_interfaces/local/lib/python3.10/dist-packages/modbus_driver_interfaces/msg'...
[11.482s] Compiling '/home/jetson/Desktop/robot_dc/install/modbus_driver_interfaces/local/lib/python3.10/dist-packages/modbus_driver_interfaces/msg/__init__.py'...
[11.482s] Compiling '/home/jetson/Desktop/robot_dc/install/modbus_driver_interfaces/local/lib/python3.10/dist-packages/modbus_driver_interfaces/msg/_modbus_packet.py'...
[11.482s] Compiling '/home/jetson/Desktop/robot_dc/install/modbus_driver_interfaces/local/lib/python3.10/dist-packages/modbus_driver_interfaces/msg/_motor_simulation_status.py'...
[11.482s] Listing '/home/jetson/Desktop/robot_dc/install/modbus_driver_interfaces/local/lib/python3.10/dist-packages/modbus_driver_interfaces/srv'...
[11.482s] Compiling '/home/jetson/Desktop/robot_dc/install/modbus_driver_interfaces/local/lib/python3.10/dist-packages/modbus_driver_interfaces/srv/__init__.py'...
[11.483s] Compiling '/home/jetson/Desktop/robot_dc/install/modbus_driver_interfaces/local/lib/python3.10/dist-packages/modbus_driver_interfaces/srv/_modbus_request.py'...
[11.494s] -- Installing: /home/jetson/Desktop/robot_dc/install/modbus_driver_interfaces/local/lib/python3.10/dist-packages/modbus_driver_interfaces/modbus_driver_interfaces_s__rosidl_typesupport_fastrtps_c.cpython-310-aarch64-linux-gnu.so
[11.494s] -- Set runtime path of "/home/jetson/Desktop/robot_dc/install/modbus_driver_interfaces/local/lib/python3.10/dist-packages/modbus_driver_interfaces/modbus_driver_interfaces_s__rosidl_typesupport_fastrtps_c.cpython-310-aarch64-linux-gnu.so" to ""
[11.495s] -- Installing: /home/jetson/Desktop/robot_dc/install/modbus_driver_interfaces/local/lib/python3.10/dist-packages/modbus_driver_interfaces/modbus_driver_interfaces_s__rosidl_typesupport_introspection_c.cpython-310-aarch64-linux-gnu.so
[11.495s] -- Set runtime path of "/home/jetson/Desktop/robot_dc/install/modbus_driver_interfaces/local/lib/python3.10/dist-packages/modbus_driver_interfaces/modbus_driver_interfaces_s__rosidl_typesupport_introspection_c.cpython-310-aarch64-linux-gnu.so" to ""
[11.496s] -- Installing: /home/jetson/Desktop/robot_dc/install/modbus_driver_interfaces/local/lib/python3.10/dist-packages/modbus_driver_interfaces/modbus_driver_interfaces_s__rosidl_typesupport_c.cpython-310-aarch64-linux-gnu.so
[11.497s] -- Set runtime path of "/home/jetson/Desktop/robot_dc/install/modbus_driver_interfaces/local/lib/python3.10/dist-packages/modbus_driver_interfaces/modbus_driver_interfaces_s__rosidl_typesupport_c.cpython-310-aarch64-linux-gnu.so" to ""
[11.497s] -- Installing: /home/jetson/Desktop/robot_dc/install/modbus_driver_interfaces/lib/libmodbus_driver_interfaces__rosidl_generator_py.so
[11.498s] -- Set runtime path of "/home/jetson/Desktop/robot_dc/install/modbus_driver_interfaces/lib/libmodbus_driver_interfaces__rosidl_generator_py.so" to ""
[11.498s] -- Installing: /home/jetson/Desktop/robot_dc/install/modbus_driver_interfaces/share/modbus_driver_interfaces/srv/ModbusRequest.idl
[11.498s] -- Up-to-date: /home/jetson/Desktop/robot_dc/install/modbus_driver_interfaces/share/modbus_driver_interfaces/msg/ModbusPacket.idl
[11.498s] -- Up-to-date: /home/jetson/Desktop/robot_dc/install/modbus_driver_interfaces/share/modbus_driver_interfaces/msg/MotorSimulationStatus.idl
[11.499s] -- Installing: /home/jetson/Desktop/robot_dc/install/modbus_driver_interfaces/share/modbus_driver_interfaces/srv/ModbusRequest.srv
[11.499s] -- Installing: /home/jetson/Desktop/robot_dc/install/modbus_driver_interfaces/share/modbus_driver_interfaces/srv/ModbusRequest_Request.msg
[11.499s] -- Installing: /home/jetson/Desktop/robot_dc/install/modbus_driver_interfaces/share/modbus_driver_interfaces/srv/ModbusRequest_Response.msg
[11.500s] -- Up-to-date: /home/jetson/Desktop/robot_dc/install/modbus_driver_interfaces/share/modbus_driver_interfaces/msg/ModbusPacket.msg
[11.500s] -- Up-to-date: /home/jetson/Desktop/robot_dc/install/modbus_driver_interfaces/share/modbus_driver_interfaces/msg/MotorSimulationStatus.msg
[11.500s] -- Up-to-date: /home/jetson/Desktop/robot_dc/install/modbus_driver_interfaces/share/ament_index/resource_index/package_run_dependencies/modbus_driver_interfaces
[11.500s] -- Installing: /home/jetson/Desktop/robot_dc/install/modbus_driver_interfaces/share/ament_index/resource_index/parent_prefix_path/modbus_driver_interfaces
[11.500s] -- Up-to-date: /home/jetson/Desktop/robot_dc/install/modbus_driver_interfaces/share/modbus_driver_interfaces/environment/ament_prefix_path.sh
[11.500s] -- Installing: /home/jetson/Desktop/robot_dc/install/modbus_driver_interfaces/share/modbus_driver_interfaces/environment/ament_prefix_path.dsv
[11.501s] -- Up-to-date: /home/jetson/Desktop/robot_dc/install/modbus_driver_interfaces/share/modbus_driver_interfaces/environment/path.sh
[11.501s] -- Installing: /home/jetson/Desktop/robot_dc/install/modbus_driver_interfaces/share/modbus_driver_interfaces/environment/path.dsv
[11.501s] -- Up-to-date: /home/jetson/Desktop/robot_dc/install/modbus_driver_interfaces/share/modbus_driver_interfaces/local_setup.bash
[11.501s] -- Up-to-date: /home/jetson/Desktop/robot_dc/install/modbus_driver_interfaces/share/modbus_driver_interfaces/local_setup.sh
[11.502s] -- Up-to-date: /home/jetson/Desktop/robot_dc/install/modbus_driver_interfaces/share/modbus_driver_interfaces/local_setup.zsh
[11.502s] -- Installing: /home/jetson/Desktop/robot_dc/install/modbus_driver_interfaces/share/modbus_driver_interfaces/local_setup.dsv
[11.502s] -- Installing: /home/jetson/Desktop/robot_dc/install/modbus_driver_interfaces/share/modbus_driver_interfaces/package.dsv
[11.502s] -- Up-to-date: /home/jetson/Desktop/robot_dc/install/modbus_driver_interfaces/share/ament_index/resource_index/packages/modbus_driver_interfaces
[11.502s] -- Up-to-date: /home/jetson/Desktop/robot_dc/install/modbus_driver_interfaces/share/modbus_driver_interfaces/cmake/export_modbus_driver_interfaces__rosidl_generator_cExport.cmake
[11.503s] -- Up-to-date: /home/jetson/Desktop/robot_dc/install/modbus_driver_interfaces/share/modbus_driver_interfaces/cmake/export_modbus_driver_interfaces__rosidl_generator_cExport-noconfig.cmake
[11.503s] -- Up-to-date: /home/jetson/Desktop/robot_dc/install/modbus_driver_interfaces/share/modbus_driver_interfaces/cmake/export_modbus_driver_interfaces__rosidl_typesupport_fastrtps_cExport.cmake
[11.503s] -- Up-to-date: /home/jetson/Desktop/robot_dc/install/modbus_driver_interfaces/share/modbus_driver_interfaces/cmake/export_modbus_driver_interfaces__rosidl_typesupport_fastrtps_cExport-noconfig.cmake
[11.503s] -- Up-to-date: /home/jetson/Desktop/robot_dc/install/modbus_driver_interfaces/share/modbus_driver_interfaces/cmake/modbus_driver_interfaces__rosidl_typesupport_introspection_cExport.cmake
[11.503s] -- Up-to-date: /home/jetson/Desktop/robot_dc/install/modbus_driver_interfaces/share/modbus_driver_interfaces/cmake/modbus_driver_interfaces__rosidl_typesupport_introspection_cExport-noconfig.cmake
[11.504s] -- Up-to-date: /home/jetson/Desktop/robot_dc/install/modbus_driver_interfaces/share/modbus_driver_interfaces/cmake/modbus_driver_interfaces__rosidl_typesupport_cExport.cmake
[11.504s] -- Up-to-date: /home/jetson/Desktop/robot_dc/install/modbus_driver_interfaces/share/modbus_driver_interfaces/cmake/modbus_driver_interfaces__rosidl_typesupport_cExport-noconfig.cmake
[11.504s] -- Up-to-date: /home/jetson/Desktop/robot_dc/install/modbus_driver_interfaces/share/modbus_driver_interfaces/cmake/export_modbus_driver_interfaces__rosidl_generator_cppExport.cmake
[11.504s] -- Up-to-date: /home/jetson/Desktop/robot_dc/install/modbus_driver_interfaces/share/modbus_driver_interfaces/cmake/export_modbus_driver_interfaces__rosidl_typesupport_fastrtps_cppExport.cmake
[11.504s] -- Up-to-date: /home/jetson/Desktop/robot_dc/install/modbus_driver_interfaces/share/modbus_driver_interfaces/cmake/export_modbus_driver_interfaces__rosidl_typesupport_fastrtps_cppExport-noconfig.cmake
[11.505s] -- Up-to-date: /home/jetson/Desktop/robot_dc/install/modbus_driver_interfaces/share/modbus_driver_interfaces/cmake/modbus_driver_interfaces__rosidl_typesupport_introspection_cppExport.cmake
[11.505s] -- Up-to-date: /home/jetson/Desktop/robot_dc/install/modbus_driver_interfaces/share/modbus_driver_interfaces/cmake/modbus_driver_interfaces__rosidl_typesupport_introspection_cppExport-noconfig.cmake
[11.505s] -- Up-to-date: /home/jetson/Desktop/robot_dc/install/modbus_driver_interfaces/share/modbus_driver_interfaces/cmake/modbus_driver_interfaces__rosidl_typesupport_cppExport.cmake
[11.505s] -- Up-to-date: /home/jetson/Desktop/robot_dc/install/modbus_driver_interfaces/share/modbus_driver_interfaces/cmake/modbus_driver_interfaces__rosidl_typesupport_cppExport-noconfig.cmake
[11.505s] -- Up-to-date: /home/jetson/Desktop/robot_dc/install/modbus_driver_interfaces/share/modbus_driver_interfaces/cmake/export_modbus_driver_interfaces__rosidl_generator_pyExport.cmake
[11.506s] -- Up-to-date: /home/jetson/Desktop/robot_dc/install/modbus_driver_interfaces/share/modbus_driver_interfaces/cmake/export_modbus_driver_interfaces__rosidl_generator_pyExport-noconfig.cmake
[11.506s] -- Up-to-date: /home/jetson/Desktop/robot_dc/install/modbus_driver_interfaces/share/modbus_driver_interfaces/cmake/rosidl_cmake-extras.cmake
[11.506s] -- Up-to-date: /home/jetson/Desktop/robot_dc/install/modbus_driver_interfaces/share/modbus_driver_interfaces/cmake/ament_cmake_export_include_directories-extras.cmake
[11.506s] -- Up-to-date: /home/jetson/Desktop/robot_dc/install/modbus_driver_interfaces/share/modbus_driver_interfaces/cmake/ament_cmake_export_libraries-extras.cmake
[11.506s] -- Up-to-date: /home/jetson/Desktop/robot_dc/install/modbus_driver_interfaces/share/modbus_driver_interfaces/cmake/ament_cmake_export_targets-extras.cmake
[11.506s] -- Up-to-date: /home/jetson/Desktop/robot_dc/install/modbus_driver_interfaces/share/modbus_driver_interfaces/cmake/rosidl_cmake_export_typesupport_targets-extras.cmake
[11.507s] -- Up-to-date: /home/jetson/Desktop/robot_dc/install/modbus_driver_interfaces/share/modbus_driver_interfaces/cmake/ament_cmake_export_dependencies-extras.cmake
[11.507s] -- Up-to-date: /home/jetson/Desktop/robot_dc/install/modbus_driver_interfaces/share/modbus_driver_interfaces/cmake/rosidl_cmake_export_typesupport_libraries-extras.cmake
[11.507s] -- Up-to-date: /home/jetson/Desktop/robot_dc/install/modbus_driver_interfaces/share/modbus_driver_interfaces/cmake/modbus_driver_interfacesConfig.cmake
[11.507s] -- Up-to-date: /home/jetson/Desktop/robot_dc/install/modbus_driver_interfaces/share/modbus_driver_interfaces/cmake/modbus_driver_interfacesConfig-version.cmake
[11.507s] -- Up-to-date: /home/jetson/Desktop/robot_dc/install/modbus_driver_interfaces/share/modbus_driver_interfaces/package.xml
[11.512s] Invoked command in '/home/jetson/Desktop/robot_dc/build/modbus_driver_interfaces' returned '0': /usr/bin/cmake --install /home/jetson/Desktop/robot_dc/build/modbus_driver_interfaces
