running egg_info
writing ../../../build/modbus_driver/modbus_driver.egg-info/PKG-INFO
writing dependency_links to ../../../build/modbus_driver/modbus_driver.egg-info/dependency_links.txt
writing entry points to ../../../build/modbus_driver/modbus_driver.egg-info/entry_points.txt
writing requirements to ../../../build/modbus_driver/modbus_driver.egg-info/requires.txt
writing top-level names to ../../../build/modbus_driver/modbus_driver.egg-info/top_level.txt
reading manifest file '../../../build/modbus_driver/modbus_driver.egg-info/SOURCES.txt'
writing manifest file '../../../build/modbus_driver/modbus_driver.egg-info/SOURCES.txt'
running build
running build_py
running install
running install_lib
running install_data
running install_egg_info
removing '/home/jetson/Desktop/robot_dc/install/modbus_driver/lib/python3.10/site-packages/modbus_driver-0.1.0-py3.10.egg-info' (and everything under it)
Copying ../../../build/modbus_driver/modbus_driver.egg-info to /home/jetson/Desktop/robot_dc/install/modbus_driver/lib/python3.10/site-packages/modbus_driver-0.1.0-py3.10.egg-info
running install_scripts
Installing modbus_client_tester script to /home/jetson/Desktop/robot_dc/install/modbus_driver/lib/modbus_driver
Installing modbus_manager_node script to /home/jetson/Desktop/robot_dc/install/modbus_driver/lib/modbus_driver
Installing modbus_simulation_node script to /home/jetson/Desktop/robot_dc/install/modbus_driver/lib/modbus_driver
writing list of installed files to '/home/jetson/Desktop/robot_dc/build/modbus_driver/install.log'
