[1.450s] Invoking command in '/home/jetson/Desktop/robot_dc/colcon_ws/src/modbus_driver': LD_LIBRARY_PATH=/home/jetson/Desktop/robot_dc/install/modbus_driver_interfaces/lib:/usr/local/cuda-12.6/lib64:/opt/ros/humble/opt/rviz_ogre_vendor/lib:/opt/ros/humble/lib/aarch64-linux-gnu:/opt/ros/humble/lib:/usr/local/cuda-12.6/lib64 PYTHONPATH=/home/jetson/Desktop/robot_dc/build/modbus_driver/prefix_override:/usr/lib/python3/dist-packages/colcon_core/task/python/colcon_distutils_commands:/home/jetson/Desktop/robot_dc/install/modbus_driver/lib/python3.10/site-packages:/home/jetson/Desktop/robot_dc/install/modbus_driver_interfaces/local/lib/python3.10/dist-packages:/home/jetson/Desktop/robot_dc/install/robot_web/lib/python3.10/site-packages:/home/jetson/Desktop/robot_dc/install/robot_teleop/lib/python3.10/site-packages:/home/jetson/Desktop/robot_dc/install/robot_bringup/lib/python3.10/site-packages:/home/jetson/Desktop/robot_dc/install/platform_controller/lib/python3.10/site-packages:/home/jetson/Desktop/robot_dc/install/modbus_driver/lib/python3.10/site-packages:/home/jetson/Desktop/robot_dc/install/leadshine_motor/lib/python3.10/site-packages:/home/jetson/Desktop/robot_dc/install/feetech_servo/lib/python3.10/site-packages:/home/jetson/Desktop/robot_dc/install/modbus_devices/lib/python3.10/site-packages:/home/jetson/Desktop/robot_dc/install/detector/lib/python3.10/site-packages:/opt/ros/humble/lib/python3.10/site-packages:/opt/ros/humble/local/lib/python3.10/dist-packages /usr/bin/python3 -W ignore:setup.py install is deprecated -W ignore:easy_install command is deprecated setup.py egg_info --egg-base ../../../build/modbus_driver build --build-base /home/jetson/Desktop/robot_dc/build/modbus_driver/build install --record /home/jetson/Desktop/robot_dc/build/modbus_driver/install.log --single-version-externally-managed install_data
[2.017s] running egg_info
[2.018s] writing ../../../build/modbus_driver/modbus_driver.egg-info/PKG-INFO
[2.019s] writing dependency_links to ../../../build/modbus_driver/modbus_driver.egg-info/dependency_links.txt
[2.019s] writing entry points to ../../../build/modbus_driver/modbus_driver.egg-info/entry_points.txt
[2.020s] writing requirements to ../../../build/modbus_driver/modbus_driver.egg-info/requires.txt
[2.020s] writing top-level names to ../../../build/modbus_driver/modbus_driver.egg-info/top_level.txt
[2.024s] reading manifest file '../../../build/modbus_driver/modbus_driver.egg-info/SOURCES.txt'
[2.026s] writing manifest file '../../../build/modbus_driver/modbus_driver.egg-info/SOURCES.txt'
[2.026s] running build
[2.026s] running build_py
[2.027s] running install
[2.028s] running install_lib
[2.031s] running install_data
[2.031s] running install_egg_info
[2.037s] removing '/home/jetson/Desktop/robot_dc/install/modbus_driver/lib/python3.10/site-packages/modbus_driver-0.1.0-py3.10.egg-info' (and everything under it)
[2.038s] Copying ../../../build/modbus_driver/modbus_driver.egg-info to /home/jetson/Desktop/robot_dc/install/modbus_driver/lib/python3.10/site-packages/modbus_driver-0.1.0-py3.10.egg-info
[2.040s] running install_scripts
[2.086s] Installing modbus_client_tester script to /home/jetson/Desktop/robot_dc/install/modbus_driver/lib/modbus_driver
[2.087s] Installing modbus_manager_node script to /home/jetson/Desktop/robot_dc/install/modbus_driver/lib/modbus_driver
[2.087s] Installing modbus_simulation_node script to /home/jetson/Desktop/robot_dc/install/modbus_driver/lib/modbus_driver
[2.088s] writing list of installed files to '/home/jetson/Desktop/robot_dc/build/modbus_driver/install.log'
[2.159s] Invoked command in '/home/jetson/Desktop/robot_dc/colcon_ws/src/modbus_driver' returned '0': LD_LIBRARY_PATH=/home/jetson/Desktop/robot_dc/install/modbus_driver_interfaces/lib:/usr/local/cuda-12.6/lib64:/opt/ros/humble/opt/rviz_ogre_vendor/lib:/opt/ros/humble/lib/aarch64-linux-gnu:/opt/ros/humble/lib:/usr/local/cuda-12.6/lib64 PYTHONPATH=/home/jetson/Desktop/robot_dc/build/modbus_driver/prefix_override:/usr/lib/python3/dist-packages/colcon_core/task/python/colcon_distutils_commands:/home/jetson/Desktop/robot_dc/install/modbus_driver/lib/python3.10/site-packages:/home/jetson/Desktop/robot_dc/install/modbus_driver_interfaces/local/lib/python3.10/dist-packages:/home/jetson/Desktop/robot_dc/install/robot_web/lib/python3.10/site-packages:/home/jetson/Desktop/robot_dc/install/robot_teleop/lib/python3.10/site-packages:/home/jetson/Desktop/robot_dc/install/robot_bringup/lib/python3.10/site-packages:/home/jetson/Desktop/robot_dc/install/platform_controller/lib/python3.10/site-packages:/home/jetson/Desktop/robot_dc/install/modbus_driver/lib/python3.10/site-packages:/home/jetson/Desktop/robot_dc/install/leadshine_motor/lib/python3.10/site-packages:/home/jetson/Desktop/robot_dc/install/feetech_servo/lib/python3.10/site-packages:/home/jetson/Desktop/robot_dc/install/modbus_devices/lib/python3.10/site-packages:/home/jetson/Desktop/robot_dc/install/detector/lib/python3.10/site-packages:/opt/ros/humble/lib/python3.10/site-packages:/opt/ros/humble/local/lib/python3.10/dist-packages /usr/bin/python3 -W ignore:setup.py install is deprecated -W ignore:easy_install command is deprecated setup.py egg_info --egg-base ../../../build/modbus_driver build --build-base /home/jetson/Desktop/robot_dc/build/modbus_driver/build install --record /home/jetson/Desktop/robot_dc/build/modbus_driver/install.log --single-version-externally-managed install_data
