[2.883s] Invoking command in '/home/jetson/Desktop/robot_dc/colcon_ws/src/robot_web': PYTHONPATH=/home/jetson/Desktop/robot_dc/build/robot_web/prefix_override:/usr/lib/python3/dist-packages/colcon_core/task/python/colcon_distutils_commands:/home/jetson/Desktop/robot_dc/install/robot_web/lib/python3.10/site-packages:${PYTHONPATH} /usr/bin/python3 -W ignore:setup.py install is deprecated -W ignore:easy_install command is deprecated setup.py egg_info --egg-base ../../../build/robot_web build --build-base /home/jetson/Desktop/robot_dc/build/robot_web/build install --record /home/jetson/Desktop/robot_dc/build/robot_web/install.log --single-version-externally-managed install_data
[3.466s] running egg_info
[3.467s] writing ../../../build/robot_web/robot_web.egg-info/PKG-INFO
[3.468s] writing dependency_links to ../../../build/robot_web/robot_web.egg-info/dependency_links.txt
[3.468s] writing entry points to ../../../build/robot_web/robot_web.egg-info/entry_points.txt
[3.468s] writing requirements to ../../../build/robot_web/robot_web.egg-info/requires.txt
[3.468s] writing top-level names to ../../../build/robot_web/robot_web.egg-info/top_level.txt
[3.473s] reading manifest file '../../../build/robot_web/robot_web.egg-info/SOURCES.txt'
[3.475s] writing manifest file '../../../build/robot_web/robot_web.egg-info/SOURCES.txt'
[3.475s] running build
[3.475s] running build_py
[3.476s] running install
[3.477s] running install_lib
[3.480s] running install_data
[3.481s] running install_egg_info
[3.485s] removing '/home/jetson/Desktop/robot_dc/install/robot_web/lib/python3.10/site-packages/robot_web-0.0.0-py3.10.egg-info' (and everything under it)
[3.486s] Copying ../../../build/robot_web/robot_web.egg-info to /home/jetson/Desktop/robot_dc/install/robot_web/lib/python3.10/site-packages/robot_web-0.0.0-py3.10.egg-info
[3.488s] running install_scripts
[3.539s] Installing ros_bridge script to /home/jetson/Desktop/robot_dc/install/robot_web/lib/robot_web
[3.540s] writing list of installed files to '/home/jetson/Desktop/robot_dc/build/robot_web/install.log'
[3.623s] Invoked command in '/home/jetson/Desktop/robot_dc/colcon_ws/src/robot_web' returned '0': PYTHONPATH=/home/jetson/Desktop/robot_dc/build/robot_web/prefix_override:/usr/lib/python3/dist-packages/colcon_core/task/python/colcon_distutils_commands:/home/jetson/Desktop/robot_dc/install/robot_web/lib/python3.10/site-packages:${PYTHONPATH} /usr/bin/python3 -W ignore:setup.py install is deprecated -W ignore:easy_install command is deprecated setup.py egg_info --egg-base ../../../build/robot_web build --build-base /home/jetson/Desktop/robot_dc/build/robot_web/build install --record /home/jetson/Desktop/robot_dc/build/robot_web/install.log --single-version-externally-managed install_data
