running egg_info
creating ../../../build/feetech_servo/feetech_servo.egg-info
writing ../../../build/feetech_servo/feetech_servo.egg-info/PKG-INFO
writing dependency_links to ../../../build/feetech_servo/feetech_servo.egg-info/dependency_links.txt
writing entry points to ../../../build/feetech_servo/feetech_servo.egg-info/entry_points.txt
writing requirements to ../../../build/feetech_servo/feetech_servo.egg-info/requires.txt
writing top-level names to ../../../build/feetech_servo/feetech_servo.egg-info/top_level.txt
writing manifest file '../../../build/feetech_servo/feetech_servo.egg-info/SOURCES.txt'
reading manifest file '../../../build/feetech_servo/feetech_servo.egg-info/SOURCES.txt'
writing manifest file '../../../build/feetech_servo/feetech_servo.egg-info/SOURCES.txt'
running build
running build_py
creating /home/jetson/Desktop/robot_dc/build/feetech_servo/build
creating /home/jetson/Desktop/robot_dc/build/feetech_servo/build/lib
creating /home/jetson/Desktop/robot_dc/build/feetech_servo/build/lib/feetech_servo
copying feetech_servo/servo_node.py -> /home/jetson/Desktop/robot_dc/build/feetech_servo/build/lib/feetech_servo
copying feetech_servo/__init__.py -> /home/jetson/Desktop/robot_dc/build/feetech_servo/build/lib/feetech_servo
copying feetech_servo/servo_controller.py -> /home/jetson/Desktop/robot_dc/build/feetech_servo/build/lib/feetech_servo
running install
running install_lib
copying /home/jetson/Desktop/robot_dc/build/feetech_servo/build/lib/feetech_servo/servo_node.py -> /home/jetson/Desktop/robot_dc/install/feetech_servo/lib/python3.10/site-packages/feetech_servo
copying /home/jetson/Desktop/robot_dc/build/feetech_servo/build/lib/feetech_servo/__init__.py -> /home/jetson/Desktop/robot_dc/install/feetech_servo/lib/python3.10/site-packages/feetech_servo
copying /home/jetson/Desktop/robot_dc/build/feetech_servo/build/lib/feetech_servo/servo_controller.py -> /home/jetson/Desktop/robot_dc/install/feetech_servo/lib/python3.10/site-packages/feetech_servo
byte-compiling /home/jetson/Desktop/robot_dc/install/feetech_servo/lib/python3.10/site-packages/feetech_servo/servo_node.py to servo_node.cpython-310.pyc
byte-compiling /home/jetson/Desktop/robot_dc/install/feetech_servo/lib/python3.10/site-packages/feetech_servo/servo_controller.py to servo_controller.cpython-310.pyc
running install_data
creating /home/jetson/Desktop/robot_dc/install/feetech_servo/share/ament_index
creating /home/jetson/Desktop/robot_dc/install/feetech_servo/share/ament_index/resource_index
creating /home/jetson/Desktop/robot_dc/install/feetech_servo/share/ament_index/resource_index/packages
copying resource/feetech_servo -> /home/jetson/Desktop/robot_dc/install/feetech_servo/share/ament_index/resource_index/packages
copying package.xml -> /home/jetson/Desktop/robot_dc/install/feetech_servo/share/feetech_servo
copying launch/servo_control_launch.py -> /home/jetson/Desktop/robot_dc/install/feetech_servo/share/feetech_servo/launch
running install_egg_info
Copying ../../../build/feetech_servo/feetech_servo.egg-info to /home/jetson/Desktop/robot_dc/install/feetech_servo/lib/python3.10/site-packages/feetech_servo-0.0.0-py3.10.egg-info
running install_scripts
Installing servo_node script to /home/jetson/Desktop/robot_dc/install/feetech_servo/lib/feetech_servo
writing list of installed files to '/home/jetson/Desktop/robot_dc/build/feetech_servo/install.log'
