[2.710s] Invoking command in '/home/jetson/Desktop/robot_dc/colcon_ws/src/feetech_servo': AMENT_PREFIX_PATH=/home/jetson/Desktop/robot_dc/install/modbus_devices:${AMENT_PREFIX_PATH} PYTHONPATH=/home/jetson/Desktop/robot_dc/build/feetech_servo/prefix_override:/usr/lib/python3/dist-packages/colcon_core/task/python/colcon_distutils_commands:/home/jetson/Desktop/robot_dc/install/feetech_servo/lib/python3.10/site-packages:/home/jetson/Desktop/robot_dc/install/modbus_devices/lib/python3.10/site-packages:${PYTHONPATH} /usr/bin/python3 -W ignore:setup.py install is deprecated -W ignore:easy_install command is deprecated setup.py egg_info --egg-base ../../../build/feetech_servo build --build-base /home/jetson/Desktop/robot_dc/build/feetech_servo/build install --record /home/jetson/Desktop/robot_dc/build/feetech_servo/install.log --single-version-externally-managed install_data
[3.328s] running egg_info
[3.330s] creating ../../../build/feetech_servo/feetech_servo.egg-info
[3.330s] writing ../../../build/feetech_servo/feetech_servo.egg-info/PKG-INFO
[3.330s] writing dependency_links to ../../../build/feetech_servo/feetech_servo.egg-info/dependency_links.txt
[3.331s] writing entry points to ../../../build/feetech_servo/feetech_servo.egg-info/entry_points.txt
[3.331s] writing requirements to ../../../build/feetech_servo/feetech_servo.egg-info/requires.txt
[3.331s] writing top-level names to ../../../build/feetech_servo/feetech_servo.egg-info/top_level.txt
[3.332s] writing manifest file '../../../build/feetech_servo/feetech_servo.egg-info/SOURCES.txt'
[3.351s] reading manifest file '../../../build/feetech_servo/feetech_servo.egg-info/SOURCES.txt'
[3.352s] writing manifest file '../../../build/feetech_servo/feetech_servo.egg-info/SOURCES.txt'
[3.352s] running build
[3.352s] running build_py
[3.352s] creating /home/jetson/Desktop/robot_dc/build/feetech_servo/build
[3.353s] creating /home/jetson/Desktop/robot_dc/build/feetech_servo/build/lib
[3.353s] creating /home/jetson/Desktop/robot_dc/build/feetech_servo/build/lib/feetech_servo
[3.353s] copying feetech_servo/servo_node.py -> /home/jetson/Desktop/robot_dc/build/feetech_servo/build/lib/feetech_servo
[3.354s] copying feetech_servo/__init__.py -> /home/jetson/Desktop/robot_dc/build/feetech_servo/build/lib/feetech_servo
[3.354s] copying feetech_servo/servo_controller.py -> /home/jetson/Desktop/robot_dc/build/feetech_servo/build/lib/feetech_servo
[3.355s] running install
[3.356s] running install_lib
[3.359s] copying /home/jetson/Desktop/robot_dc/build/feetech_servo/build/lib/feetech_servo/servo_node.py -> /home/jetson/Desktop/robot_dc/install/feetech_servo/lib/python3.10/site-packages/feetech_servo
[3.360s] copying /home/jetson/Desktop/robot_dc/build/feetech_servo/build/lib/feetech_servo/__init__.py -> /home/jetson/Desktop/robot_dc/install/feetech_servo/lib/python3.10/site-packages/feetech_servo
[3.361s] copying /home/jetson/Desktop/robot_dc/build/feetech_servo/build/lib/feetech_servo/servo_controller.py -> /home/jetson/Desktop/robot_dc/install/feetech_servo/lib/python3.10/site-packages/feetech_servo
[3.364s] byte-compiling /home/jetson/Desktop/robot_dc/install/feetech_servo/lib/python3.10/site-packages/feetech_servo/servo_node.py to servo_node.cpython-310.pyc
[3.372s] byte-compiling /home/jetson/Desktop/robot_dc/install/feetech_servo/lib/python3.10/site-packages/feetech_servo/servo_controller.py to servo_controller.cpython-310.pyc
[3.376s] running install_data
[3.377s] creating /home/jetson/Desktop/robot_dc/install/feetech_servo/share/ament_index
[3.377s] creating /home/jetson/Desktop/robot_dc/install/feetech_servo/share/ament_index/resource_index
[3.377s] creating /home/jetson/Desktop/robot_dc/install/feetech_servo/share/ament_index/resource_index/packages
[3.377s] copying resource/feetech_servo -> /home/jetson/Desktop/robot_dc/install/feetech_servo/share/ament_index/resource_index/packages
[3.378s] copying package.xml -> /home/jetson/Desktop/robot_dc/install/feetech_servo/share/feetech_servo
[3.379s] copying launch/servo_control_launch.py -> /home/jetson/Desktop/robot_dc/install/feetech_servo/share/feetech_servo/launch
[3.380s] running install_egg_info
[3.389s] Copying ../../../build/feetech_servo/feetech_servo.egg-info to /home/jetson/Desktop/robot_dc/install/feetech_servo/lib/python3.10/site-packages/feetech_servo-0.0.0-py3.10.egg-info
[3.400s] running install_scripts
[3.457s] Installing servo_node script to /home/jetson/Desktop/robot_dc/install/feetech_servo/lib/feetech_servo
[3.458s] writing list of installed files to '/home/jetson/Desktop/robot_dc/build/feetech_servo/install.log'
[3.694s] Invoked command in '/home/jetson/Desktop/robot_dc/colcon_ws/src/feetech_servo' returned '0': AMENT_PREFIX_PATH=/home/jetson/Desktop/robot_dc/install/modbus_devices:${AMENT_PREFIX_PATH} PYTHONPATH=/home/jetson/Desktop/robot_dc/build/feetech_servo/prefix_override:/usr/lib/python3/dist-packages/colcon_core/task/python/colcon_distutils_commands:/home/jetson/Desktop/robot_dc/install/feetech_servo/lib/python3.10/site-packages:/home/jetson/Desktop/robot_dc/install/modbus_devices/lib/python3.10/site-packages:${PYTHONPATH} /usr/bin/python3 -W ignore:setup.py install is deprecated -W ignore:easy_install command is deprecated setup.py egg_info --egg-base ../../../build/feetech_servo build --build-base /home/jetson/Desktop/robot_dc/build/feetech_servo/build install --record /home/jetson/Desktop/robot_dc/build/feetech_servo/install.log --single-version-externally-managed install_data
