running egg_info
creating ../../../build/modbus_driver/modbus_driver.egg-info
writing ../../../build/modbus_driver/modbus_driver.egg-info/PKG-INFO
writing dependency_links to ../../../build/modbus_driver/modbus_driver.egg-info/dependency_links.txt
writing entry points to ../../../build/modbus_driver/modbus_driver.egg-info/entry_points.txt
writing requirements to ../../../build/modbus_driver/modbus_driver.egg-info/requires.txt
writing top-level names to ../../../build/modbus_driver/modbus_driver.egg-info/top_level.txt
writing manifest file '../../../build/modbus_driver/modbus_driver.egg-info/SOURCES.txt'
reading manifest file '../../../build/modbus_driver/modbus_driver.egg-info/SOURCES.txt'
writing manifest file '../../../build/modbus_driver/modbus_driver.egg-info/SOURCES.txt'
running build
running build_py
creating /home/jetson/Desktop/robot_dc/build/modbus_driver/build
creating /home/jetson/Desktop/robot_dc/build/modbus_driver/build/lib
creating /home/jetson/Desktop/robot_dc/build/modbus_driver/build/lib/modbus_driver
copying modbus_driver/modbus_simulation_node.py -> /home/jetson/Desktop/robot_dc/build/modbus_driver/build/lib/modbus_driver
copying modbus_driver/modbus_client_tester.py -> /home/jetson/Desktop/robot_dc/build/modbus_driver/build/lib/modbus_driver
copying modbus_driver/__init__.py -> /home/jetson/Desktop/robot_dc/build/modbus_driver/build/lib/modbus_driver
copying modbus_driver/modbus_manager_node.py -> /home/jetson/Desktop/robot_dc/build/modbus_driver/build/lib/modbus_driver
running install
running install_lib
copying /home/jetson/Desktop/robot_dc/build/modbus_driver/build/lib/modbus_driver/modbus_simulation_node.py -> /home/jetson/Desktop/robot_dc/install/modbus_driver/lib/python3.10/site-packages/modbus_driver
copying /home/jetson/Desktop/robot_dc/build/modbus_driver/build/lib/modbus_driver/modbus_client_tester.py -> /home/jetson/Desktop/robot_dc/install/modbus_driver/lib/python3.10/site-packages/modbus_driver
copying /home/jetson/Desktop/robot_dc/build/modbus_driver/build/lib/modbus_driver/__init__.py -> /home/jetson/Desktop/robot_dc/install/modbus_driver/lib/python3.10/site-packages/modbus_driver
copying /home/jetson/Desktop/robot_dc/build/modbus_driver/build/lib/modbus_driver/modbus_manager_node.py -> /home/jetson/Desktop/robot_dc/install/modbus_driver/lib/python3.10/site-packages/modbus_driver
byte-compiling /home/jetson/Desktop/robot_dc/install/modbus_driver/lib/python3.10/site-packages/modbus_driver/modbus_client_tester.py to modbus_client_tester.cpython-310.pyc
byte-compiling /home/jetson/Desktop/robot_dc/install/modbus_driver/lib/python3.10/site-packages/modbus_driver/modbus_manager_node.py to modbus_manager_node.cpython-310.pyc
running install_data
creating /home/jetson/Desktop/robot_dc/install/modbus_driver/share/ament_index
creating /home/jetson/Desktop/robot_dc/install/modbus_driver/share/ament_index/resource_index
creating /home/jetson/Desktop/robot_dc/install/modbus_driver/share/ament_index/resource_index/packages
copying resource/modbus_driver -> /home/jetson/Desktop/robot_dc/install/modbus_driver/share/ament_index/resource_index/packages
copying package.xml -> /home/jetson/Desktop/robot_dc/install/modbus_driver/share/modbus_driver
copying launch/modbus_manager_launch.py -> /home/jetson/Desktop/robot_dc/install/modbus_driver/share/modbus_driver/launch
copying launch/modbus_simulation_launch.py -> /home/jetson/Desktop/robot_dc/install/modbus_driver/share/modbus_driver/launch
running install_egg_info
Copying ../../../build/modbus_driver/modbus_driver.egg-info to /home/jetson/Desktop/robot_dc/install/modbus_driver/lib/python3.10/site-packages/modbus_driver-0.1.0-py3.10.egg-info
running install_scripts
Installing modbus_client_tester script to /home/jetson/Desktop/robot_dc/install/modbus_driver/lib/modbus_driver
Installing modbus_manager_node script to /home/jetson/Desktop/robot_dc/install/modbus_driver/lib/modbus_driver
Installing modbus_simulation_node script to /home/jetson/Desktop/robot_dc/install/modbus_driver/lib/modbus_driver
writing list of installed files to '/home/jetson/Desktop/robot_dc/build/modbus_driver/install.log'
