[1.412s] Invoking command in '/home/jetson/Desktop/robot_dc/colcon_ws/src/modbus_driver': CMAKE_PREFIX_PATH=/home/jetson/Desktop/robot_dc/install/modbus_driver_interfaces LD_LIBRARY_PATH=/home/jetson/Desktop/robot_dc/install/modbus_driver_interfaces/lib:/usr/local/cuda-12.6/lib64:/opt/ros/humble/opt/rviz_ogre_vendor/lib:/opt/ros/humble/lib/aarch64-linux-gnu:/opt/ros/humble/lib:/usr/local/cuda-12.6/lib64 PKG_CONFIG_PATH=/home/jetson/Desktop/robot_dc/install/modbus_driver_interfaces/lib/aarch64-linux-gnu/pkgconfig:/home/jetson/Desktop/robot_dc/install/modbus_driver_interfaces/lib/pkgconfig PYTHONPATH=/home/jetson/Desktop/robot_dc/build/modbus_driver/prefix_override:/usr/lib/python3/dist-packages/colcon_core/task/python/colcon_distutils_commands:/home/jetson/Desktop/robot_dc/install/modbus_driver/lib/python3.10/site-packages:/home/jetson/Desktop/robot_dc/install/modbus_driver_interfaces/local/lib/python3.10/dist-packages:${PYTHONPATH} ROS_PACKAGE_PATH=/home/jetson/Desktop/robot_dc/install/modbus_driver_interfaces/share /usr/bin/python3 -W ignore:setup.py install is deprecated -W ignore:easy_install command is deprecated setup.py egg_info --egg-base ../../../build/modbus_driver build --build-base /home/jetson/Desktop/robot_dc/build/modbus_driver/build install --record /home/jetson/Desktop/robot_dc/build/modbus_driver/install.log --single-version-externally-managed install_data
[1.954s] running egg_info
[1.955s] creating ../../../build/modbus_driver/modbus_driver.egg-info
[1.956s] writing ../../../build/modbus_driver/modbus_driver.egg-info/PKG-INFO
[1.956s] writing dependency_links to ../../../build/modbus_driver/modbus_driver.egg-info/dependency_links.txt
[1.957s] writing entry points to ../../../build/modbus_driver/modbus_driver.egg-info/entry_points.txt
[1.957s] writing requirements to ../../../build/modbus_driver/modbus_driver.egg-info/requires.txt
[1.957s] writing top-level names to ../../../build/modbus_driver/modbus_driver.egg-info/top_level.txt
[1.958s] writing manifest file '../../../build/modbus_driver/modbus_driver.egg-info/SOURCES.txt'
[1.961s] reading manifest file '../../../build/modbus_driver/modbus_driver.egg-info/SOURCES.txt'
[1.963s] writing manifest file '../../../build/modbus_driver/modbus_driver.egg-info/SOURCES.txt'
[1.963s] running build
[1.964s] running build_py
[1.964s] creating /home/jetson/Desktop/robot_dc/build/modbus_driver/build
[1.964s] creating /home/jetson/Desktop/robot_dc/build/modbus_driver/build/lib
[1.964s] creating /home/jetson/Desktop/robot_dc/build/modbus_driver/build/lib/modbus_driver
[1.964s] copying modbus_driver/modbus_simulation_node.py -> /home/jetson/Desktop/robot_dc/build/modbus_driver/build/lib/modbus_driver
[1.964s] copying modbus_driver/modbus_client_tester.py -> /home/jetson/Desktop/robot_dc/build/modbus_driver/build/lib/modbus_driver
[1.965s] copying modbus_driver/__init__.py -> /home/jetson/Desktop/robot_dc/build/modbus_driver/build/lib/modbus_driver
[1.966s] copying modbus_driver/modbus_manager_node.py -> /home/jetson/Desktop/robot_dc/build/modbus_driver/build/lib/modbus_driver
[1.966s] running install
[1.966s] running install_lib
[1.968s] copying /home/jetson/Desktop/robot_dc/build/modbus_driver/build/lib/modbus_driver/modbus_simulation_node.py -> /home/jetson/Desktop/robot_dc/install/modbus_driver/lib/python3.10/site-packages/modbus_driver
[1.968s] copying /home/jetson/Desktop/robot_dc/build/modbus_driver/build/lib/modbus_driver/modbus_client_tester.py -> /home/jetson/Desktop/robot_dc/install/modbus_driver/lib/python3.10/site-packages/modbus_driver
[1.969s] copying /home/jetson/Desktop/robot_dc/build/modbus_driver/build/lib/modbus_driver/__init__.py -> /home/jetson/Desktop/robot_dc/install/modbus_driver/lib/python3.10/site-packages/modbus_driver
[1.969s] copying /home/jetson/Desktop/robot_dc/build/modbus_driver/build/lib/modbus_driver/modbus_manager_node.py -> /home/jetson/Desktop/robot_dc/install/modbus_driver/lib/python3.10/site-packages/modbus_driver
[1.970s] byte-compiling /home/jetson/Desktop/robot_dc/install/modbus_driver/lib/python3.10/site-packages/modbus_driver/modbus_client_tester.py to modbus_client_tester.cpython-310.pyc
[1.972s] byte-compiling /home/jetson/Desktop/robot_dc/install/modbus_driver/lib/python3.10/site-packages/modbus_driver/modbus_manager_node.py to modbus_manager_node.cpython-310.pyc
[1.974s] running install_data
[1.975s] creating /home/jetson/Desktop/robot_dc/install/modbus_driver/share/ament_index
[1.975s] creating /home/jetson/Desktop/robot_dc/install/modbus_driver/share/ament_index/resource_index
[1.975s] creating /home/jetson/Desktop/robot_dc/install/modbus_driver/share/ament_index/resource_index/packages
[1.976s] copying resource/modbus_driver -> /home/jetson/Desktop/robot_dc/install/modbus_driver/share/ament_index/resource_index/packages
[1.976s] copying package.xml -> /home/jetson/Desktop/robot_dc/install/modbus_driver/share/modbus_driver
[1.976s] copying launch/modbus_manager_launch.py -> /home/jetson/Desktop/robot_dc/install/modbus_driver/share/modbus_driver/launch
[1.976s] copying launch/modbus_simulation_launch.py -> /home/jetson/Desktop/robot_dc/install/modbus_driver/share/modbus_driver/launch
[1.976s] running install_egg_info
[1.981s] Copying ../../../build/modbus_driver/modbus_driver.egg-info to /home/jetson/Desktop/robot_dc/install/modbus_driver/lib/python3.10/site-packages/modbus_driver-0.1.0-py3.10.egg-info
[1.983s] running install_scripts
[2.029s] Installing modbus_client_tester script to /home/jetson/Desktop/robot_dc/install/modbus_driver/lib/modbus_driver
[2.030s] Installing modbus_manager_node script to /home/jetson/Desktop/robot_dc/install/modbus_driver/lib/modbus_driver
[2.030s] Installing modbus_simulation_node script to /home/jetson/Desktop/robot_dc/install/modbus_driver/lib/modbus_driver
[2.031s] writing list of installed files to '/home/jetson/Desktop/robot_dc/build/modbus_driver/install.log'
[2.104s] Invoked command in '/home/jetson/Desktop/robot_dc/colcon_ws/src/modbus_driver' returned '0': CMAKE_PREFIX_PATH=/home/jetson/Desktop/robot_dc/install/modbus_driver_interfaces LD_LIBRARY_PATH=/home/jetson/Desktop/robot_dc/install/modbus_driver_interfaces/lib:/usr/local/cuda-12.6/lib64:/opt/ros/humble/opt/rviz_ogre_vendor/lib:/opt/ros/humble/lib/aarch64-linux-gnu:/opt/ros/humble/lib:/usr/local/cuda-12.6/lib64 PKG_CONFIG_PATH=/home/jetson/Desktop/robot_dc/install/modbus_driver_interfaces/lib/aarch64-linux-gnu/pkgconfig:/home/jetson/Desktop/robot_dc/install/modbus_driver_interfaces/lib/pkgconfig PYTHONPATH=/home/jetson/Desktop/robot_dc/build/modbus_driver/prefix_override:/usr/lib/python3/dist-packages/colcon_core/task/python/colcon_distutils_commands:/home/jetson/Desktop/robot_dc/install/modbus_driver/lib/python3.10/site-packages:/home/jetson/Desktop/robot_dc/install/modbus_driver_interfaces/local/lib/python3.10/dist-packages:${PYTHONPATH} ROS_PACKAGE_PATH=/home/jetson/Desktop/robot_dc/install/modbus_driver_interfaces/share /usr/bin/python3 -W ignore:setup.py install is deprecated -W ignore:easy_install command is deprecated setup.py egg_info --egg-base ../../../build/modbus_driver build --build-base /home/jetson/Desktop/robot_dc/build/modbus_driver/build install --record /home/jetson/Desktop/robot_dc/build/modbus_driver/install.log --single-version-externally-managed install_data
